[
  {
    "built_with_features": null,
    "command": {
      "args": [
        "build",
        "--target",
        "thumbv7m-none-eabi",
        "--no-default-features"
      ],
      "code": 101,
      "stderr": "warning: `default_features` is deprecated in favor of `default-features` and will not work in the 2024 edition\n(in the `c2rust-bitfields` dependency)\n   Compiling adxl345_driver2 v2.0.0 (/Users/graysonnocera/Downloads/695-Project/dataset/nostd-failed-crates/crates/adxl345_driver2-2.0.0)\nerror[E0463]: can't find crate for `std`\n  |\n  = note: the `thumbv7m-none-eabi` target may not support the standard library\n  = note: `std` is required by `adxl345_driver2` because it does not declare `#![no_std]`\n\nerror: cannot find attribute `derive` in this scope\n   --> src/cmd.rs:664:7\n    |\n664 |     #[derive(Default)]\n    |       ^^^^^^\n    |\nhelp: consider importing this attribute macro\n    |\n63  + use core::prelude::rust_2024::derive;\n    |\n\nerror: cannot find attribute `derive` in this scope\n   --> src/cmd.rs:658:1\n    |\n658 | / bitflags! {\n659 | |     /// Activity mode bit flags used in [activity_control()] and\n660 | |     /// [set_activity_control()] methods.\n661 | |     ///\n...   |\n698 | |     }\n699 | | }\n    | |_^\n    |\n    = note: this error originates in the macro `$crate::__declare_internal_bitflags` which comes from the expansion of the macro `bitflags` (in Nightly builds, run with -Z macro-backtrace for more info)\nhelp: consider importing this attribute macro\n    |\n63  + use core::prelude::rust_2024::derive;\n    |\n\nerror: cannot find attribute `derive` in this scope\n   --> src/cmd.rs:702:1\n    |\n702 | / bitflags! {\n703 | |     /// Activity/Tap Status bit flags returned by [activity_tap_status()] method.\n704 | |     ///\n705 | |     /// The register should be read before clearing the interrupt.\n...   |\n723 | |     }\n724 | | }\n    | |_^\n    |\n    = note: this error originates in the macro `$crate::__declare_internal_bitflags` which comes from the expansion of the macro `bitflags` (in Nightly builds, run with -Z macro-backtrace for more info)\nhelp: consider importing this attribute macro\n    |\n63  + use core::prelude::rust_2024::derive;\n    |\n\nerror: cannot find attribute `derive` in this scope\n   --> src/cmd.rs:732:3\n    |\n732 | #[derive(BitfieldStruct, Clone, Copy)]\n    |   ^^^^^^\n    |\nhelp: consider importing this attribute macro\n    |\n63  + use core::prelude::rust_2024::derive;\n    |\n\nerror: cannot find attribute `bitfield` in this scope\n   --> src/cmd.rs:764:7\n    |\n764 |     #[bitfield(name = \"low_power\", ty = \"bool\", bits = \"4..=4\")]\n    |       ^^^^^^^^\n\nerror: cannot find attribute `bitfield` in this scope\n   --> src/cmd.rs:765:7\n    |\n765 |     #[bitfield(name = \"rate\", ty = \"u8\", bits = \"0..=3\")]\n    |       ^^^^^^^^\n\nerror: cannot find attribute `derive` in this scope\n   --> src/cmd.rs:791:3\n    |\n791 | #[derive(BitfieldStruct, Clone, Copy)]\n    |   ^^^^^^\n    |\nhelp: consider importing this attribute macro\n    |\n63  + use core::prelude::rust_2024::derive;\n    |\n\nerror: cannot find attribute `bitfield` in this scope\n   --> src/cmd.rs:820:7\n    |\n820 |     #[bitfield(name = \"self_test\", ty = \"bool\", bits = \"7..=7\")]\n    |       ^^^^^^^^\n\nerror: cannot find attribute `bitfield` in this scope\n   --> src/cmd.rs:821:7\n    |\n821 |     #[bitfield(name = \"spi\", ty = \"bool\", bits = \"6..=6\")]\n    |       ^^^^^^^^\n\nerror: cannot find attribute `bitfield` in this scope\n   --> src/cmd.rs:822:7\n    |\n822 |     #[bitfield(name = \"int_invert\", ty = \"bool\", bits = \"5..=5\")]\n    |       ^^^^^^^^\n\nerror: cannot find attribute `bitfield` in this scope\n   --> src/cmd.rs:823:7\n    |\n823 |     #[bitfield(name = \"full_res\", ty = \"bool\", bits = \"3..=3\")]\n    |       ^^^^^^^^\n\nerror: cannot find attribute `bitfield` in this scope\n   --> src/cmd.rs:824:7\n    |\n824 |     #[bitfield(name = \"justify\", ty = \"bool\", bits = \"2..=2\")]\n    |       ^^^^^^^^\n\nerror: cannot find attribute `bitfield` in this scope\n   --> src/cmd.rs:825:7\n    |\n825 |     #[bitfield(name = \"range\", ty = \"u8\", bits = \"0..=1\")]\n    |       ^^^^^^^^\n\nerror: cannot find attribute `derive` in this scope\n   --> src/cmd.rs:848:3\n    |\n848 | #[derive(BitfieldStruct, Clone, Copy)]\n    |   ^^^^^^\n    |\nhelp: consider importing this attribute macro\n    |\n63  + use core::prelude::rust_2024::derive;\n    |\n\nerror: cannot find attribute `bitfield` in this scope\n   --> src/cmd.rs:877:7\n    |\n877 |     #[bitfield(name = \"fifo_mode\", ty = \"u8\", bits = \"6..=7\")]\n    |       ^^^^^^^^\n\nerror: cannot find attribute `bitfield` in this scope\n   --> src/cmd.rs:878:7\n    |\n878 |     #[bitfield(name = \"trigger\", ty = \"bool\", bits = \"5..=5\")]\n    |       ^^^^^^^^\n\nerror: cannot find attribute `bitfield` in this scope\n   --> src/cmd.rs:879:7\n    |\n879 |     #[bitfield(name = \"samples\", ty = \"u8\", bits = \"0..=4\")]\n    |       ^^^^^^^^\n\nerror: cannot find attribute `derive` in this scope\n   --> src/cmd.rs:893:3\n    |\n893 | #[derive(BitfieldStruct, Clone, Copy)]\n    |   ^^^^^^\n    |\nhelp: consider importing this attribute macro\n    |\n63  + use core::prelude::rust_2024::derive;\n    |\n\nerror: cannot find attribute `bitfield` in this scope\n   --> src/cmd.rs:900:7\n    |\n900 |     #[bitfield(name = \"fifo_trigger\", ty = \"bool\", bits = \"7..=7\")]\n    |       ^^^^^^^^\n\nerror: cannot find attribute `bitfield` in this scope\n   --> src/cmd.rs:901:7\n    |\n901 |     #[bitfield(name = \"entries\", ty = \"u8\", bits = \"0..=5\")]\n    |       ^^^^^^^^\n\nerror: cannot find attribute `derive` in this scope\n   --> src/cmd.rs:925:7\n    |\n925 |     #[derive(Default)]\n    |       ^^^^^^\n    |\nhelp: consider importing this attribute macro\n    |\n63  + use core::prelude::rust_2024::derive;\n    |\n\nerror: cannot find attribute `derive` in this scope\n   --> src/cmd.rs:919:1\n    |\n919 | / bitflags! {\n920 | |     /// Interrupt enable control bit flags use by [interrupt_control()] and\n921 | |     /// [set_interrupt_control()] methods.\n922 | |     ///\n...   |\n965 | |     }\n966 | | }\n    | |_^\n    |\n    = note: this error originates in the macro `$crate::__declare_internal_bitflags` which comes from the expansion of the macro `bitflags` (in Nightly builds, run with -Z macro-backtrace for more info)\nhelp: consider importing this attribute macro\n    |\n63  + use core::prelude::rust_2024::derive;\n    |\n\nerror: cannot find attribute `derive` in this scope\n   --> src/cmd.rs:974:7\n    |\n974 |     #[derive(Default)]\n    |       ^^^^^^\n    |\nhelp: consider importing this attribute macro\n    |\n63  + use core::prelude::rust_2024::derive;\n    |\n\nerror: cannot find attribute `derive` in this scope\n    --> src/cmd.rs:969:1\n     |\n969  | / bitflags! {\n970  | |     /// Interrupt map bit flags use by [interrupt_map()] and [set_interrupt_map()] methods.\n971  | |     ///\n972  | |     /// [interrupt_map()]: trait.Adxl345Reader.html#method.interrupt_map\n...    |\n1008 | |     }\n1009 | | }\n     | |_^\n     |\n     = note: this error originates in the macro `$crate::__declare_internal_bitflags` which comes from the expansion of the macro `bitflags` (in Nightly builds, run with -Z macro-backtrace for more info)\nhelp: consider importing this attribute macro\n     |\n63   + use core::prelude::rust_2024::derive;\n     |\n\nerror: cannot find attribute `derive` in this scope\n    --> src/cmd.rs:1016:7\n     |\n1016 |     #[derive(Default)]\n     |       ^^^^^^\n     |\nhelp: consider importing this attribute macro\n     |\n63   + use core::prelude::rust_2024::derive;\n     |\n\nerror: cannot find attribute `derive` in this scope\n    --> src/cmd.rs:1012:1\n     |\n1012 | / bitflags! {\n1013 | |     /// Interrupt source bit flags use by [interrupt_source()] method.\n1014 | |     ///\n1015 | |     /// [interrupt_source()]: trait.Adxl345Reader.html#method.interrupt_source\n...    |\n1058 | |     }\n1059 | | }\n     | |_^\n     |\n     = note: this error originates in the macro `$crate::__declare_internal_bitflags` which comes from the expansion of the macro `bitflags` (in Nightly builds, run with -Z macro-backtrace for more info)\nhelp: consider importing this attribute macro\n     |\n63   + use core::prelude::rust_2024::derive;\n     |\n\nerror: cannot find attribute `derive` in this scope\n    --> src/cmd.rs:1067:3\n     |\n1067 | #[derive(BitfieldStruct, Clone, Copy)]\n     |   ^^^^^^\n     |\nhelp: consider importing this attribute macro\n     |\n63   + use core::prelude::rust_2024::derive;\n     |\n\nerror: cannot find attribute `bitfield` in this scope\n    --> src/cmd.rs:1095:7\n     |\n1095 |     #[bitfield(name = \"link\", ty = \"bool\", bits = \"5..=5\")]\n     |       ^^^^^^^^\n\nerror: cannot find attribute `bitfield` in this scope\n    --> src/cmd.rs:1096:7\n     |\n1096 |     #[bitfield(name = \"auto_sleep\", ty = \"bool\", bits = \"4..=4\")]\n     |       ^^^^^^^^\n\nerror: cannot find attribute `bitfield` in this scope\n    --> src/cmd.rs:1097:7\n     |\n1097 |     #[bitfield(name = \"measure\", ty = \"bool\", bits = \"3..=3\")]\n     |       ^^^^^^^^\n\nerror: cannot find attribute `bitfield` in this scope\n    --> src/cmd.rs:1098:7\n     |\n1098 |     #[bitfield(name = \"sleep\", ty = \"bool\", bits = \"2..=2\")]\n     |       ^^^^^^^^\n\nerror: cannot find attribute `bitfield` in this scope\n    --> src/cmd.rs:1099:7\n     |\n1099 |     #[bitfield(name = \"wakeup\", ty = \"u8\", bits = \"0..=1\")]\n     |       ^^^^^^^^\n\nerror: cannot find attribute `derive` in this scope\n    --> src/cmd.rs:1122:3\n     |\n1122 | #[derive(Debug, Clone, Copy)]\n     |   ^^^^^^\n     |\nhelp: consider importing this attribute macro\n     |\n63   + use core::prelude::rust_2024::derive;\n     |\n\nerror: cannot find attribute `derive` in this scope\n    --> src/cmd.rs:1212:7\n     |\n1212 |     #[derive(Default)]\n     |       ^^^^^^\n     |\nhelp: consider importing this attribute macro\n     |\n63   + use core::prelude::rust_2024::derive;\n     |\n\nerror: cannot find attribute `derive` in this scope\n    --> src/cmd.rs:1206:1\n     |\n1206 | / bitflags! {\n1207 | |     /// Tap axis mode bit flags used in [tap_control()] and [set_tap_control()]\n1208 | |     /// methods.\n1209 | |     ///\n...    |\n1232 | |     }\n1233 | | }\n     | |_^\n     |\n     = note: this error originates in the macro `$crate::__declare_internal_bitflags` which comes from the expansion of the macro `bitflags` (in Nightly builds, run with -Z macro-backtrace for more info)\nhelp: consider importing this attribute macro\n     |\n63   + use core::prelude::rust_2024::derive;\n     |\n\nerror: cannot find attribute `derive` in this scope\n  --> src/error.rs:27:3\n   |\n27 | #[derive(Debug)]\n   |   ^^^^^^\n   |\nhelp: consider importing this attribute macro\n   |\n26 + use core::prelude::rust_2024::derive;\n   |\n\nerror: cannot find macro `write` in this scope\n  --> src/error.rs:43:17\n   |\n43 |                 write!(f, \"Attempted illegal write to address {}\", addr)\n   |                 ^^^^^\n   |\nhelp: consider importing this macro\n   |\n26 + use core::write;\n   |\n\nerror: cannot find macro `write` in this scope\n  --> src/error.rs:45:33\n   |\n45 |             AdxlError::I2c() => write!(f, \"IÂ²C interface access failed\"),\n   |                                 ^^^^^\n   |\nhelp: consider importing this macro\n   |\n26 + use core::write;\n   |\n\nerror: cannot find macro `write` in this scope\n  --> src/error.rs:46:33\n   |\n46 |             AdxlError::Spi() => write!(f, \"SPI interface access failed\"),\n   |                                 ^^^^^\n   |\nhelp: consider importing this macro\n   |\n26 + use core::write;\n   |\n\nerror: cannot find macro `write` in this scope\n  --> src/error.rs:47:49\n   |\n47 |             AdxlError::UnknownModeBit(value) => write!(\n   |                                                 ^^^^^\n   |\nhelp: consider importing this macro\n   |\n26 + use core::write;\n   |\n\nerror: cannot find attribute `derive` in this scope\n  --> src/i2c.rs:33:3\n   |\n33 | #[derive(Debug)]\n   |   ^^^^^^\n   |\nhelp: consider importing this attribute macro\n   |\n26 + use core::prelude::rust_2024::derive;\n   |\n\nerror: cannot find attribute `derive` in this scope\n  --> src/spi.rs:33:3\n   |\n33 | #[derive(Debug)]\n   |   ^^^^^^\n   |\nhelp: consider importing this attribute macro\n   |\n26 + use core::prelude::rust_2024::derive;\n   |\n\nerror: cannot find macro `debug_assert` in this scope\n  --> src/spi.rs:69:9\n   |\n69 |         debug_assert!(register <= 0x7F);\n   |         ^^^^^^^^^^^^\n   |\nhelp: consider importing this macro\n   |\n26 + use core::debug_assert;\n   |\n\nerror: cannot find macro `debug_assert` in this scope\n  --> src/spi.rs:79:9\n   |\n79 |         debug_assert!(register <= 0x7F);\n   |         ^^^^^^^^^^^^\n   |\nhelp: consider importing this macro\n   |\n26 + use core::debug_assert;\n   |\n\nerror: cannot find macro `debug_assert` in this scope\n   --> src/spi.rs:101:9\n    |\n101 |         debug_assert!(register <= 0x7F);\n    |         ^^^^^^^^^^^^\n    |\nhelp: consider importing this macro\n    |\n26  + use core::debug_assert;\n    |\n\nerror[E0463]: can't find crate for `std`\n  --> src/error.rs:57:6\n   |\n57 | impl std::error::Error for AdxlError {}\n   |      ^^^ can't find crate\n   |\n   = note: the `thumbv7m-none-eabi` target may not support the standard library\n\nerror[E0425]: cannot find function, tuple struct or tuple variant `Ok` in this scope\n  --> src/cmd.rs:97:9\n   |\n97 |         Ok((self.free_fall_threshold()?, self.free_fall_time()?))\n   |         ^^ not found in this scope\n   |\nhelp: consider importing this tuple variant\n   |\n63 + use core::result::Result::Ok;\n   |\n\nerror[E0425]: cannot find function, tuple struct or tuple variant `Ok` in this scope\n   --> src/cmd.rs:101:9\n    |\n101 |         Ok((self.x_offset()?, self.y_offset()?, self.z_offset()?))\n    |         ^^ not found in this scope\n    |\nhelp: consider importing this tuple variant\n    |\n63  + use core::result::Result::Ok;\n    |\n\nerror[E0425]: cannot find function, tuple struct or tuple variant `Ok` in this scope\n   --> src/cmd.rs:115:9\n    |\n115 |         Ok(values.into())\n    |         ^^ not found in this scope\n    |\nhelp: consider importing this tuple variant\n    |\n63  + use core::result::Result::Ok;\n    |\n\nerror[E0425]: cannot find function, tuple struct or tuple variant `Ok` in this scope\n   --> src/cmd.rs:125:9\n    |\n125 |         Ok(result)\n    |         ^^ not found in this scope\n    |\nhelp: consider importing this tuple variant\n    |\n63  + use core::result::Result::Ok;\n    |\n\nerror[E0425]: cannot find function, tuple struct or tuple variant `Ok` in this scope\n   --> src/cmd.rs:143:9\n    |\n143 |         Ok(result)\n    |         ^^ not found in this scope\n    |\nhelp: consider importing this tuple variant\n    |\n63  + use core::result::Result::Ok;\n    |\n\nerror[E0425]: cannot find function, tuple struct or tuple variant `Ok` in this scope\n   --> src/cmd.rs:173:9\n    |\n173 |         Ok(self.access(register)?.into())\n    |         ^^ not found in this scope\n    |\nhelp: consider importing this tuple variant\n    |\n63  + use core::result::Result::Ok;\n    |\n\nerror[E0425]: cannot find function, tuple struct or tuple variant `Ok` in this scope\n   --> src/cmd.rs:195:9\n    |\n195 |         Ok(result)\n    |         ^^ not found in this scope\n    |\nhelp: consider importing this tuple variant\n    |\n63  + use core::result::Result::Ok;\n    |\n\nerror[E0425]: cannot find function, tuple struct or tuple variant `Ok` in this scope\n   --> src/cmd.rs:202:9\n    |\n202 |         Ok(result)\n    |         ^^ not found in this scope\n    |\nhelp: consider importing this tuple variant\n    |\n63  + use core::result::Result::Ok;\n    |\n\nerror[E0425]: cannot find function, tuple struct or tuple variant `Ok` in this scope\n   --> src/cmd.rs:209:9\n    |\n209 |         Ok(result)\n    |         ^^ not found in this scope\n    |\nhelp: consider importing this tuple variant\n    |\n63  + use core::result::Result::Ok;\n    |\n\nerror[E0425]: cannot find function, tuple struct or tuple variant `Ok` in this scope\n   --> src/cmd.rs:221:9\n    |\n221 |         Ok(result)\n    |         ^^ not found in this scope\n    |\nhelp: consider importing this tuple variant\n    |\n63  + use core::result::Result::Ok;\n    |\n\nerror[E0425]: cannot find function, tuple struct or tuple variant `Ok` in this scope\n   --> src/cmd.rs:246:9\n    |\n246 |         Ok(self.access(register)? as i8)\n    |         ^^ not found in this scope\n    |\nhelp: consider importing this tuple variant\n    |\n63  + use core::result::Result::Ok;\n    |\n\nerror[E0425]: cannot find function, tuple struct or tuple variant `Ok` in this scope\n   --> src/cmd.rs:251:9\n    |\n251 |         Ok(self.access(register)? as i8)\n    |         ^^ not found in this scope\n    |\nhelp: consider importing this tuple variant\n    |\n63  + use core::result::Result::Ok;\n    |\n\nerror[E0425]: cannot find function, tuple struct or tuple variant `Ok` in this scope\n   --> src/cmd.rs:256:9\n    |\n256 |         Ok(self.access(register)? as i8)\n    |         ^^ not found in this scope\n    |\nhelp: consider importing this tuple variant\n    |\n63  + use core::result::Result::Ok;\n    |\n\nerror[E0405]: cannot find trait `Into` in this scope\n   --> src/cmd.rs:335:13\n    |\n335 |         AM: Into<ActivityMode>,\n    |             ^^^^ not found in this scope\n    |\nhelp: consider importing this trait\n    |\n63  + use core::convert::Into;\n    |\n\nerror[E0405]: cannot find trait `Into` in this scope\n   --> src/cmd.rs:414:13\n    |\n414 |         FC: Into<FifoControl>,\n    |             ^^^^ not found in this scope\n    |\nhelp: consider importing this trait\n    |\n63  + use core::convert::Into;\n    |\n\nerror[E0405]: cannot find trait `Into` in this scope\n   --> src/cmd.rs:452:13\n    |\n452 |         IC: Into<IntControlMode>,\n    |             ^^^^ not found in this scope\n    |\nhelp: consider importing this trait\n    |\n63  + use core::convert::Into;\n    |\n\nerror[E0405]: cannot find trait `Into` in this scope\n   --> src/cmd.rs:466:13\n    |\n466 |         IM: Into<IntMapMode>,\n    |             ^^^^ not found in this scope\n    |\nhelp: consider importing this trait\n    |\n63  + use core::convert::Into;\n    |\n\nerror[E0405]: cannot find trait `Into` in this scope\n   --> src/cmd.rs:491:12\n    |\n491 |         X: Into<Option<i8>>,\n    |            ^^^^ not found in this scope\n    |\nhelp: consider importing this trait\n    |\n63  + use core::convert::Into;\n    |\n\nerror[E0412]: cannot find type `Option` in this scope\n   --> src/cmd.rs:491:17\n    |\n491 |         X: Into<Option<i8>>,\n    |                 ^^^^^^ not found in this scope\n    |\nhelp: consider importing this enum\n    |\n63  + use core::option::Option;\n    |\n\nerror[E0405]: cannot find trait `Into` in this scope\n   --> src/cmd.rs:492:12\n    |\n492 |         Y: Into<Option<i8>>,\n    |            ^^^^ not found in this scope\n    |\nhelp: consider importing this trait\n    |\n63  + use core::convert::Into;\n    |\n\nerror[E0412]: cannot find type `Option` in this scope\n   --> src/cmd.rs:492:17\n    |\n492 |         Y: Into<Option<i8>>,\n    |                 ^^^^^^ not found in this scope\n    |\nhelp: consider importing this enum\n    |\n63  + use core::option::Option;\n    |\n\nerror[E0405]: cannot find trait `Into` in this scope\n   --> src/cmd.rs:493:12\n    |\n493 |         Z: Into<Option<i8>>,\n    |            ^^^^ not found in this scope\n    |\nhelp: consider importing this trait\n    |\n63  + use core::convert::Into;\n    |\n\nerror[E0412]: cannot find type `Option` in this scope\n   --> src/cmd.rs:493:17\n    |\n493 |         Z: Into<Option<i8>>,\n    |                 ^^^^^^ not found in this scope\n    |\nhelp: consider importing this enum\n    |\n63  + use core::option::Option;\n    |\n\nerror[E0531]: cannot find tuple struct or tuple variant `Some` in this scope\n   --> src/cmd.rs:498:16\n    |\n498 |         if let Some(x) = x {\n    |                ^^^^ not found in this scope\n    |\nhelp: consider importing this tuple variant\n    |\n63  + use core::option::Option::Some;\n    |\n\nerror[E0531]: cannot find tuple struct or tuple variant `Some` in this scope\n   --> src/cmd.rs:501:16\n    |\n501 |         if let Some(y) = y {\n    |                ^^^^ not found in this scope\n    |\nhelp: consider importing this tuple variant\n    |\n63  + use core::option::Option::Some;\n    |\n\nerror[E0531]: cannot find tuple struct or tuple variant `Some` in this scope\n   --> src/cmd.rs:504:16\n    |\n504 |         if let Some(z) = z {\n    |                ^^^^ not found in this scope\n    |\nhelp: consider importing this tuple variant\n    |\n63  + use core::option::Option::Some;\n    |\n\nerror[E0425]: cannot find function, tuple struct or tuple variant `Ok` in this scope\n   --> src/cmd.rs:507:9\n    |\n507 |         Ok(())\n    |         ^^ not found in this scope\n    |\nhelp: consider importing this tuple variant\n    |\n63  + use core::result::Result::Ok;\n    |\n\nerror[E0405]: cannot find trait `Into` in this scope\n   --> src/cmd.rs:530:12\n    |\n530 |         T: Into<Tap>,\n    |            ^^^^ not found in this scope\n    |\nhelp: consider importing this trait\n    |\n63  + use core::convert::Into;\n    |\n\nerror[E0405]: cannot find trait `Into` in this scope\n   --> src/cmd.rs:547:13\n    |\n547 |         TM: Into<TapMode>,\n    |             ^^^^ not found in this scope\n    |\nhelp: consider importing this trait\n    |\n63  + use core::convert::Into;\n    |\n\nerror[E0425]: cannot find function, tuple struct or tuple variant `Ok` in this scope\n   --> src/cmd.rs:643:9\n    |\n643 |         Ok(())\n    |         ^^ not found in this scope\n    |\nhelp: consider importing this tuple variant\n    |\n63  + use core::result::Result::Ok;\n    |\n\nerror[E0425]: cannot find function, tuple struct or tuple variant `Ok` in this scope\n   --> src/cmd.rs:774:13\n    |\n774 |             Ok(Self { byte: [value; 1] })\n    |             ^^ not found in this scope\n    |\nhelp: consider importing this tuple variant\n    |\n63  + use core::result::Result::Ok;\n    |\n\nerror[E0425]: cannot find function, tuple struct or tuple variant `Err` in this scope\n   --> src/cmd.rs:776:13\n    |\n776 |             Err(AdxlError::UnknownModeBit(value))\n    |             ^^^ not found in this scope\n    |\nhelp: consider importing this tuple variant\n    |\n63  + use core::result::Result::Err;\n    |\n\nerror[E0425]: cannot find function, tuple struct or tuple variant `Ok` in this scope\n   --> src/cmd.rs:835:13\n    |\n835 |             Ok(Self { byte: [value; 1] })\n    |             ^^ not found in this scope\n    |\nhelp: consider importing this tuple variant\n    |\n63  + use core::result::Result::Ok;\n    |\n\nerror[E0425]: cannot find function, tuple struct or tuple variant `Err` in this scope\n   --> src/cmd.rs:837:13\n    |\n837 |             Err(AdxlError::UnknownModeBit(value))\n    |             ^^^ not found in this scope\n    |\nhelp: consider importing this tuple variant\n    |\n63  + use core::result::Result::Err;\n    |\n\nerror[E0405]: cannot find trait `From` in this scope\n   --> src/cmd.rs:883:6\n    |\n883 | impl From<u8> for FifoControl {\n    |      ^^^^ not found in this scope\n    |\nhelp: consider importing this trait\n    |\n63  + use core::convert::From;\n    |\n\nerror[E0425]: cannot find function, tuple struct or tuple variant `Ok` in this scope\n   --> src/cmd.rs:911:13\n    |\n911 |             Ok(Self { byte: [value; 1] })\n    |             ^^ not found in this scope\n    |\nhelp: consider importing this tuple variant\n    |\n63  + use core::result::Result::Ok;\n    |\n\nerror[E0425]: cannot find function, tuple struct or tuple variant `Err` in this scope\n   --> src/cmd.rs:913:13\n    |\n913 |             Err(AdxlError::UnknownModeBit(value))\n    |             ^^^ not found in this scope\n    |\nhelp: consider importing this tuple variant\n    |\n63  + use core::result::Result::Err;\n    |\n\nerror[E0425]: cannot find function, tuple struct or tuple variant `Ok` in this scope\n    --> src/cmd.rs:1109:13\n     |\n1109 |             Ok(Self { byte: [value; 1] })\n     |             ^^ not found in this scope\n     |\nhelp: consider importing this tuple variant\n     |\n63   + use core::result::Result::Ok;\n     |\n\nerror[E0425]: cannot find function, tuple struct or tuple variant `Err` in this scope\n    --> src/cmd.rs:1111:13\n     |\n1111 |             Err(AdxlError::UnknownModeBit(value))\n     |             ^^^ not found in this scope\n     |\nhelp: consider importing this tuple variant\n     |\n63   + use core::result::Result::Err;\n     |\n\nerror[E0405]: cannot find trait `From` in this scope\n    --> src/cmd.rs:1183:6\n     |\n1183 | impl From<(u8, u8, u8, u8)> for Tap {\n     |      ^^^^ not found in this scope\n     |\nhelp: consider importing this trait\n     |\n63   + use core::convert::From;\n     |\n\nerror[E0405]: cannot find trait `From` in this scope\n    --> src/cmd.rs:1194:6\n     |\n1194 | impl From<[u8; 4]> for Tap {\n     |      ^^^^ not found in this scope\n     |\nhelp: consider importing this trait\n     |\n63   + use core::convert::From;\n     |\n\nerror[E0425]: cannot find function, tuple struct or tuple variant `Ok` in this scope\n  --> src/i2c.rs:60:9\n   |\n60 |         Ok(device)\n   |         ^^ not found in this scope\n   |\nhelp: consider importing this tuple variant\n   |\n26 + use core::result::Result::Ok;\n   |\n\nerror[E0425]: cannot find function, tuple struct or tuple variant `Err` in this scope\n  --> src/i2c.rs:76:20\n   |\n76 |             return Err(AdxlError::I2c());\n   |                    ^^^ not found in this scope\n   |\nhelp: consider importing this tuple variant\n   |\n26 + use core::result::Result::Err;\n   |\n\nerror[E0425]: cannot find function, tuple struct or tuple variant `Ok` in this scope\n  --> src/i2c.rs:78:9\n   |\n78 |         Ok(buf[0])\n   |         ^^ not found in this scope\n   |\nhelp: consider importing this tuple variant\n   |\n26 + use core::result::Result::Ok;\n   |\n\nerror[E0425]: cannot find function, tuple struct or tuple variant `Err` in this scope\n  --> src/i2c.rs:88:20\n   |\n88 |             return Err(AdxlError::I2c());\n   |                    ^^^ not found in this scope\n   |\nhelp: consider importing this tuple variant\n   |\n26 + use core::result::Result::Err;\n   |\n\nerror[E0425]: cannot find function, tuple struct or tuple variant `Ok` in this scope\n  --> src/i2c.rs:90:9\n   |\n90 |         Ok(self.extract_acceleration(&buf))\n   |         ^^ not found in this scope\n   |\nhelp: consider importing this tuple variant\n   |\n26 + use core::result::Result::Ok;\n   |\n\nerror[E0425]: cannot find function, tuple struct or tuple variant `Err` in this scope\n  --> src/i2c.rs:97:20\n   |\n97 |             return Err(AdxlError::I2c());\n   |                    ^^^ not found in this scope\n   |\nhelp: consider importing this tuple variant\n   |\n26 + use core::result::Result::Err;\n   |\n\nerror[E0425]: cannot find function, tuple struct or tuple variant `Ok` in this scope\n  --> src/i2c.rs:99:9\n   |\n99 |         Ok(())\n   |         ^^ not found in this scope\n   |\nhelp: consider importing this tuple variant\n   |\n26 + use core::result::Result::Ok;\n   |\n\nerror[E0425]: cannot find function, tuple struct or tuple variant `Ok` in this scope\n  --> src/spi.rs:53:9\n   |\n53 |         Ok(device)\n   |         ^^ not found in this scope\n   |\nhelp: consider importing this tuple variant\n   |\n26 + use core::result::Result::Ok;\n   |\n\nerror[E0425]: cannot find function, tuple struct or tuple variant `Err` in this scope\n  --> src/spi.rs:72:20\n   |\n72 |             return Err(AdxlError::Spi());\n   |                    ^^^ not found in this scope\n   |\nhelp: consider importing this tuple variant\n   |\n26 + use core::result::Result::Err;\n   |\n\nerror[E0425]: cannot find function, tuple struct or tuple variant `Ok` in this scope\n  --> src/spi.rs:74:9\n   |\n74 |         Ok(read_buf[1])\n   |         ^^ not found in this scope\n   |\nhelp: consider importing this tuple variant\n   |\n26 + use core::result::Result::Ok;\n   |\n\nerror[E0425]: cannot find function, tuple struct or tuple variant `Err` in this scope\n  --> src/spi.rs:90:20\n   |\n90 |             return Err(AdxlError::Spi());\n   |                    ^^^ not found in this scope\n   |\nhelp: consider importing this tuple variant\n   |\n26 + use core::result::Result::Err;\n   |\n\nerror[E0425]: cannot find function, tuple struct or tuple variant `Ok` in this scope\n  --> src/spi.rs:92:9\n   |\n92 |         Ok(self.extract_acceleration(&read_buf[1..7]))\n   |         ^^ not found in this scope\n   |\nhelp: consider importing this tuple variant\n   |\n26 + use core::result::Result::Ok;\n   |\n\nerror[E0425]: cannot find function, tuple struct or tuple variant `Err` in this scope\n   --> src/spi.rs:104:20\n    |\n104 |             return Err(AdxlError::Spi());\n    |                    ^^^ not found in this scope\n    |\nhelp: consider importing this tuple variant\n    |\n26  + use core::result::Result::Err;\n    |\n\nerror[E0425]: cannot find function, tuple struct or tuple variant `Ok` in this scope\n   --> src/spi.rs:106:9\n    |\n106 |         Ok(())\n    |         ^^ not found in this scope\n    |\nhelp: consider importing this tuple variant\n    |\n26  + use core::result::Result::Ok;\n    |\n\nwarning: unexpected `cfg` condition name: `no_std`\n  --> src/lib.rs:28:13\n   |\n28 | #![cfg_attr(no_std, no_std)]\n   |             ^^^^^^ help: found config with similar value: `feature = \"no_std\"`\n   |\n   = help: expected names are: `clippy`, `debug_assertions`, `doc`, `docsrs`, `doctest`, `feature`, `miri`, `overflow_checks`, `panic`, `proc_macro`, `relocation_model`, `rustfmt`, `sanitize`, `sanitizer_cfi_generalize_pointers`, `sanitizer_cfi_normalize_integers`, `target_abi`, `target_arch`, `target_endian`, `target_env`, `target_family`, `target_feature`, `target_has_atomic`, `target_has_atomic_equal_alignment`, `target_has_atomic_load_store`, `target_os`, `target_pointer_width`, `target_thread_local`, `target_vendor`, `test`, `ub_checks`, `unix`, and `windows`\n   = help: consider using a Cargo feature instead\n   = help: or consider adding in `Cargo.toml` the `check-cfg` lint config for the lint:\n            [lints.rust]\n            unexpected_cfgs = { level = \"warn\", check-cfg = ['cfg(no_std)'] }\n   = help: or consider adding `println!(\"cargo::rustc-check-cfg=cfg(no_std)\");` to the top of the `build.rs`\n   = note: see <https://doc.rust-lang.org/nightly/rustc/check-cfg/cargo-specifics.html> for more information about checking conditional configuration\n   = note: `#[warn(unexpected_cfgs)]` on by default\n\nwarning: unused `#[macro_use]` import\n  --> src/lib.rs:32:1\n   |\n32 | #[macro_use]\n   | ^^^^^^^^^^^^\n   |\n   = note: `#[warn(unused_imports)]` on by default\n\nSome errors have detailed explanations: E0405, E0412, E0425, E0463, E0531.\nFor more information about an error, try `rustc --explain E0405`.\nwarning: `adxl345_driver2` (lib) generated 2 warnings\nerror: could not compile `adxl345_driver2` (lib) due to 102 previous errors; 2 warnings emitted\n",
      "stdout": ""
    },
    "features": [],
    "project": "../../../Downloads/695-Project/dataset/nostd-failed-crates/crates/adxl345_driver2-2.0.0/src",
    "time_to_build": 481,
    "time_to_solve": 51
  }
]