[
  {
    "built_with_features": null,
    "command": {
      "args": [
        "build",
        "--target",
        "thumbv7m-none-eabi",
        "--no-default-features"
      ],
      "code": 101,
      "stderr": "   Compiling serde v1.0.215\n   Compiling curve25519-dalek v3.2.1\nerror: no curve25519-dalek backend cargo feature enabled! please enable one of: u32_backend, u64_backend, fiat_u32_backend, fiat_u64_backend, simd_backend\n  --> /Users/graysonnocera/.cargo/registry/src/index.crates.io-6f17d22bba15001f/curve25519-dalek-3.2.1/src/backend/mod.rs:44:1\n   |\n44 | / compile_error!(\n45 | |     \"no curve25519-dalek backend cargo feature enabled! \\\n46 | |      please enable one of: u32_backend, u64_backend, fiat_u32_backend, fiat_u64_backend, simd_backend\"\n47 | | );\n   | |_^\n\nerror: no curve25519-dalek backend cargo feature enabled! please enable one of: u32_backend, u64_backend, fiat_u32_backend, fiat_u64_backend\n  --> /Users/graysonnocera/.cargo/registry/src/index.crates.io-6f17d22bba15001f/curve25519-dalek-3.2.1/src/backend/serial/mod.rs:32:1\n   |\n32 | / compile_error!(\n33 | |     \"no curve25519-dalek backend cargo feature enabled! \\\n34 | |      please enable one of: u32_backend, u64_backend, fiat_u32_backend, fiat_u64_backend\"\n35 | | );\n   | |_^\n\nerror[E0432]: unresolved imports `constants::APLUS2_OVER_FOUR`, `constants::MONTGOMERY_A`, `constants::MONTGOMERY_A_NEG`\n  --> /Users/graysonnocera/.cargo/registry/src/index.crates.io-6f17d22bba15001f/curve25519-dalek-3.2.1/src/montgomery.rs:54:17\n   |\n54 | use constants::{APLUS2_OVER_FOUR, MONTGOMERY_A, MONTGOMERY_A_NEG};\n   |                 ^^^^^^^^^^^^^^^^  ^^^^^^^^^^^^  ^^^^^^^^^^^^^^^^ no `MONTGOMERY_A_NEG` in `constants`\n   |                 |                 |\n   |                 |                 no `MONTGOMERY_A` in `constants`\n   |                 no `APLUS2_OVER_FOUR` in `constants`\n\nerror[E0432]: unresolved import `field::FieldElement`\n  --> /Users/graysonnocera/.cargo/registry/src/index.crates.io-6f17d22bba15001f/curve25519-dalek-3.2.1/src/montgomery.rs:56:5\n   |\n56 | use field::FieldElement;\n   |     ^^^^^^^^^^^^^^^^^^^ no `FieldElement` in `field`\n   |\nnote: found an item that was configured out\n  --> /Users/graysonnocera/.cargo/registry/src/index.crates.io-6f17d22bba15001f/curve25519-dalek-3.2.1/src/field.rs:47:10\n   |\n47 | pub type FieldElement = backend::serial::fiat_u32::field::FieldElement2625;\n   |          ^^^^^^^^^^^^\nnote: the item is gated behind the `fiat_u32_backend` feature\n  --> /Users/graysonnocera/.cargo/registry/src/index.crates.io-6f17d22bba15001f/curve25519-dalek-3.2.1/src/field.rs:46:7\n   |\n46 | #[cfg(feature = \"fiat_u32_backend\")]\n   |       ^^^^^^^^^^^^^^^^^^^^^^^^^^^^\nnote: found an item that was configured out\n  --> /Users/graysonnocera/.cargo/registry/src/index.crates.io-6f17d22bba15001f/curve25519-dalek-3.2.1/src/field.rs:49:10\n   |\n49 | pub type FieldElement = backend::serial::fiat_u64::field::FieldElement51;\n   |          ^^^^^^^^^^^^\nnote: the item is gated behind the `fiat_u64_backend` feature\n  --> /Users/graysonnocera/.cargo/registry/src/index.crates.io-6f17d22bba15001f/curve25519-dalek-3.2.1/src/field.rs:48:7\n   |\n48 | #[cfg(feature = \"fiat_u64_backend\")]\n   |       ^^^^^^^^^^^^^^^^^^^^^^^^^^^^\nnote: found an item that was configured out\n  --> /Users/graysonnocera/.cargo/registry/src/index.crates.io-6f17d22bba15001f/curve25519-dalek-3.2.1/src/field.rs:59:10\n   |\n59 | pub type FieldElement = backend::serial::u64::field::FieldElement51;\n   |          ^^^^^^^^^^^^\nnote: the item is gated behind the `u64_backend` feature\n  --> /Users/graysonnocera/.cargo/registry/src/index.crates.io-6f17d22bba15001f/curve25519-dalek-3.2.1/src/field.rs:58:7\n   |\n58 | #[cfg(feature = \"u64_backend\")]\n   |       ^^^^^^^^^^^^^^^^^^^^^^^\nnote: found an item that was configured out\n  --> /Users/graysonnocera/.cargo/registry/src/index.crates.io-6f17d22bba15001f/curve25519-dalek-3.2.1/src/field.rs:69:10\n   |\n69 | pub type FieldElement = backend::serial::u32::field::FieldElement2625;\n   |          ^^^^^^^^^^^^\nnote: the item is gated behind the `u32_backend` feature\n  --> /Users/graysonnocera/.cargo/registry/src/index.crates.io-6f17d22bba15001f/curve25519-dalek-3.2.1/src/field.rs:68:7\n   |\n68 | #[cfg(feature = \"u32_backend\")]\n   |       ^^^^^^^^^^^^^^^^^^^^^^^\n\nerror[E0432]: unresolved import `field::FieldElement`\n   --> /Users/graysonnocera/.cargo/registry/src/index.crates.io-6f17d22bba15001f/curve25519-dalek-3.2.1/src/edwards.rs:114:5\n    |\n114 | use field::FieldElement;\n    |     ^^^^^^^^^^^^^^^^^^^ no `FieldElement` in `field`\n    |\nnote: found an item that was configured out\n   --> /Users/graysonnocera/.cargo/registry/src/index.crates.io-6f17d22bba15001f/curve25519-dalek-3.2.1/src/field.rs:47:10\n    |\n47  | pub type FieldElement = backend::serial::fiat_u32::field::FieldElement2625;\n    |          ^^^^^^^^^^^^\nnote: the item is gated behind the `fiat_u32_backend` feature\n   --> /Users/graysonnocera/.cargo/registry/src/index.crates.io-6f17d22bba15001f/curve25519-dalek-3.2.1/src/field.rs:46:7\n    |\n46  | #[cfg(feature = \"fiat_u32_backend\")]\n    |       ^^^^^^^^^^^^^^^^^^^^^^^^^^^^\nnote: found an item that was configured out\n   --> /Users/graysonnocera/.cargo/registry/src/index.crates.io-6f17d22bba15001f/curve25519-dalek-3.2.1/src/field.rs:49:10\n    |\n49  | pub type FieldElement = backend::serial::fiat_u64::field::FieldElement51;\n    |          ^^^^^^^^^^^^\nnote: the item is gated behind the `fiat_u64_backend` feature\n   --> /Users/graysonnocera/.cargo/registry/src/index.crates.io-6f17d22bba15001f/curve25519-dalek-3.2.1/src/field.rs:48:7\n    |\n48  | #[cfg(feature = \"fiat_u64_backend\")]\n    |       ^^^^^^^^^^^^^^^^^^^^^^^^^^^^\nnote: found an item that was configured out\n   --> /Users/graysonnocera/.cargo/registry/src/index.crates.io-6f17d22bba15001f/curve25519-dalek-3.2.1/src/field.rs:59:10\n    |\n59  | pub type FieldElement = backend::serial::u64::field::FieldElement51;\n    |          ^^^^^^^^^^^^\nnote: the item is gated behind the `u64_backend` feature\n   --> /Users/graysonnocera/.cargo/registry/src/index.crates.io-6f17d22bba15001f/curve25519-dalek-3.2.1/src/field.rs:58:7\n    |\n58  | #[cfg(feature = \"u64_backend\")]\n    |       ^^^^^^^^^^^^^^^^^^^^^^^\nnote: found an item that was configured out\n   --> /Users/graysonnocera/.cargo/registry/src/index.crates.io-6f17d22bba15001f/curve25519-dalek-3.2.1/src/field.rs:69:10\n    |\n69  | pub type FieldElement = backend::serial::u32::field::FieldElement2625;\n    |          ^^^^^^^^^^^^\nnote: the item is gated behind the `u32_backend` feature\n   --> /Users/graysonnocera/.cargo/registry/src/index.crates.io-6f17d22bba15001f/curve25519-dalek-3.2.1/src/field.rs:68:7\n    |\n68  | #[cfg(feature = \"u32_backend\")]\n    |       ^^^^^^^^^^^^^^^^^^^^^^^\n\nerror[E0432]: unresolved import `field::FieldElement`\n   --> /Users/graysonnocera/.cargo/registry/src/index.crates.io-6f17d22bba15001f/curve25519-dalek-3.2.1/src/ristretto.rs:174:5\n    |\n174 | use field::FieldElement;\n    |     ^^^^^^^^^^^^^^^^^^^ no `FieldElement` in `field`\n    |\nnote: found an item that was configured out\n   --> /Users/graysonnocera/.cargo/registry/src/index.crates.io-6f17d22bba15001f/curve25519-dalek-3.2.1/src/field.rs:47:10\n    |\n47  | pub type FieldElement = backend::serial::fiat_u32::field::FieldElement2625;\n    |          ^^^^^^^^^^^^\nnote: the item is gated behind the `fiat_u32_backend` feature\n   --> /Users/graysonnocera/.cargo/registry/src/index.crates.io-6f17d22bba15001f/curve25519-dalek-3.2.1/src/field.rs:46:7\n    |\n46  | #[cfg(feature = \"fiat_u32_backend\")]\n    |       ^^^^^^^^^^^^^^^^^^^^^^^^^^^^\nnote: found an item that was configured out\n   --> /Users/graysonnocera/.cargo/registry/src/index.crates.io-6f17d22bba15001f/curve25519-dalek-3.2.1/src/field.rs:49:10\n    |\n49  | pub type FieldElement = backend::serial::fiat_u64::field::FieldElement51;\n    |          ^^^^^^^^^^^^\nnote: the item is gated behind the `fiat_u64_backend` feature\n   --> /Users/graysonnocera/.cargo/registry/src/index.crates.io-6f17d22bba15001f/curve25519-dalek-3.2.1/src/field.rs:48:7\n    |\n48  | #[cfg(feature = \"fiat_u64_backend\")]\n    |       ^^^^^^^^^^^^^^^^^^^^^^^^^^^^\nnote: found an item that was configured out\n   --> /Users/graysonnocera/.cargo/registry/src/index.crates.io-6f17d22bba15001f/curve25519-dalek-3.2.1/src/field.rs:59:10\n    |\n59  | pub type FieldElement = backend::serial::u64::field::FieldElement51;\n    |          ^^^^^^^^^^^^\nnote: the item is gated behind the `u64_backend` feature\n   --> /Users/graysonnocera/.cargo/registry/src/index.crates.io-6f17d22bba15001f/curve25519-dalek-3.2.1/src/field.rs:58:7\n    |\n58  | #[cfg(feature = \"u64_backend\")]\n    |       ^^^^^^^^^^^^^^^^^^^^^^^\nnote: found an item that was configured out\n   --> /Users/graysonnocera/.cargo/registry/src/index.crates.io-6f17d22bba15001f/curve25519-dalek-3.2.1/src/field.rs:69:10\n    |\n69  | pub type FieldElement = backend::serial::u32::field::FieldElement2625;\n    |          ^^^^^^^^^^^^\nnote: the item is gated behind the `u32_backend` feature\n   --> /Users/graysonnocera/.cargo/registry/src/index.crates.io-6f17d22bba15001f/curve25519-dalek-3.2.1/src/field.rs:68:7\n    |\n68  | #[cfg(feature = \"u32_backend\")]\n    |       ^^^^^^^^^^^^^^^^^^^^^^^\n\nerror[E0432]: unresolved import `field::FieldElement`\n   --> /Users/graysonnocera/.cargo/registry/src/index.crates.io-6f17d22bba15001f/curve25519-dalek-3.2.1/src/backend/serial/curve_models/mod.rs:137:5\n    |\n137 | use field::FieldElement;\n    |     ^^^^^^^^^^^^^^^^^^^ no `FieldElement` in `field`\n    |\nnote: found an item that was configured out\n   --> /Users/graysonnocera/.cargo/registry/src/index.crates.io-6f17d22bba15001f/curve25519-dalek-3.2.1/src/field.rs:47:10\n    |\n47  | pub type FieldElement = backend::serial::fiat_u32::field::FieldElement2625;\n    |          ^^^^^^^^^^^^\nnote: the item is gated behind the `fiat_u32_backend` feature\n   --> /Users/graysonnocera/.cargo/registry/src/index.crates.io-6f17d22bba15001f/curve25519-dalek-3.2.1/src/field.rs:46:7\n    |\n46  | #[cfg(feature = \"fiat_u32_backend\")]\n    |       ^^^^^^^^^^^^^^^^^^^^^^^^^^^^\nnote: found an item that was configured out\n   --> /Users/graysonnocera/.cargo/registry/src/index.crates.io-6f17d22bba15001f/curve25519-dalek-3.2.1/src/field.rs:49:10\n    |\n49  | pub type FieldElement = backend::serial::fiat_u64::field::FieldElement51;\n    |          ^^^^^^^^^^^^\nnote: the item is gated behind the `fiat_u64_backend` feature\n   --> /Users/graysonnocera/.cargo/registry/src/index.crates.io-6f17d22bba15001f/curve25519-dalek-3.2.1/src/field.rs:48:7\n    |\n48  | #[cfg(feature = \"fiat_u64_backend\")]\n    |       ^^^^^^^^^^^^^^^^^^^^^^^^^^^^\nnote: found an item that was configured out\n   --> /Users/graysonnocera/.cargo/registry/src/index.crates.io-6f17d22bba15001f/curve25519-dalek-3.2.1/src/field.rs:59:10\n    |\n59  | pub type FieldElement = backend::serial::u64::field::FieldElement51;\n    |          ^^^^^^^^^^^^\nnote: the item is gated behind the `u64_backend` feature\n   --> /Users/graysonnocera/.cargo/registry/src/index.crates.io-6f17d22bba15001f/curve25519-dalek-3.2.1/src/field.rs:58:7\n    |\n58  | #[cfg(feature = \"u64_backend\")]\n    |       ^^^^^^^^^^^^^^^^^^^^^^^\nnote: found an item that was configured out\n   --> /Users/graysonnocera/.cargo/registry/src/index.crates.io-6f17d22bba15001f/curve25519-dalek-3.2.1/src/field.rs:69:10\n    |\n69  | pub type FieldElement = backend::serial::u32::field::FieldElement2625;\n    |          ^^^^^^^^^^^^\nnote: the item is gated behind the `u32_backend` feature\n   --> /Users/graysonnocera/.cargo/registry/src/index.crates.io-6f17d22bba15001f/curve25519-dalek-3.2.1/src/field.rs:68:7\n    |\n68  | #[cfg(feature = \"u32_backend\")]\n    |       ^^^^^^^^^^^^^^^^^^^^^^^\n\nerror[E0425]: cannot find value `R` in module `constants`\n   --> /Users/graysonnocera/.cargo/registry/src/index.crates.io-6f17d22bba15001f/curve25519-dalek-3.2.1/src/scalar.rs:328:68\n    |\n328 |         let sum_R = UnpackedScalar::mul_internal(&sum, &constants::R);\n    |                                                                    ^ not found in `constants`\n\nerror[E0425]: cannot find value `R` in module `constants`\n   --> /Users/graysonnocera/.cargo/registry/src/index.crates.io-6f17d22bba15001f/curve25519-dalek-3.2.1/src/scalar.rs:352:79\n    |\n352 |         let self_R = UnpackedScalar::mul_internal(&self.unpack(), &constants::R);\n    |                                                                               ^ not found in `constants`\n\nerror[E0425]: cannot find value `R` in module `constants`\n   --> /Users/graysonnocera/.cargo/registry/src/index.crates.io-6f17d22bba15001f/curve25519-dalek-3.2.1/src/scalar.rs:354:77\n    |\n354 |         let rhs_R = UnpackedScalar::mul_internal(&rhs.unpack(), &constants::R);\n    |                                                                             ^ not found in `constants`\n\nerror[E0425]: cannot find value `R` in module `constants`\n   --> /Users/graysonnocera/.cargo/registry/src/index.crates.io-6f17d22bba15001f/curve25519-dalek-3.2.1/src/scalar.rs:367:79\n    |\n367 |         let self_R = UnpackedScalar::mul_internal(&self.unpack(), &constants::R);\n    |                                                                               ^ not found in `constants`\n\nerror[E0412]: cannot find type `UnpackedScalar` in this scope\n    --> /Users/graysonnocera/.cargo/registry/src/index.crates.io-6f17d22bba15001f/curve25519-dalek-3.2.1/src/scalar.rs:1098:36\n     |\n1098 |     pub(crate) fn unpack(&self) -> UnpackedScalar {\n     |                                    ^^^^^^^^^^^^^^ not found in this scope\n\nerror[E0425]: cannot find value `R` in module `constants`\n    --> /Users/graysonnocera/.cargo/registry/src/index.crates.io-6f17d22bba15001f/curve25519-dalek-3.2.1/src/scalar.rs:1106:63\n     |\n1106 |         let xR = UnpackedScalar::mul_internal(&x, &constants::R);\n     |                                                               ^ not found in `constants`\n\nerror[E0412]: cannot find type `UnpackedScalar` in this scope\n    --> /Users/graysonnocera/.cargo/registry/src/index.crates.io-6f17d22bba15001f/curve25519-dalek-3.2.1/src/scalar.rs:1134:6\n     |\n1134 | impl UnpackedScalar {\n     |      ^^^^^^^^^^^^^^ not found in this scope\n\nerror[E0412]: cannot find type `UnpackedScalar` in this scope\n    --> /Users/graysonnocera/.cargo/registry/src/index.crates.io-6f17d22bba15001f/curve25519-dalek-3.2.1/src/scalar.rs:1141:40\n     |\n1141 |     pub fn montgomery_invert(&self) -> UnpackedScalar {\n     |                                        ^^^^^^^^^^^^^^ not found in this scope\n\nerror[E0412]: cannot find type `UnpackedScalar` in this scope\n    --> /Users/graysonnocera/.cargo/registry/src/index.crates.io-6f17d22bba15001f/curve25519-dalek-3.2.1/src/scalar.rs:1158:36\n     |\n1158 |         fn square_multiply(y: &mut UnpackedScalar, squarings: usize, x: &UnpackedScalar) {\n     |                                    ^^^^^^^^^^^^^^ not found in this scope\n\nerror[E0412]: cannot find type `UnpackedScalar` in this scope\n    --> /Users/graysonnocera/.cargo/registry/src/index.crates.io-6f17d22bba15001f/curve25519-dalek-3.2.1/src/scalar.rs:1158:74\n     |\n1158 |         fn square_multiply(y: &mut UnpackedScalar, squarings: usize, x: &UnpackedScalar) {\n     |                                                                          ^^^^^^^^^^^^^^ not found in this scope\n\nerror[E0412]: cannot find type `UnpackedScalar` in this scope\n    --> /Users/graysonnocera/.cargo/registry/src/index.crates.io-6f17d22bba15001f/curve25519-dalek-3.2.1/src/scalar.rs:1197:29\n     |\n1197 |     pub fn invert(&self) -> UnpackedScalar {\n     |                             ^^^^^^^^^^^^^^ not found in this scope\n\nerror[E0425]: cannot find value `EDWARDS_D` in module `constants`\n   --> /Users/graysonnocera/.cargo/registry/src/index.crates.io-6f17d22bba15001f/curve25519-dalek-3.2.1/src/edwards.rs:198:37\n    |\n198 |         let v = &(&YY * &constants::EDWARDS_D) + &Z; // v = dyÂ²+1\n    |                                     ^^^^^^^^^ not found in `constants`\n\nerror[E0425]: cannot find value `EDWARDS_D2` in module `constants`\n   --> /Users/graysonnocera/.cargo/registry/src/index.crates.io-6f17d22bba15001f/curve25519-dalek-3.2.1/src/edwards.rs:466:46\n    |\n466 |             T2d:       &self.T * &constants::EDWARDS_D2,\n    |                                              ^^^^^^^^^^ not found in `constants`\n\nerror[E0425]: cannot find value `EDWARDS_D2` in module `constants`\n   --> /Users/graysonnocera/.cargo/registry/src/index.crates.io-6f17d22bba15001f/curve25519-dalek-3.2.1/src/edwards.rs:488:45\n    |\n488 |         let xy2d = &(&x * &y) * &constants::EDWARDS_D2;\n    |                                             ^^^^^^^^^^ not found in `constants`\n\nerror[E0425]: cannot find value `EDWARDS_D` in module `constants`\n   --> /Users/graysonnocera/.cargo/registry/src/index.crates.io-6f17d22bba15001f/curve25519-dalek-3.2.1/src/ristretto.rs:284:34\n    |\n284 |         let v = &(&(-&constants::EDWARDS_D) * &u1.square()) - &u2_sqr;\n    |                                  ^^^^^^^^^ not found in `constants`\n\nerror[E0425]: cannot find value `SQRT_M1` in module `constants`\n   --> /Users/graysonnocera/.cargo/registry/src/index.crates.io-6f17d22bba15001f/curve25519-dalek-3.2.1/src/ristretto.rs:460:35\n    |\n460 |         let iX = &X * &constants::SQRT_M1;\n    |                                   ^^^^^^^ not found in `constants`\n\nerror[E0425]: cannot find value `SQRT_M1` in module `constants`\n   --> /Users/graysonnocera/.cargo/registry/src/index.crates.io-6f17d22bba15001f/curve25519-dalek-3.2.1/src/ristretto.rs:461:35\n    |\n461 |         let iY = &Y * &constants::SQRT_M1;\n    |                                   ^^^^^^^ not found in `constants`\n\nerror[E0425]: cannot find value `INVSQRT_A_MINUS_D` in module `constants`\n   --> /Users/graysonnocera/.cargo/registry/src/index.crates.io-6f17d22bba15001f/curve25519-dalek-3.2.1/src/ristretto.rs:462:43\n    |\n462 |         let ristretto_magic = &constants::INVSQRT_A_MINUS_D;\n    |                                           ^^^^^^^^^^^^^^^^^ not found in `constants`\n\nerror[E0425]: cannot find value `EIGHT_TORSION` in module `constants`\n   --> /Users/graysonnocera/.cargo/registry/src/index.crates.io-6f17d22bba15001f/curve25519-dalek-3.2.1/src/ristretto.rs:591:33\n    |\n591 |         , &self.0 + &constants::EIGHT_TORSION[2]\n    |                                 ^^^^^^^^^^^^^ not found in `constants`\n\nerror[E0425]: cannot find value `EIGHT_TORSION` in module `constants`\n   --> /Users/graysonnocera/.cargo/registry/src/index.crates.io-6f17d22bba15001f/curve25519-dalek-3.2.1/src/ristretto.rs:592:33\n    |\n592 |         , &self.0 + &constants::EIGHT_TORSION[4]\n    |                                 ^^^^^^^^^^^^^ not found in `constants`\n\nerror[E0425]: cannot find value `EIGHT_TORSION` in module `constants`\n   --> /Users/graysonnocera/.cargo/registry/src/index.crates.io-6f17d22bba15001f/curve25519-dalek-3.2.1/src/ristretto.rs:593:33\n    |\n593 |         , &self.0 + &constants::EIGHT_TORSION[6]\n    |                                 ^^^^^^^^^^^^^ not found in `constants`\n\nerror[E0425]: cannot find value `SQRT_M1` in module `constants`\n   --> /Users/graysonnocera/.cargo/registry/src/index.crates.io-6f17d22bba15001f/curve25519-dalek-3.2.1/src/ristretto.rs:604:29\n    |\n604 |         let i = &constants::SQRT_M1;\n    |                             ^^^^^^^ not found in `constants`\n\nerror[E0425]: cannot find value `EDWARDS_D` in module `constants`\n   --> /Users/graysonnocera/.cargo/registry/src/index.crates.io-6f17d22bba15001f/curve25519-dalek-3.2.1/src/ristretto.rs:605:29\n    |\n605 |         let d = &constants::EDWARDS_D;\n    |                             ^^^^^^^^^ not found in `constants`\n\nerror[E0425]: cannot find value `ONE_MINUS_EDWARDS_D_SQUARED` in module `constants`\n   --> /Users/graysonnocera/.cargo/registry/src/index.crates.io-6f17d22bba15001f/curve25519-dalek-3.2.1/src/ristretto.rs:606:42\n    |\n606 |         let one_minus_d_sq = &constants::ONE_MINUS_EDWARDS_D_SQUARED;\n    |                                          ^^^^^^^^^^^^^^^^^^^^^^^^^^^ not found in `constants`\n\nerror[E0425]: cannot find value `EDWARDS_D_MINUS_ONE_SQUARED` in module `constants`\n   --> /Users/graysonnocera/.cargo/registry/src/index.crates.io-6f17d22bba15001f/curve25519-dalek-3.2.1/src/ristretto.rs:607:42\n    |\n607 |         let d_minus_one_sq = &constants::EDWARDS_D_MINUS_ONE_SQUARED;\n    |                                          ^^^^^^^^^^^^^^^^^^^^^^^^^^^ not found in `constants`\n\nerror[E0425]: cannot find value `MINUS_ONE` in module `constants`\n   --> /Users/graysonnocera/.cargo/registry/src/index.crates.io-6f17d22bba15001f/curve25519-dalek-3.2.1/src/ristretto.rs:608:32\n    |\n608 |         let mut c = constants::MINUS_ONE;\n    |                                ^^^^^^^^^ not found in `constants`\n\nerror[E0425]: cannot find value `SQRT_AD_MINUS_ONE` in module `constants`\n   --> /Users/graysonnocera/.cargo/registry/src/index.crates.io-6f17d22bba15001f/curve25519-dalek-3.2.1/src/ristretto.rs:632:35\n    |\n632 |             Z: &N_t * &constants::SQRT_AD_MINUS_ONE,\n    |                                   ^^^^^^^^^^^^^^^^^ not found in `constants`\n\nerror[E0425]: cannot find value `ED25519_BASEPOINT_POINT` in this scope\n  --> /Users/graysonnocera/.cargo/registry/src/index.crates.io-6f17d22bba15001f/curve25519-dalek-3.2.1/src/constants.rs:76:70\n   |\n76 | pub const RISTRETTO_BASEPOINT_POINT: RistrettoPoint = RistrettoPoint(ED25519_BASEPOINT_POINT);\n   |                                                                      ^^^^^^^^^^^^^^^^^^^^^^^ not found in this scope\n\nerror[E0425]: cannot find value `ED25519_BASEPOINT_TABLE` in this scope\n  --> /Users/graysonnocera/.cargo/registry/src/index.crates.io-6f17d22bba15001f/curve25519-dalek-3.2.1/src/constants.rs:94:31\n   |\n94 |     = RistrettoBasepointTable(ED25519_BASEPOINT_TABLE);\n   |                               ^^^^^^^^^^^^^^^^^^^^^^^ not found in this scope\n\nerror[E0412]: cannot find type `FieldElement` in this scope\n  --> /Users/graysonnocera/.cargo/registry/src/index.crates.io-6f17d22bba15001f/curve25519-dalek-3.2.1/src/field.rs:71:13\n   |\n71 | impl Eq for FieldElement {}\n   |             ^^^^^^^^^^^^ not found in this scope\n\nerror[E0412]: cannot find type `FieldElement` in this scope\n  --> /Users/graysonnocera/.cargo/registry/src/index.crates.io-6f17d22bba15001f/curve25519-dalek-3.2.1/src/field.rs:73:20\n   |\n73 | impl PartialEq for FieldElement {\n   |                    ^^^^^^^^^^^^ not found in this scope\n\nerror[E0412]: cannot find type `FieldElement` in this scope\n  --> /Users/graysonnocera/.cargo/registry/src/index.crates.io-6f17d22bba15001f/curve25519-dalek-3.2.1/src/field.rs:74:26\n   |\n74 |     fn eq(&self, other: &FieldElement) -> bool {\n   |                          ^^^^^^^^^^^^ not found in this scope\n\nerror[E0412]: cannot find type `FieldElement` in this scope\n  --> /Users/graysonnocera/.cargo/registry/src/index.crates.io-6f17d22bba15001f/curve25519-dalek-3.2.1/src/field.rs:79:25\n   |\n79 | impl ConstantTimeEq for FieldElement {\n   |                         ^^^^^^^^^^^^ not found in this scope\n\nerror[E0412]: cannot find type `FieldElement` in this scope\n  --> /Users/graysonnocera/.cargo/registry/src/index.crates.io-6f17d22bba15001f/curve25519-dalek-3.2.1/src/field.rs:83:29\n   |\n83 |     fn ct_eq(&self, other: &FieldElement) -> Choice {\n   |                             ^^^^^^^^^^^^ not found in this scope\n\nerror[E0412]: cannot find type `FieldElement` in this scope\n  --> /Users/graysonnocera/.cargo/registry/src/index.crates.io-6f17d22bba15001f/curve25519-dalek-3.2.1/src/field.rs:88:6\n   |\n88 | impl FieldElement {\n   |      ^^^^^^^^^^^^ not found in this scope\n\nerror[E0412]: cannot find type `FieldElement` in this scope\n   --> /Users/graysonnocera/.cargo/registry/src/index.crates.io-6f17d22bba15001f/curve25519-dalek-3.2.1/src/field.rs:115:28\n    |\n115 |     fn pow22501(&self) -> (FieldElement, FieldElement) {\n    |                            ^^^^^^^^^^^^ not found in this scope\n\nerror[E0412]: cannot find type `FieldElement` in this scope\n   --> /Users/graysonnocera/.cargo/registry/src/index.crates.io-6f17d22bba15001f/curve25519-dalek-3.2.1/src/field.rs:115:42\n    |\n115 |     fn pow22501(&self) -> (FieldElement, FieldElement) {\n    |                                          ^^^^^^^^^^^^ not found in this scope\n\nerror[E0412]: cannot find type `FieldElement` in this scope\n   --> /Users/graysonnocera/.cargo/registry/src/index.crates.io-6f17d22bba15001f/curve25519-dalek-3.2.1/src/field.rs:194:29\n    |\n194 |     pub fn invert(&self) -> FieldElement {\n    |                             ^^^^^^^^^^^^ not found in this scope\n\nerror[E0412]: cannot find type `FieldElement` in this scope\n   --> /Users/graysonnocera/.cargo/registry/src/index.crates.io-6f17d22bba15001f/curve25519-dalek-3.2.1/src/field.rs:206:26\n    |\n206 |     fn pow_p58(&self) -> FieldElement {\n    |                          ^^^^^^^^^^^^ not found in this scope\n\nerror[E0412]: cannot find type `FieldElement` in this scope\n   --> /Users/graysonnocera/.cargo/registry/src/index.crates.io-6f17d22bba15001f/curve25519-dalek-3.2.1/src/field.rs:229:29\n    |\n229 |     pub fn sqrt_ratio_i(u: &FieldElement, v: &FieldElement) -> (Choice, FieldElement) {\n    |                             ^^^^^^^^^^^^ not found in this scope\n\nerror[E0412]: cannot find type `FieldElement` in this scope\n   --> /Users/graysonnocera/.cargo/registry/src/index.crates.io-6f17d22bba15001f/curve25519-dalek-3.2.1/src/field.rs:229:47\n    |\n229 |     pub fn sqrt_ratio_i(u: &FieldElement, v: &FieldElement) -> (Choice, FieldElement) {\n    |                                               ^^^^^^^^^^^^ not found in this scope\n\nerror[E0412]: cannot find type `FieldElement` in this scope\n   --> /Users/graysonnocera/.cargo/registry/src/index.crates.io-6f17d22bba15001f/curve25519-dalek-3.2.1/src/field.rs:229:73\n    |\n229 |     pub fn sqrt_ratio_i(u: &FieldElement, v: &FieldElement) -> (Choice, FieldElement) {\n    |                                                                         ^^^^^^^^^^^^ not found in this scope\n\nerror[E0425]: cannot find value `SQRT_M1` in module `constants`\n   --> /Users/graysonnocera/.cargo/registry/src/index.crates.io-6f17d22bba15001f/curve25519-dalek-3.2.1/src/field.rs:259:29\n    |\n259 |         let i = &constants::SQRT_M1;\n    |                             ^^^^^^^ not found in `constants`\n\nerror[E0425]: cannot find value `SQRT_M1` in module `constants`\n   --> /Users/graysonnocera/.cargo/registry/src/index.crates.io-6f17d22bba15001f/curve25519-dalek-3.2.1/src/field.rs:265:35\n    |\n265 |         let r_prime = &constants::SQRT_M1 * &r;\n    |                                   ^^^^^^^ not found in `constants`\n\nerror[E0412]: cannot find type `FieldElement` in this scope\n   --> /Users/graysonnocera/.cargo/registry/src/index.crates.io-6f17d22bba15001f/curve25519-dalek-3.2.1/src/field.rs:289:39\n    |\n289 |     pub fn invsqrt(&self) -> (Choice, FieldElement) {\n    |                                       ^^^^^^^^^^^^ not found in this scope\n\nerror[E0425]: cannot find value `EDWARDS_D` in module `constants`\n   --> /Users/graysonnocera/.cargo/registry/src/index.crates.io-6f17d22bba15001f/curve25519-dalek-3.2.1/src/backend/serial/curve_models/mod.rs:280:41\n    |\n280 |         let rhs = &ZZZZ + &(&constants::EDWARDS_D * &(&XX * &YY));\n    |                                         ^^^^^^^^^ not found in `constants`\n\nerror[E0425]: cannot find value `AFFINE_ODD_MULTIPLES_OF_BASEPOINT` in module `constants`\n  --> /Users/graysonnocera/.cargo/registry/src/index.crates.io-6f17d22bba15001f/curve25519-dalek-3.2.1/src/backend/serial/scalar_mul/vartime_double_base.rs:35:31\n   |\n35 |     let table_B = &constants::AFFINE_ODD_MULTIPLES_OF_BASEPOINT;\n   |                               ^^^^^^^^^^^^^^^^^^^^^^^^^^^^^^^^^ not found in `constants`\n\nerror[E0433]: failed to resolve: use of undeclared type `UnpackedScalar`\n   --> /Users/graysonnocera/.cargo/registry/src/index.crates.io-6f17d22bba15001f/curve25519-dalek-3.2.1/src/scalar.rs:229:9\n    |\n229 |         UnpackedScalar::from_bytes_wide(input).pack()\n    |         ^^^^^^^^^^^^^^ use of undeclared type `UnpackedScalar`\n\nerror[E0433]: failed to resolve: use of undeclared type `UnpackedScalar`\n   --> /Users/graysonnocera/.cargo/registry/src/index.crates.io-6f17d22bba15001f/curve25519-dalek-3.2.1/src/scalar.rs:295:17\n    |\n295 |         *self = UnpackedScalar::mul(&self.unpack(), &_rhs.unpack()).pack();\n    |                 ^^^^^^^^^^^^^^ use of undeclared type `UnpackedScalar`\n\nerror[E0433]: failed to resolve: use of undeclared type `UnpackedScalar`\n   --> /Users/graysonnocera/.cargo/registry/src/index.crates.io-6f17d22bba15001f/curve25519-dalek-3.2.1/src/scalar.rs:304:9\n    |\n304 |         UnpackedScalar::mul(&self.unpack(), &_rhs.unpack()).pack()\n    |         ^^^^^^^^^^^^^^ use of undeclared type `UnpackedScalar`\n\nerror[E0433]: failed to resolve: use of undeclared type `UnpackedScalar`\n   --> /Users/graysonnocera/.cargo/registry/src/index.crates.io-6f17d22bba15001f/curve25519-dalek-3.2.1/src/scalar.rs:327:19\n    |\n327 |         let sum = UnpackedScalar::add(&self.unpack(), &_rhs.unpack());\n    |                   ^^^^^^^^^^^^^^ use of undeclared type `UnpackedScalar`\n\nerror[E0433]: failed to resolve: use of undeclared type `UnpackedScalar`\n   --> /Users/graysonnocera/.cargo/registry/src/index.crates.io-6f17d22bba15001f/curve25519-dalek-3.2.1/src/scalar.rs:328:21\n    |\n328 |         let sum_R = UnpackedScalar::mul_internal(&sum, &constants::R);\n    |                     ^^^^^^^^^^^^^^ use of undeclared type `UnpackedScalar`\n\nerror[E0433]: failed to resolve: use of undeclared type `UnpackedScalar`\n   --> /Users/graysonnocera/.cargo/registry/src/index.crates.io-6f17d22bba15001f/curve25519-dalek-3.2.1/src/scalar.rs:329:25\n    |\n329 |         let sum_mod_l = UnpackedScalar::montgomery_reduce(&sum_R);\n    |                         ^^^^^^^^^^^^^^ use of undeclared type `UnpackedScalar`\n\nerror[E0433]: failed to resolve: use of undeclared type `UnpackedScalar`\n   --> /Users/graysonnocera/.cargo/registry/src/index.crates.io-6f17d22bba15001f/curve25519-dalek-3.2.1/src/scalar.rs:352:22\n    |\n352 |         let self_R = UnpackedScalar::mul_internal(&self.unpack(), &constants::R);\n    |                      ^^^^^^^^^^^^^^ use of undeclared type `UnpackedScalar`\n\nerror[E0433]: failed to resolve: use of undeclared type `UnpackedScalar`\n   --> /Users/graysonnocera/.cargo/registry/src/index.crates.io-6f17d22bba15001f/curve25519-dalek-3.2.1/src/scalar.rs:353:26\n    |\n353 |         let self_mod_l = UnpackedScalar::montgomery_reduce(&self_R);\n    |                          ^^^^^^^^^^^^^^ use of undeclared type `UnpackedScalar`\n\nerror[E0433]: failed to resolve: use of undeclared type `UnpackedScalar`\n   --> /Users/graysonnocera/.cargo/registry/src/index.crates.io-6f17d22bba15001f/curve25519-dalek-3.2.1/src/scalar.rs:354:21\n    |\n354 |         let rhs_R = UnpackedScalar::mul_internal(&rhs.unpack(), &constants::R);\n    |                     ^^^^^^^^^^^^^^ use of undeclared type `UnpackedScalar`\n\nerror[E0433]: failed to resolve: use of undeclared type `UnpackedScalar`\n   --> /Users/graysonnocera/.cargo/registry/src/index.crates.io-6f17d22bba15001f/curve25519-dalek-3.2.1/src/scalar.rs:355:25\n    |\n355 |         let rhs_mod_l = UnpackedScalar::montgomery_reduce(&rhs_R);\n    |                         ^^^^^^^^^^^^^^ use of undeclared type `UnpackedScalar`\n\nerror[E0433]: failed to resolve: use of undeclared type `UnpackedScalar`\n   --> /Users/graysonnocera/.cargo/registry/src/index.crates.io-6f17d22bba15001f/curve25519-dalek-3.2.1/src/scalar.rs:357:9\n    |\n357 |         UnpackedScalar::sub(&self_mod_l, &rhs_mod_l).pack()\n    |         ^^^^^^^^^^^^^^ use of undeclared type `UnpackedScalar`\n\nerror[E0433]: failed to resolve: use of undeclared type `UnpackedScalar`\n   --> /Users/graysonnocera/.cargo/registry/src/index.crates.io-6f17d22bba15001f/curve25519-dalek-3.2.1/src/scalar.rs:367:22\n    |\n367 |         let self_R = UnpackedScalar::mul_internal(&self.unpack(), &constants::R);\n    |                      ^^^^^^^^^^^^^^ use of undeclared type `UnpackedScalar`\n\nerror[E0433]: failed to resolve: use of undeclared type `UnpackedScalar`\n   --> /Users/graysonnocera/.cargo/registry/src/index.crates.io-6f17d22bba15001f/curve25519-dalek-3.2.1/src/scalar.rs:368:26\n    |\n368 |         let self_mod_l = UnpackedScalar::montgomery_reduce(&self_R);\n    |                          ^^^^^^^^^^^^^^ use of undeclared type `UnpackedScalar`\n\nerror[E0433]: failed to resolve: use of undeclared type `UnpackedScalar`\n   --> /Users/graysonnocera/.cargo/registry/src/index.crates.io-6f17d22bba15001f/curve25519-dalek-3.2.1/src/scalar.rs:369:9\n    |\n369 |         UnpackedScalar::sub(&UnpackedScalar::zero(), &self_mod_l).pack()\n    |         ^^^^^^^^^^^^^^ use of undeclared type `UnpackedScalar`\n\nerror[E0433]: failed to resolve: use of undeclared type `UnpackedScalar`\n   --> /Users/graysonnocera/.cargo/registry/src/index.crates.io-6f17d22bba15001f/curve25519-dalek-3.2.1/src/scalar.rs:369:30\n    |\n369 |         UnpackedScalar::sub(&UnpackedScalar::zero(), &self_mod_l).pack()\n    |                              ^^^^^^^^^^^^^^ use of undeclared type `UnpackedScalar`\n\nerror[E0433]: failed to resolve: use of undeclared type `UnpackedScalar`\n    --> /Users/graysonnocera/.cargo/registry/src/index.crates.io-6f17d22bba15001f/curve25519-dalek-3.2.1/src/scalar.rs:1099:9\n     |\n1099 |         UnpackedScalar::from_bytes(&self.bytes)\n     |         ^^^^^^^^^^^^^^ use of undeclared type `UnpackedScalar`\n\nerror[E0433]: failed to resolve: use of undeclared type `UnpackedScalar`\n    --> /Users/graysonnocera/.cargo/registry/src/index.crates.io-6f17d22bba15001f/curve25519-dalek-3.2.1/src/scalar.rs:1106:18\n     |\n1106 |         let xR = UnpackedScalar::mul_internal(&x, &constants::R);\n     |                  ^^^^^^^^^^^^^^ use of undeclared type `UnpackedScalar`\n\nerror[E0433]: failed to resolve: use of undeclared type `UnpackedScalar`\n    --> /Users/graysonnocera/.cargo/registry/src/index.crates.io-6f17d22bba15001f/curve25519-dalek-3.2.1/src/scalar.rs:1107:23\n     |\n1107 |         let x_mod_l = UnpackedScalar::montgomery_reduce(&xR);\n     |                       ^^^^^^^^^^^^^^ use of undeclared type `UnpackedScalar`\n\nerror[E0433]: failed to resolve: use of undeclared type `UnpackedScalar`\n    --> /Users/graysonnocera/.cargo/registry/src/index.crates.io-6f17d22bba15001f/curve25519-dalek-3.2.1/src/scalar.rs:1147:21\n     |\n1147 |         let   _11 = UnpackedScalar::montgomery_mul(&_10,     &_1);\n     |                     ^^^^^^^^^^^^^^ use of undeclared type `UnpackedScalar`\n\nerror[E0433]: failed to resolve: use of undeclared type `UnpackedScalar`\n    --> /Users/graysonnocera/.cargo/registry/src/index.crates.io-6f17d22bba15001f/curve25519-dalek-3.2.1/src/scalar.rs:1148:21\n     |\n1148 |         let  _101 = UnpackedScalar::montgomery_mul(&_10,    &_11);\n     |                     ^^^^^^^^^^^^^^ use of undeclared type `UnpackedScalar`\n\nerror[E0433]: failed to resolve: use of undeclared type `UnpackedScalar`\n    --> /Users/graysonnocera/.cargo/registry/src/index.crates.io-6f17d22bba15001f/curve25519-dalek-3.2.1/src/scalar.rs:1149:21\n     |\n1149 |         let  _111 = UnpackedScalar::montgomery_mul(&_10,   &_101);\n     |                     ^^^^^^^^^^^^^^ use of undeclared type `UnpackedScalar`\n\nerror[E0433]: failed to resolve: use of undeclared type `UnpackedScalar`\n    --> /Users/graysonnocera/.cargo/registry/src/index.crates.io-6f17d22bba15001f/curve25519-dalek-3.2.1/src/scalar.rs:1150:21\n     |\n1150 |         let _1001 = UnpackedScalar::montgomery_mul(&_10,   &_111);\n     |                     ^^^^^^^^^^^^^^ use of undeclared type `UnpackedScalar`\n\nerror[E0433]: failed to resolve: use of undeclared type `UnpackedScalar`\n    --> /Users/graysonnocera/.cargo/registry/src/index.crates.io-6f17d22bba15001f/curve25519-dalek-3.2.1/src/scalar.rs:1151:21\n     |\n1151 |         let _1011 = UnpackedScalar::montgomery_mul(&_10,  &_1001);\n     |                     ^^^^^^^^^^^^^^ use of undeclared type `UnpackedScalar`\n\nerror[E0433]: failed to resolve: use of undeclared type `UnpackedScalar`\n    --> /Users/graysonnocera/.cargo/registry/src/index.crates.io-6f17d22bba15001f/curve25519-dalek-3.2.1/src/scalar.rs:1152:21\n     |\n1152 |         let _1111 = UnpackedScalar::montgomery_mul(&_100, &_1011);\n     |                     ^^^^^^^^^^^^^^ use of undeclared type `UnpackedScalar`\n\nerror[E0433]: failed to resolve: use of undeclared type `UnpackedScalar`\n    --> /Users/graysonnocera/.cargo/registry/src/index.crates.io-6f17d22bba15001f/curve25519-dalek-3.2.1/src/scalar.rs:1155:21\n     |\n1155 |         let mut y = UnpackedScalar::montgomery_mul(&_1111, &_1);\n     |                     ^^^^^^^^^^^^^^ use of undeclared type `UnpackedScalar`\n\nerror[E0433]: failed to resolve: use of undeclared type `UnpackedScalar`\n    --> /Users/graysonnocera/.cargo/registry/src/index.crates.io-6f17d22bba15001f/curve25519-dalek-3.2.1/src/scalar.rs:1162:18\n     |\n1162 |             *y = UnpackedScalar::montgomery_mul(y, x);\n     |                  ^^^^^^^^^^^^^^ use of undeclared type `UnpackedScalar`\n\nerror[E0599]: the method `expect` exists for enum `Option<EdwardsPoint>`, but its trait bounds were not satisfied\n   --> /Users/graysonnocera/.cargo/registry/src/index.crates.io-6f17d22bba15001f/curve25519-dalek-3.2.1/src/edwards.rs:550:14\n    |\n322 |   pub struct EdwardsPoint {\n    |   ----------------------- doesn't satisfy `EdwardsPoint: Sized`\n...\n549 | /         E1_opt\n550 | |             .expect(\"Montgomery conversion to Edwards point in Elligator failed\")\n    | |             -^^^^^^ method cannot be called on `Option<EdwardsPoint>` due to unsatisfied trait bounds\n    | |_____________|\n    |\n    |\n    = note: the following trait bounds were not satisfied:\n            `{type error}: Sized`\n            which is required by `EdwardsPoint: Sized`\n\nerror[E0599]: the method `select` exists for struct `LookupTable<AffineNielsPoint>`, but its trait bounds were not satisfied\n   --> /Users/graysonnocera/.cargo/registry/src/index.crates.io-6f17d22bba15001f/curve25519-dalek-3.2.1/src/edwards.rs:859:45\n    |\n859 |         (&<$point>::identity() + &self.0[0].select(1)).to_extended()\n    |                                             ^^^^^^ method cannot be called on `LookupTable<AffineNielsPoint>` due to unsatisfied trait bounds\n...\n954 | impl_basepoint_table! {Name = EdwardsBasepointTableRadix16, LookupTable = LookupTableRadix16, Point = EdwardsPoint, Radix = 4, Additions = 64}\n    | ---------------------------------------------------------------------------------------------------------------------------------------------- in this macro invocation\n    |\n   ::: /Users/graysonnocera/.cargo/registry/src/index.crates.io-6f17d22bba15001f/curve25519-dalek-3.2.1/src/backend/serial/curve_models/mod.rs:182:1\n    |\n182 | pub struct AffineNielsPoint {\n    | --------------------------- doesn't satisfy `AffineNielsPoint: Sized`\n    |\n   ::: /Users/graysonnocera/.cargo/registry/src/index.crates.io-6f17d22bba15001f/curve25519-dalek-3.2.1/src/window.rs:45:1\n    |\n45  | pub struct $name<T>(pub(crate) [T; $size]);\n    | ------------------------------------------- method `select` not found for this struct\n    |\n    = note: the following trait bounds were not satisfied:\n            `{type error}: Sized`\n            which is required by `AffineNielsPoint: Sized`\n    = note: this error originates in the macro `impl_basepoint_table` (in Nightly builds, run with -Z macro-backtrace for more info)\n\nerror[E0599]: no method named `to_extended` found for struct `EdwardsPoint` in the current scope\n   --> /Users/graysonnocera/.cargo/registry/src/index.crates.io-6f17d22bba15001f/curve25519-dalek-3.2.1/src/edwards.rs:859:56\n    |\n322 | pub struct EdwardsPoint {\n    | ----------------------- method `to_extended` not found for this struct\n...\n859 |         (&<$point>::identity() + &self.0[0].select(1)).to_extended()\n    |                                                        ^^^^^^^^^^^ method not found in `EdwardsPoint`\n...\n954 | impl_basepoint_table! {Name = EdwardsBasepointTableRadix16, LookupTable = LookupTableRadix16, Point = EdwardsPoint, Radix = 4, Additions = 64}\n    | ---------------------------------------------------------------------------------------------------------------------------------------------- in this macro invocation\n    |\n    = note: this error originates in the macro `impl_basepoint_table` (in Nightly builds, run with -Z macro-backtrace for more info)\n\nerror[E0599]: the method `select` exists for struct `LookupTable<AffineNielsPoint>`, but its trait bounds were not satisfied\n   --> /Users/graysonnocera/.cargo/registry/src/index.crates.io-6f17d22bba15001f/curve25519-dalek-3.2.1/src/edwards.rs:907:36\n    |\n907 |             P = (&P + &tables[i/2].select(a[i])).to_extended();\n    |                                    ^^^^^^ method cannot be called on `LookupTable<AffineNielsPoint>` due to unsatisfied trait bounds\n...\n954 | impl_basepoint_table! {Name = EdwardsBasepointTableRadix16, LookupTable = LookupTableRadix16, Point = EdwardsPoint, Radix = 4, Additions = 64}\n    | ---------------------------------------------------------------------------------------------------------------------------------------------- in this macro invocation\n    |\n   ::: /Users/graysonnocera/.cargo/registry/src/index.crates.io-6f17d22bba15001f/curve25519-dalek-3.2.1/src/backend/serial/curve_models/mod.rs:182:1\n    |\n182 | pub struct AffineNielsPoint {\n    | --------------------------- doesn't satisfy `AffineNielsPoint: Sized`\n    |\n   ::: /Users/graysonnocera/.cargo/registry/src/index.crates.io-6f17d22bba15001f/curve25519-dalek-3.2.1/src/window.rs:45:1\n    |\n45  | pub struct $name<T>(pub(crate) [T; $size]);\n    | ------------------------------------------- method `select` not found for this struct\n    |\n    = note: the following trait bounds were not satisfied:\n            `{type error}: Sized`\n            which is required by `AffineNielsPoint: Sized`\n    = note: this error originates in the macro `impl_basepoint_table` (in Nightly builds, run with -Z macro-backtrace for more info)\n\nerror[E0599]: no method named `to_extended` found for struct `EdwardsPoint` in the current scope\n   --> /Users/graysonnocera/.cargo/registry/src/index.crates.io-6f17d22bba15001f/curve25519-dalek-3.2.1/src/edwards.rs:907:50\n    |\n322 | pub struct EdwardsPoint {\n    | ----------------------- method `to_extended` not found for this struct\n...\n907 |             P = (&P + &tables[i/2].select(a[i])).to_extended();\n    |                                                  ^^^^^^^^^^^ method not found in `EdwardsPoint`\n...\n954 | impl_basepoint_table! {Name = EdwardsBasepointTableRadix16, LookupTable = LookupTableRadix16, Point = EdwardsPoint, Radix = 4, Additions = 64}\n    | ---------------------------------------------------------------------------------------------------------------------------------------------- in this macro invocation\n    |\n    = note: this error originates in the macro `impl_basepoint_table` (in Nightly builds, run with -Z macro-backtrace for more info)\n\nerror[E0599]: the method `select` exists for struct `LookupTable<AffineNielsPoint>`, but its trait bounds were not satisfied\n   --> /Users/graysonnocera/.cargo/registry/src/index.crates.io-6f17d22bba15001f/curve25519-dalek-3.2.1/src/edwards.rs:913:36\n    |\n913 |             P = (&P + &tables[i/2].select(a[i])).to_extended();\n    |                                    ^^^^^^ method cannot be called on `LookupTable<AffineNielsPoint>` due to unsatisfied trait bounds\n...\n954 | impl_basepoint_table! {Name = EdwardsBasepointTableRadix16, LookupTable = LookupTableRadix16, Point = EdwardsPoint, Radix = 4, Additions = 64}\n    | ---------------------------------------------------------------------------------------------------------------------------------------------- in this macro invocation\n    |\n   ::: /Users/graysonnocera/.cargo/registry/src/index.crates.io-6f17d22bba15001f/curve25519-dalek-3.2.1/src/backend/serial/curve_models/mod.rs:182:1\n    |\n182 | pub struct AffineNielsPoint {\n    | --------------------------- doesn't satisfy `AffineNielsPoint: Sized`\n    |\n   ::: /Users/graysonnocera/.cargo/registry/src/index.crates.io-6f17d22bba15001f/curve25519-dalek-3.2.1/src/window.rs:45:1\n    |\n45  | pub struct $name<T>(pub(crate) [T; $size]);\n    | ------------------------------------------- method `select` not found for this struct\n    |\n    = note: the following trait bounds were not satisfied:\n            `{type error}: Sized`\n            which is required by `AffineNielsPoint: Sized`\n    = note: this error originates in the macro `impl_basepoint_table` (in Nightly builds, run with -Z macro-backtrace for more info)\n\nerror[E0599]: no method named `to_extended` found for struct `EdwardsPoint` in the current scope\n   --> /Users/graysonnocera/.cargo/registry/src/index.crates.io-6f17d22bba15001f/curve25519-dalek-3.2.1/src/edwards.rs:913:50\n    |\n322 | pub struct EdwardsPoint {\n    | ----------------------- method `to_extended` not found for this struct\n...\n913 |             P = (&P + &tables[i/2].select(a[i])).to_extended();\n    |                                                  ^^^^^^^^^^^ method not found in `EdwardsPoint`\n...\n954 | impl_basepoint_table! {Name = EdwardsBasepointTableRadix16, LookupTable = LookupTableRadix16, Point = EdwardsPoint, Radix = 4, Additions = 64}\n    | ---------------------------------------------------------------------------------------------------------------------------------------------- in this macro invocation\n    |\n    = note: this error originates in the macro `impl_basepoint_table` (in Nightly builds, run with -Z macro-backtrace for more info)\n\nerror[E0599]: the method `select` exists for struct `LookupTableRadix32<AffineNielsPoint>`, but its trait bounds were not satisfied\n   --> /Users/graysonnocera/.cargo/registry/src/index.crates.io-6f17d22bba15001f/curve25519-dalek-3.2.1/src/edwards.rs:859:45\n    |\n859 |         (&<$point>::identity() + &self.0[0].select(1)).to_extended()\n    |                                             ^^^^^^ method cannot be called on `LookupTableRadix32<AffineNielsPoint>` due to unsatisfied trait bounds\n...\n955 | impl_basepoint_table! {Name = EdwardsBasepointTableRadix32, LookupTable = LookupTableRadix32, Point = EdwardsPoint, Radix = 5, Additions = 52}\n    | ---------------------------------------------------------------------------------------------------------------------------------------------- in this macro invocation\n    |\n   ::: /Users/graysonnocera/.cargo/registry/src/index.crates.io-6f17d22bba15001f/curve25519-dalek-3.2.1/src/backend/serial/curve_models/mod.rs:182:1\n    |\n182 | pub struct AffineNielsPoint {\n    | --------------------------- doesn't satisfy `AffineNielsPoint: Sized`\n    |\n   ::: /Users/graysonnocera/.cargo/registry/src/index.crates.io-6f17d22bba15001f/curve25519-dalek-3.2.1/src/window.rs:45:1\n    |\n45  | pub struct $name<T>(pub(crate) [T; $size]);\n    | ------------------------------------------- method `select` not found for this struct\n    |\n    = note: the following trait bounds were not satisfied:\n            `{type error}: Sized`\n            which is required by `AffineNielsPoint: Sized`\n    = note: this error originates in the macro `impl_basepoint_table` (in Nightly builds, run with -Z macro-backtrace for more info)\n\nerror[E0599]: no method named `to_extended` found for struct `EdwardsPoint` in the current scope\n   --> /Users/graysonnocera/.cargo/registry/src/index.crates.io-6f17d22bba15001f/curve25519-dalek-3.2.1/src/edwards.rs:859:56\n    |\n322 | pub struct EdwardsPoint {\n    | ----------------------- method `to_extended` not found for this struct\n...\n859 |         (&<$point>::identity() + &self.0[0].select(1)).to_extended()\n    |                                                        ^^^^^^^^^^^ method not found in `EdwardsPoint`\n...\n955 | impl_basepoint_table! {Name = EdwardsBasepointTableRadix32, LookupTable = LookupTableRadix32, Point = EdwardsPoint, Radix = 5, Additions = 52}\n    | ---------------------------------------------------------------------------------------------------------------------------------------------- in this macro invocation\n    |\n    = note: this error originates in the macro `impl_basepoint_table` (in Nightly builds, run with -Z macro-backtrace for more info)\n\nerror[E0599]: the method `select` exists for struct `LookupTableRadix32<AffineNielsPoint>`, but its trait bounds were not satisfied\n   --> /Users/graysonnocera/.cargo/registry/src/index.crates.io-6f17d22bba15001f/curve25519-dalek-3.2.1/src/edwards.rs:907:36\n    |\n907 |             P = (&P + &tables[i/2].select(a[i])).to_extended();\n    |                                    ^^^^^^ method cannot be called on `LookupTableRadix32<AffineNielsPoint>` due to unsatisfied trait bounds\n...\n955 | impl_basepoint_table! {Name = EdwardsBasepointTableRadix32, LookupTable = LookupTableRadix32, Point = EdwardsPoint, Radix = 5, Additions = 52}\n    | ---------------------------------------------------------------------------------------------------------------------------------------------- in this macro invocation\n    |\n   ::: /Users/graysonnocera/.cargo/registry/src/index.crates.io-6f17d22bba15001f/curve25519-dalek-3.2.1/src/backend/serial/curve_models/mod.rs:182:1\n    |\n182 | pub struct AffineNielsPoint {\n    | --------------------------- doesn't satisfy `AffineNielsPoint: Sized`\n    |\n   ::: /Users/graysonnocera/.cargo/registry/src/index.crates.io-6f17d22bba15001f/curve25519-dalek-3.2.1/src/window.rs:45:1\n    |\n45  | pub struct $name<T>(pub(crate) [T; $size]);\n    | ------------------------------------------- method `select` not found for this struct\n    |\n    = note: the following trait bounds were not satisfied:\n            `{type error}: Sized`\n            which is required by `AffineNielsPoint: Sized`\n    = note: this error originates in the macro `impl_basepoint_table` (in Nightly builds, run with -Z macro-backtrace for more info)\n\nerror[E0599]: no method named `to_extended` found for struct `EdwardsPoint` in the current scope\n   --> /Users/graysonnocera/.cargo/registry/src/index.crates.io-6f17d22bba15001f/curve25519-dalek-3.2.1/src/edwards.rs:907:50\n    |\n322 | pub struct EdwardsPoint {\n    | ----------------------- method `to_extended` not found for this struct\n...\n907 |             P = (&P + &tables[i/2].select(a[i])).to_extended();\n    |                                                  ^^^^^^^^^^^ method not found in `EdwardsPoint`\n...\n955 | impl_basepoint_table! {Name = EdwardsBasepointTableRadix32, LookupTable = LookupTableRadix32, Point = EdwardsPoint, Radix = 5, Additions = 52}\n    | ---------------------------------------------------------------------------------------------------------------------------------------------- in this macro invocation\n    |\n    = note: this error originates in the macro `impl_basepoint_table` (in Nightly builds, run with -Z macro-backtrace for more info)\n\nerror[E0599]: the method `select` exists for struct `LookupTableRadix32<AffineNielsPoint>`, but its trait bounds were not satisfied\n   --> /Users/graysonnocera/.cargo/registry/src/index.crates.io-6f17d22bba15001f/curve25519-dalek-3.2.1/src/edwards.rs:913:36\n    |\n913 |             P = (&P + &tables[i/2].select(a[i])).to_extended();\n    |                                    ^^^^^^ method cannot be called on `LookupTableRadix32<AffineNielsPoint>` due to unsatisfied trait bounds\n...\n955 | impl_basepoint_table! {Name = EdwardsBasepointTableRadix32, LookupTable = LookupTableRadix32, Point = EdwardsPoint, Radix = 5, Additions = 52}\n    | ---------------------------------------------------------------------------------------------------------------------------------------------- in this macro invocation\n    |\n   ::: /Users/graysonnocera/.cargo/registry/src/index.crates.io-6f17d22bba15001f/curve25519-dalek-3.2.1/src/backend/serial/curve_models/mod.rs:182:1\n    |\n182 | pub struct AffineNielsPoint {\n    | --------------------------- doesn't satisfy `AffineNielsPoint: Sized`\n    |\n   ::: /Users/graysonnocera/.cargo/registry/src/index.crates.io-6f17d22bba15001f/curve25519-dalek-3.2.1/src/window.rs:45:1\n    |\n45  | pub struct $name<T>(pub(crate) [T; $size]);\n    | ------------------------------------------- method `select` not found for this struct\n    |\n    = note: the following trait bounds were not satisfied:\n            `{type error}: Sized`\n            which is required by `AffineNielsPoint: Sized`\n    = note: this error originates in the macro `impl_basepoint_table` (in Nightly builds, run with -Z macro-backtrace for more info)\n\nerror[E0599]: no method named `to_extended` found for struct `EdwardsPoint` in the current scope\n   --> /Users/graysonnocera/.cargo/registry/src/index.crates.io-6f17d22bba15001f/curve25519-dalek-3.2.1/src/edwards.rs:913:50\n    |\n322 | pub struct EdwardsPoint {\n    | ----------------------- method `to_extended` not found for this struct\n...\n913 |             P = (&P + &tables[i/2].select(a[i])).to_extended();\n    |                                                  ^^^^^^^^^^^ method not found in `EdwardsPoint`\n...\n955 | impl_basepoint_table! {Name = EdwardsBasepointTableRadix32, LookupTable = LookupTableRadix32, Point = EdwardsPoint, Radix = 5, Additions = 52}\n    | ---------------------------------------------------------------------------------------------------------------------------------------------- in this macro invocation\n    |\n    = note: this error originates in the macro `impl_basepoint_table` (in Nightly builds, run with -Z macro-backtrace for more info)\n\nerror[E0599]: the method `select` exists for struct `LookupTableRadix64<AffineNielsPoint>`, but its trait bounds were not satisfied\n   --> /Users/graysonnocera/.cargo/registry/src/index.crates.io-6f17d22bba15001f/curve25519-dalek-3.2.1/src/edwards.rs:859:45\n    |\n859 |         (&<$point>::identity() + &self.0[0].select(1)).to_extended()\n    |                                             ^^^^^^ method cannot be called on `LookupTableRadix64<AffineNielsPoint>` due to unsatisfied trait bounds\n...\n956 | impl_basepoint_table! {Name = EdwardsBasepointTableRadix64, LookupTable = LookupTableRadix64, Point = EdwardsPoint, Radix = 6, Additions = 43}\n    | ---------------------------------------------------------------------------------------------------------------------------------------------- in this macro invocation\n    |\n   ::: /Users/graysonnocera/.cargo/registry/src/index.crates.io-6f17d22bba15001f/curve25519-dalek-3.2.1/src/backend/serial/curve_models/mod.rs:182:1\n    |\n182 | pub struct AffineNielsPoint {\n    | --------------------------- doesn't satisfy `AffineNielsPoint: Sized`\n    |\n   ::: /Users/graysonnocera/.cargo/registry/src/index.crates.io-6f17d22bba15001f/curve25519-dalek-3.2.1/src/window.rs:45:1\n    |\n45  | pub struct $name<T>(pub(crate) [T; $size]);\n    | ------------------------------------------- method `select` not found for this struct\n    |\n    = note: the following trait bounds were not satisfied:\n            `{type error}: Sized`\n            which is required by `AffineNielsPoint: Sized`\n    = note: this error originates in the macro `impl_basepoint_table` (in Nightly builds, run with -Z macro-backtrace for more info)\n\nerror[E0599]: no method named `to_extended` found for struct `EdwardsPoint` in the current scope\n   --> /Users/graysonnocera/.cargo/registry/src/index.crates.io-6f17d22bba15001f/curve25519-dalek-3.2.1/src/edwards.rs:859:56\n    |\n322 | pub struct EdwardsPoint {\n    | ----------------------- method `to_extended` not found for this struct\n...\n859 |         (&<$point>::identity() + &self.0[0].select(1)).to_extended()\n    |                                                        ^^^^^^^^^^^ method not found in `EdwardsPoint`\n...\n956 | impl_basepoint_table! {Name = EdwardsBasepointTableRadix64, LookupTable = LookupTableRadix64, Point = EdwardsPoint, Radix = 6, Additions = 43}\n    | ---------------------------------------------------------------------------------------------------------------------------------------------- in this macro invocation\n    |\n    = note: this error originates in the macro `impl_basepoint_table` (in Nightly builds, run with -Z macro-backtrace for more info)\n\nerror[E0599]: the method `select` exists for struct `LookupTableRadix64<AffineNielsPoint>`, but its trait bounds were not satisfied\n   --> /Users/graysonnocera/.cargo/registry/src/index.crates.io-6f17d22bba15001f/curve25519-dalek-3.2.1/src/edwards.rs:907:36\n    |\n907 |             P = (&P + &tables[i/2].select(a[i])).to_extended();\n    |                                    ^^^^^^ method cannot be called on `LookupTableRadix64<AffineNielsPoint>` due to unsatisfied trait bounds\n...\n956 | impl_basepoint_table! {Name = EdwardsBasepointTableRadix64, LookupTable = LookupTableRadix64, Point = EdwardsPoint, Radix = 6, Additions = 43}\n    | ---------------------------------------------------------------------------------------------------------------------------------------------- in this macro invocation\n    |\n   ::: /Users/graysonnocera/.cargo/registry/src/index.crates.io-6f17d22bba15001f/curve25519-dalek-3.2.1/src/backend/serial/curve_models/mod.rs:182:1\n    |\n182 | pub struct AffineNielsPoint {\n    | --------------------------- doesn't satisfy `AffineNielsPoint: Sized`\n    |\n   ::: /Users/graysonnocera/.cargo/registry/src/index.crates.io-6f17d22bba15001f/curve25519-dalek-3.2.1/src/window.rs:45:1\n    |\n45  | pub struct $name<T>(pub(crate) [T; $size]);\n    | ------------------------------------------- method `select` not found for this struct\n    |\n    = note: the following trait bounds were not satisfied:\n            `{type error}: Sized`\n            which is required by `AffineNielsPoint: Sized`\n    = note: this error originates in the macro `impl_basepoint_table` (in Nightly builds, run with -Z macro-backtrace for more info)\n\nerror[E0599]: no method named `to_extended` found for struct `EdwardsPoint` in the current scope\n   --> /Users/graysonnocera/.cargo/registry/src/index.crates.io-6f17d22bba15001f/curve25519-dalek-3.2.1/src/edwards.rs:907:50\n    |\n322 | pub struct EdwardsPoint {\n    | ----------------------- method `to_extended` not found for this struct\n...\n907 |             P = (&P + &tables[i/2].select(a[i])).to_extended();\n    |                                                  ^^^^^^^^^^^ method not found in `EdwardsPoint`\n...\n956 | impl_basepoint_table! {Name = EdwardsBasepointTableRadix64, LookupTable = LookupTableRadix64, Point = EdwardsPoint, Radix = 6, Additions = 43}\n    | ---------------------------------------------------------------------------------------------------------------------------------------------- in this macro invocation\n    |\n    = note: this error originates in the macro `impl_basepoint_table` (in Nightly builds, run with -Z macro-backtrace for more info)\n\nerror[E0599]: the method `select` exists for struct `LookupTableRadix64<AffineNielsPoint>`, but its trait bounds were not satisfied\n   --> /Users/graysonnocera/.cargo/registry/src/index.crates.io-6f17d22bba15001f/curve25519-dalek-3.2.1/src/edwards.rs:913:36\n    |\n913 |             P = (&P + &tables[i/2].select(a[i])).to_extended();\n    |                                    ^^^^^^ method cannot be called on `LookupTableRadix64<AffineNielsPoint>` due to unsatisfied trait bounds\n...\n956 | impl_basepoint_table! {Name = EdwardsBasepointTableRadix64, LookupTable = LookupTableRadix64, Point = EdwardsPoint, Radix = 6, Additions = 43}\n    | ---------------------------------------------------------------------------------------------------------------------------------------------- in this macro invocation\n    |\n   ::: /Users/graysonnocera/.cargo/registry/src/index.crates.io-6f17d22bba15001f/curve25519-dalek-3.2.1/src/backend/serial/curve_models/mod.rs:182:1\n    |\n182 | pub struct AffineNielsPoint {\n    | --------------------------- doesn't satisfy `AffineNielsPoint: Sized`\n    |\n   ::: /Users/graysonnocera/.cargo/registry/src/index.crates.io-6f17d22bba15001f/curve25519-dalek-3.2.1/src/window.rs:45:1\n    |\n45  | pub struct $name<T>(pub(crate) [T; $size]);\n    | ------------------------------------------- method `select` not found for this struct\n    |\n    = note: the following trait bounds were not satisfied:\n            `{type error}: Sized`\n            which is required by `AffineNielsPoint: Sized`\n    = note: this error originates in the macro `impl_basepoint_table` (in Nightly builds, run with -Z macro-backtrace for more info)\n\nerror[E0599]: no method named `to_extended` found for struct `EdwardsPoint` in the current scope\n   --> /Users/graysonnocera/.cargo/registry/src/index.crates.io-6f17d22bba15001f/curve25519-dalek-3.2.1/src/edwards.rs:913:50\n    |\n322 | pub struct EdwardsPoint {\n    | ----------------------- method `to_extended` not found for this struct\n...\n913 |             P = (&P + &tables[i/2].select(a[i])).to_extended();\n    |                                                  ^^^^^^^^^^^ method not found in `EdwardsPoint`\n...\n956 | impl_basepoint_table! {Name = EdwardsBasepointTableRadix64, LookupTable = LookupTableRadix64, Point = EdwardsPoint, Radix = 6, Additions = 43}\n    | ---------------------------------------------------------------------------------------------------------------------------------------------- in this macro invocation\n    |\n    = note: this error originates in the macro `impl_basepoint_table` (in Nightly builds, run with -Z macro-backtrace for more info)\n\nerror[E0599]: the method `select` exists for struct `LookupTableRadix128<AffineNielsPoint>`, but its trait bounds were not satisfied\n   --> /Users/graysonnocera/.cargo/registry/src/index.crates.io-6f17d22bba15001f/curve25519-dalek-3.2.1/src/edwards.rs:859:45\n    |\n859 |         (&<$point>::identity() + &self.0[0].select(1)).to_extended()\n    |                                             ^^^^^^ method cannot be called on `LookupTableRadix128<AffineNielsPoint>` due to unsatisfied trait bounds\n...\n957 | impl_basepoint_table! {Name = EdwardsBasepointTableRadix128, LookupTable = LookupTableRadix128, Point = EdwardsPoint, Radix = 7, Additions = 37}\n    | ------------------------------------------------------------------------------------------------------------------------------------------------ in this macro invocation\n    |\n   ::: /Users/graysonnocera/.cargo/registry/src/index.crates.io-6f17d22bba15001f/curve25519-dalek-3.2.1/src/backend/serial/curve_models/mod.rs:182:1\n    |\n182 | pub struct AffineNielsPoint {\n    | --------------------------- doesn't satisfy `AffineNielsPoint: Sized`\n    |\n   ::: /Users/graysonnocera/.cargo/registry/src/index.crates.io-6f17d22bba15001f/curve25519-dalek-3.2.1/src/window.rs:45:1\n    |\n45  | pub struct $name<T>(pub(crate) [T; $size]);\n    | ------------------------------------------- method `select` not found for this struct\n    |\n    = note: the following trait bounds were not satisfied:\n            `{type error}: Sized`\n            which is required by `AffineNielsPoint: Sized`\n    = note: this error originates in the macro `impl_basepoint_table` (in Nightly builds, run with -Z macro-backtrace for more info)\n\nerror[E0599]: no method named `to_extended` found for struct `EdwardsPoint` in the current scope\n   --> /Users/graysonnocera/.cargo/registry/src/index.crates.io-6f17d22bba15001f/curve25519-dalek-3.2.1/src/edwards.rs:859:56\n    |\n322 | pub struct EdwardsPoint {\n    | ----------------------- method `to_extended` not found for this struct\n...\n859 |         (&<$point>::identity() + &self.0[0].select(1)).to_extended()\n    |                                                        ^^^^^^^^^^^ method not found in `EdwardsPoint`\n...\n957 | impl_basepoint_table! {Name = EdwardsBasepointTableRadix128, LookupTable = LookupTableRadix128, Point = EdwardsPoint, Radix = 7, Additions = 37}\n    | ------------------------------------------------------------------------------------------------------------------------------------------------ in this macro invocation\n    |\n    = note: this error originates in the macro `impl_basepoint_table` (in Nightly builds, run with -Z macro-backtrace for more info)\n\nerror[E0599]: the method `select` exists for struct `LookupTableRadix128<AffineNielsPoint>`, but its trait bounds were not satisfied\n   --> /Users/graysonnocera/.cargo/registry/src/index.crates.io-6f17d22bba15001f/curve25519-dalek-3.2.1/src/edwards.rs:907:36\n    |\n907 |             P = (&P + &tables[i/2].select(a[i])).to_extended();\n    |                                    ^^^^^^ method cannot be called on `LookupTableRadix128<AffineNielsPoint>` due to unsatisfied trait bounds\n...\n957 | impl_basepoint_table! {Name = EdwardsBasepointTableRadix128, LookupTable = LookupTableRadix128, Point = EdwardsPoint, Radix = 7, Additions = 37}\n    | ------------------------------------------------------------------------------------------------------------------------------------------------ in this macro invocation\n    |\n   ::: /Users/graysonnocera/.cargo/registry/src/index.crates.io-6f17d22bba15001f/curve25519-dalek-3.2.1/src/backend/serial/curve_models/mod.rs:182:1\n    |\n182 | pub struct AffineNielsPoint {\n    | --------------------------- doesn't satisfy `AffineNielsPoint: Sized`\n    |\n   ::: /Users/graysonnocera/.cargo/registry/src/index.crates.io-6f17d22bba15001f/curve25519-dalek-3.2.1/src/window.rs:45:1\n    |\n45  | pub struct $name<T>(pub(crate) [T; $size]);\n    | ------------------------------------------- method `select` not found for this struct\n    |\n    = note: the following trait bounds were not satisfied:\n            `{type error}: Sized`\n            which is required by `AffineNielsPoint: Sized`\n    = note: this error originates in the macro `impl_basepoint_table` (in Nightly builds, run with -Z macro-backtrace for more info)\n\nerror[E0599]: no method named `to_extended` found for struct `EdwardsPoint` in the current scope\n   --> /Users/graysonnocera/.cargo/registry/src/index.crates.io-6f17d22bba15001f/curve25519-dalek-3.2.1/src/edwards.rs:907:50\n    |\n322 | pub struct EdwardsPoint {\n    | ----------------------- method `to_extended` not found for this struct\n...\n907 |             P = (&P + &tables[i/2].select(a[i])).to_extended();\n    |                                                  ^^^^^^^^^^^ method not found in `EdwardsPoint`\n...\n957 | impl_basepoint_table! {Name = EdwardsBasepointTableRadix128, LookupTable = LookupTableRadix128, Point = EdwardsPoint, Radix = 7, Additions = 37}\n    | ------------------------------------------------------------------------------------------------------------------------------------------------ in this macro invocation\n    |\n    = note: this error originates in the macro `impl_basepoint_table` (in Nightly builds, run with -Z macro-backtrace for more info)\n\nerror[E0599]: the method `select` exists for struct `LookupTableRadix128<AffineNielsPoint>`, but its trait bounds were not satisfied\n   --> /Users/graysonnocera/.cargo/registry/src/index.crates.io-6f17d22bba15001f/curve25519-dalek-3.2.1/src/edwards.rs:913:36\n    |\n913 |             P = (&P + &tables[i/2].select(a[i])).to_extended();\n    |                                    ^^^^^^ method cannot be called on `LookupTableRadix128<AffineNielsPoint>` due to unsatisfied trait bounds\n...\n957 | impl_basepoint_table! {Name = EdwardsBasepointTableRadix128, LookupTable = LookupTableRadix128, Point = EdwardsPoint, Radix = 7, Additions = 37}\n    | ------------------------------------------------------------------------------------------------------------------------------------------------ in this macro invocation\n    |\n   ::: /Users/graysonnocera/.cargo/registry/src/index.crates.io-6f17d22bba15001f/curve25519-dalek-3.2.1/src/backend/serial/curve_models/mod.rs:182:1\n    |\n182 | pub struct AffineNielsPoint {\n    | --------------------------- doesn't satisfy `AffineNielsPoint: Sized`\n    |\n   ::: /Users/graysonnocera/.cargo/registry/src/index.crates.io-6f17d22bba15001f/curve25519-dalek-3.2.1/src/window.rs:45:1\n    |\n45  | pub struct $name<T>(pub(crate) [T; $size]);\n    | ------------------------------------------- method `select` not found for this struct\n    |\n    = note: the following trait bounds were not satisfied:\n            `{type error}: Sized`\n            which is required by `AffineNielsPoint: Sized`\n    = note: this error originates in the macro `impl_basepoint_table` (in Nightly builds, run with -Z macro-backtrace for more info)\n\nerror[E0599]: no method named `to_extended` found for struct `EdwardsPoint` in the current scope\n   --> /Users/graysonnocera/.cargo/registry/src/index.crates.io-6f17d22bba15001f/curve25519-dalek-3.2.1/src/edwards.rs:913:50\n    |\n322 | pub struct EdwardsPoint {\n    | ----------------------- method `to_extended` not found for this struct\n...\n913 |             P = (&P + &tables[i/2].select(a[i])).to_extended();\n    |                                                  ^^^^^^^^^^^ method not found in `EdwardsPoint`\n...\n957 | impl_basepoint_table! {Name = EdwardsBasepointTableRadix128, LookupTable = LookupTableRadix128, Point = EdwardsPoint, Radix = 7, Additions = 37}\n    | ------------------------------------------------------------------------------------------------------------------------------------------------ in this macro invocation\n    |\n    = note: this error originates in the macro `impl_basepoint_table` (in Nightly builds, run with -Z macro-backtrace for more info)\n\nerror[E0599]: the method `select` exists for struct `LookupTableRadix256<AffineNielsPoint>`, but its trait bounds were not satisfied\n   --> /Users/graysonnocera/.cargo/registry/src/index.crates.io-6f17d22bba15001f/curve25519-dalek-3.2.1/src/edwards.rs:859:45\n    |\n859 |         (&<$point>::identity() + &self.0[0].select(1)).to_extended()\n    |                                             ^^^^^^ method cannot be called on `LookupTableRadix256<AffineNielsPoint>` due to unsatisfied trait bounds\n...\n958 | impl_basepoint_table! {Name = EdwardsBasepointTableRadix256, LookupTable = LookupTableRadix256, Point = EdwardsPoint, Radix = 8, Additions = 33}\n    | ------------------------------------------------------------------------------------------------------------------------------------------------ in this macro invocation\n    |\n   ::: /Users/graysonnocera/.cargo/registry/src/index.crates.io-6f17d22bba15001f/curve25519-dalek-3.2.1/src/backend/serial/curve_models/mod.rs:182:1\n    |\n182 | pub struct AffineNielsPoint {\n    | --------------------------- doesn't satisfy `AffineNielsPoint: Sized`\n    |\n   ::: /Users/graysonnocera/.cargo/registry/src/index.crates.io-6f17d22bba15001f/curve25519-dalek-3.2.1/src/window.rs:45:1\n    |\n45  | pub struct $name<T>(pub(crate) [T; $size]);\n    | ------------------------------------------- method `select` not found for this struct\n    |\n    = note: the following trait bounds were not satisfied:\n            `{type error}: Sized`\n            which is required by `AffineNielsPoint: Sized`\n    = note: this error originates in the macro `impl_basepoint_table` (in Nightly builds, run with -Z macro-backtrace for more info)\n\nerror[E0599]: no method named `to_extended` found for struct `EdwardsPoint` in the current scope\n   --> /Users/graysonnocera/.cargo/registry/src/index.crates.io-6f17d22bba15001f/curve25519-dalek-3.2.1/src/edwards.rs:859:56\n    |\n322 | pub struct EdwardsPoint {\n    | ----------------------- method `to_extended` not found for this struct\n...\n859 |         (&<$point>::identity() + &self.0[0].select(1)).to_extended()\n    |                                                        ^^^^^^^^^^^ method not found in `EdwardsPoint`\n...\n958 | impl_basepoint_table! {Name = EdwardsBasepointTableRadix256, LookupTable = LookupTableRadix256, Point = EdwardsPoint, Radix = 8, Additions = 33}\n    | ------------------------------------------------------------------------------------------------------------------------------------------------ in this macro invocation\n    |\n    = note: this error originates in the macro `impl_basepoint_table` (in Nightly builds, run with -Z macro-backtrace for more info)\n\nerror[E0599]: the method `select` exists for struct `LookupTableRadix256<AffineNielsPoint>`, but its trait bounds were not satisfied\n   --> /Users/graysonnocera/.cargo/registry/src/index.crates.io-6f17d22bba15001f/curve25519-dalek-3.2.1/src/edwards.rs:907:36\n    |\n907 |             P = (&P + &tables[i/2].select(a[i])).to_extended();\n    |                                    ^^^^^^ method cannot be called on `LookupTableRadix256<AffineNielsPoint>` due to unsatisfied trait bounds\n...\n958 | impl_basepoint_table! {Name = EdwardsBasepointTableRadix256, LookupTable = LookupTableRadix256, Point = EdwardsPoint, Radix = 8, Additions = 33}\n    | ------------------------------------------------------------------------------------------------------------------------------------------------ in this macro invocation\n    |\n   ::: /Users/graysonnocera/.cargo/registry/src/index.crates.io-6f17d22bba15001f/curve25519-dalek-3.2.1/src/backend/serial/curve_models/mod.rs:182:1\n    |\n182 | pub struct AffineNielsPoint {\n    | --------------------------- doesn't satisfy `AffineNielsPoint: Sized`\n    |\n   ::: /Users/graysonnocera/.cargo/registry/src/index.crates.io-6f17d22bba15001f/curve25519-dalek-3.2.1/src/window.rs:45:1\n    |\n45  | pub struct $name<T>(pub(crate) [T; $size]);\n    | ------------------------------------------- method `select` not found for this struct\n    |\n    = note: the following trait bounds were not satisfied:\n            `{type error}: Sized`\n            which is required by `AffineNielsPoint: Sized`\n    = note: this error originates in the macro `impl_basepoint_table` (in Nightly builds, run with -Z macro-backtrace for more info)\n\nerror[E0599]: no method named `to_extended` found for struct `EdwardsPoint` in the current scope\n   --> /Users/graysonnocera/.cargo/registry/src/index.crates.io-6f17d22bba15001f/curve25519-dalek-3.2.1/src/edwards.rs:907:50\n    |\n322 | pub struct EdwardsPoint {\n    | ----------------------- method `to_extended` not found for this struct\n...\n907 |             P = (&P + &tables[i/2].select(a[i])).to_extended();\n    |                                                  ^^^^^^^^^^^ method not found in `EdwardsPoint`\n...\n958 | impl_basepoint_table! {Name = EdwardsBasepointTableRadix256, LookupTable = LookupTableRadix256, Point = EdwardsPoint, Radix = 8, Additions = 33}\n    | ------------------------------------------------------------------------------------------------------------------------------------------------ in this macro invocation\n    |\n    = note: this error originates in the macro `impl_basepoint_table` (in Nightly builds, run with -Z macro-backtrace for more info)\n\nerror[E0599]: the method `select` exists for struct `LookupTableRadix256<AffineNielsPoint>`, but its trait bounds were not satisfied\n   --> /Users/graysonnocera/.cargo/registry/src/index.crates.io-6f17d22bba15001f/curve25519-dalek-3.2.1/src/edwards.rs:913:36\n    |\n913 |             P = (&P + &tables[i/2].select(a[i])).to_extended();\n    |                                    ^^^^^^ method cannot be called on `LookupTableRadix256<AffineNielsPoint>` due to unsatisfied trait bounds\n...\n958 | impl_basepoint_table! {Name = EdwardsBasepointTableRadix256, LookupTable = LookupTableRadix256, Point = EdwardsPoint, Radix = 8, Additions = 33}\n    | ------------------------------------------------------------------------------------------------------------------------------------------------ in this macro invocation\n    |\n   ::: /Users/graysonnocera/.cargo/registry/src/index.crates.io-6f17d22bba15001f/curve25519-dalek-3.2.1/src/backend/serial/curve_models/mod.rs:182:1\n    |\n182 | pub struct AffineNielsPoint {\n    | --------------------------- doesn't satisfy `AffineNielsPoint: Sized`\n    |\n   ::: /Users/graysonnocera/.cargo/registry/src/index.crates.io-6f17d22bba15001f/curve25519-dalek-3.2.1/src/window.rs:45:1\n    |\n45  | pub struct $name<T>(pub(crate) [T; $size]);\n    | ------------------------------------------- method `select` not found for this struct\n    |\n    = note: the following trait bounds were not satisfied:\n            `{type error}: Sized`\n            which is required by `AffineNielsPoint: Sized`\n    = note: this error originates in the macro `impl_basepoint_table` (in Nightly builds, run with -Z macro-backtrace for more info)\n\nerror[E0599]: no method named `to_extended` found for struct `EdwardsPoint` in the current scope\n   --> /Users/graysonnocera/.cargo/registry/src/index.crates.io-6f17d22bba15001f/curve25519-dalek-3.2.1/src/edwards.rs:913:50\n    |\n322 | pub struct EdwardsPoint {\n    | ----------------------- method `to_extended` not found for this struct\n...\n913 |             P = (&P + &tables[i/2].select(a[i])).to_extended();\n    |                                                  ^^^^^^^^^^^ method not found in `EdwardsPoint`\n...\n958 | impl_basepoint_table! {Name = EdwardsBasepointTableRadix256, LookupTable = LookupTableRadix256, Point = EdwardsPoint, Radix = 8, Additions = 33}\n    | ------------------------------------------------------------------------------------------------------------------------------------------------ in this macro invocation\n    |\n    = note: this error originates in the macro `impl_basepoint_table` (in Nightly builds, run with -Z macro-backtrace for more info)\n\nerror[E0599]: the method `select` exists for struct `LookupTable<AffineNielsPoint>`, but its trait bounds were not satisfied\n    --> /Users/graysonnocera/.cargo/registry/src/index.crates.io-6f17d22bba15001f/curve25519-dalek-3.2.1/src/edwards.rs:1039:36\n     |\n1039 |             P = (&P + &tables[i/2].select(a[i])).to_extended();\n     |                                    ^^^^^^ method cannot be called on `LookupTable<AffineNielsPoint>` due to unsatisfied trait bounds\n     |\n    ::: /Users/graysonnocera/.cargo/registry/src/index.crates.io-6f17d22bba15001f/curve25519-dalek-3.2.1/src/backend/serial/curve_models/mod.rs:182:1\n     |\n182  | pub struct AffineNielsPoint {\n     | --------------------------- doesn't satisfy `AffineNielsPoint: Sized`\n     |\n    ::: /Users/graysonnocera/.cargo/registry/src/index.crates.io-6f17d22bba15001f/curve25519-dalek-3.2.1/src/window.rs:45:1\n     |\n45   | pub struct $name<T>(pub(crate) [T; $size]);\n     | ------------------------------------------- method `select` not found for this struct\n     |\n     = note: the following trait bounds were not satisfied:\n             `{type error}: Sized`\n             which is required by `AffineNielsPoint: Sized`\n\nerror[E0599]: no method named `to_extended` found for struct `EdwardsPoint` in the current scope\n    --> /Users/graysonnocera/.cargo/registry/src/index.crates.io-6f17d22bba15001f/curve25519-dalek-3.2.1/src/edwards.rs:1039:50\n     |\n322  | pub struct EdwardsPoint {\n     | ----------------------- method `to_extended` not found for this struct\n...\n1039 |             P = (&P + &tables[i/2].select(a[i])).to_extended();\n     |                                                  ^^^^^^^^^^^ method not found in `EdwardsPoint`\n\nerror[E0599]: the method `select` exists for struct `LookupTable<AffineNielsPoint>`, but its trait bounds were not satisfied\n    --> /Users/graysonnocera/.cargo/registry/src/index.crates.io-6f17d22bba15001f/curve25519-dalek-3.2.1/src/edwards.rs:1045:36\n     |\n1045 |             P = (&P + &tables[i/2].select(a[i])).to_extended();\n     |                                    ^^^^^^ method cannot be called on `LookupTable<AffineNielsPoint>` due to unsatisfied trait bounds\n     |\n    ::: /Users/graysonnocera/.cargo/registry/src/index.crates.io-6f17d22bba15001f/curve25519-dalek-3.2.1/src/backend/serial/curve_models/mod.rs:182:1\n     |\n182  | pub struct AffineNielsPoint {\n     | --------------------------- doesn't satisfy `AffineNielsPoint: Sized`\n     |\n    ::: /Users/graysonnocera/.cargo/registry/src/index.crates.io-6f17d22bba15001f/curve25519-dalek-3.2.1/src/window.rs:45:1\n     |\n45   | pub struct $name<T>(pub(crate) [T; $size]);\n     | ------------------------------------------- method `select` not found for this struct\n     |\n     = note: the following trait bounds were not satisfied:\n             `{type error}: Sized`\n             which is required by `AffineNielsPoint: Sized`\n\nerror[E0599]: no method named `to_extended` found for struct `EdwardsPoint` in the current scope\n    --> /Users/graysonnocera/.cargo/registry/src/index.crates.io-6f17d22bba15001f/curve25519-dalek-3.2.1/src/edwards.rs:1045:50\n     |\n322  | pub struct EdwardsPoint {\n     | ----------------------- method `to_extended` not found for this struct\n...\n1045 |             P = (&P + &tables[i/2].select(a[i])).to_extended();\n     |                                                  ^^^^^^^^^^^ method not found in `EdwardsPoint`\n\nerror[E0599]: the method `select` exists for struct `LookupTable<AffineNielsPoint>`, but its trait bounds were not satisfied\n    --> /Users/graysonnocera/.cargo/registry/src/index.crates.io-6f17d22bba15001f/curve25519-dalek-3.2.1/src/edwards.rs:1054:49\n     |\n1054 |         (&EdwardsPoint::identity() + &self.0[0].select(1)).to_extended()\n     |                                                 ^^^^^^ method cannot be called on `LookupTable<AffineNielsPoint>` due to unsatisfied trait bounds\n     |\n    ::: /Users/graysonnocera/.cargo/registry/src/index.crates.io-6f17d22bba15001f/curve25519-dalek-3.2.1/src/backend/serial/curve_models/mod.rs:182:1\n     |\n182  | pub struct AffineNielsPoint {\n     | --------------------------- doesn't satisfy `AffineNielsPoint: Sized`\n     |\n    ::: /Users/graysonnocera/.cargo/registry/src/index.crates.io-6f17d22bba15001f/curve25519-dalek-3.2.1/src/window.rs:45:1\n     |\n45   | pub struct $name<T>(pub(crate) [T; $size]);\n     | ------------------------------------------- method `select` not found for this struct\n     |\n     = note: the following trait bounds were not satisfied:\n             `{type error}: Sized`\n             which is required by `AffineNielsPoint: Sized`\n\nerror[E0599]: no method named `to_extended` found for struct `EdwardsPoint` in the current scope\n    --> /Users/graysonnocera/.cargo/registry/src/index.crates.io-6f17d22bba15001f/curve25519-dalek-3.2.1/src/edwards.rs:1054:60\n     |\n322  | pub struct EdwardsPoint {\n     | ----------------------- method `to_extended` not found for this struct\n...\n1054 |         (&EdwardsPoint::identity() + &self.0[0].select(1)).to_extended()\n     |                                                            ^^^^^^^^^^^ method not found in `EdwardsPoint`\n\nerror[E0599]: the size for values of type `EdwardsPoint` cannot be known at compilation time\n    --> /Users/graysonnocera/.cargo/registry/src/index.crates.io-6f17d22bba15001f/curve25519-dalek-3.2.1/src/edwards.rs:1155:32\n     |\n322  | pub struct EdwardsPoint {\n     | ----------------------- method `is_identity` not found for this struct because it doesn't satisfy `EdwardsPoint: IsIdentity` or `EdwardsPoint: Sized`\n...\n1155 |         self.mul_by_cofactor().is_identity()\n     |                                ^^^^^^^^^^^ doesn't have a size known at compile-time\n     |\nnote: trait bound `EdwardsPoint: Sized` was not satisfied\n    --> /Users/graysonnocera/.cargo/registry/src/index.crates.io-6f17d22bba15001f/curve25519-dalek-3.2.1/src/traits.rs:42:6\n     |\n42   | impl<T> IsIdentity for T\n     |      ^  ----------     -\n     |      |\n     |      unsatisfied trait bound introduced here\nnote: the trait `Sized` must be implemented\n    --> /Users/graysonnocera/.rustup/toolchains/stable-aarch64-apple-darwin/lib/rustlib/src/rust/library/core/src/marker.rs:145:1\n     |\n145  | pub trait Sized {\n     | ^^^^^^^^^^^^^^^\n     = help: items from traits can only be used if the trait is implemented and in scope\nnote: `IsIdentity` defines an item `is_identity`, perhaps you need to implement it\n    --> /Users/graysonnocera/.cargo/registry/src/index.crates.io-6f17d22bba15001f/curve25519-dalek-3.2.1/src/traits.rs:34:1\n     |\n34   | pub trait IsIdentity {\n     | ^^^^^^^^^^^^^^^^^^^^\nhelp: consider relaxing the type parameter's implicit `Sized` bound\n    -->  /Users/graysonnocera/.cargo/registry/src/index.crates.io-6f17d22bba15001f/curve25519-dalek-3.2.1/src/traits.rs:42:7\n     |\n42   | impl<T: ?Sized> IsIdentity for T\n     |       ++++++++\n\nerror[E0599]: the size for values of type `EdwardsPoint` cannot be known at compilation time\n    --> /Users/graysonnocera/.cargo/registry/src/index.crates.io-6f17d22bba15001f/curve25519-dalek-3.2.1/src/edwards.rs:1185:45\n     |\n322  | pub struct EdwardsPoint {\n     | ----------------------- method `is_identity` not found for this struct because it doesn't satisfy `EdwardsPoint: IsIdentity` or `EdwardsPoint: Sized`\n...\n1185 |         (self * constants::BASEPOINT_ORDER).is_identity()\n     |                                             ^^^^^^^^^^^ doesn't have a size known at compile-time\n     |\nnote: trait bound `EdwardsPoint: Sized` was not satisfied\n    --> /Users/graysonnocera/.cargo/registry/src/index.crates.io-6f17d22bba15001f/curve25519-dalek-3.2.1/src/traits.rs:42:6\n     |\n42   | impl<T> IsIdentity for T\n     |      ^  ----------     -\n     |      |\n     |      unsatisfied trait bound introduced here\nnote: the trait `Sized` must be implemented\n    --> /Users/graysonnocera/.rustup/toolchains/stable-aarch64-apple-darwin/lib/rustlib/src/rust/library/core/src/marker.rs:145:1\n     |\n145  | pub trait Sized {\n     | ^^^^^^^^^^^^^^^\n     = help: items from traits can only be used if the trait is implemented and in scope\nnote: `IsIdentity` defines an item `is_identity`, perhaps you need to implement it\n    --> /Users/graysonnocera/.cargo/registry/src/index.crates.io-6f17d22bba15001f/curve25519-dalek-3.2.1/src/traits.rs:34:1\n     |\n34   | pub trait IsIdentity {\n     | ^^^^^^^^^^^^^^^^^^^^\nhelp: consider relaxing the type parameter's implicit `Sized` bound\n    -->  /Users/graysonnocera/.cargo/registry/src/index.crates.io-6f17d22bba15001f/curve25519-dalek-3.2.1/src/traits.rs:42:7\n     |\n42   | impl<T: ?Sized> IsIdentity for T\n     |       ++++++++\n\nerror[E0433]: failed to resolve: use of undeclared type `FieldElement`\n   --> /Users/graysonnocera/.cargo/registry/src/index.crates.io-6f17d22bba15001f/curve25519-dalek-3.2.1/src/field.rs:290:9\n    |\n290 |         FieldElement::sqrt_ratio_i(&FieldElement::one(), self)\n    |         ^^^^^^^^^^^^ use of undeclared type `FieldElement`\n\nerror[E0433]: failed to resolve: use of undeclared type `FieldElement`\n   --> /Users/graysonnocera/.cargo/registry/src/index.crates.io-6f17d22bba15001f/curve25519-dalek-3.2.1/src/field.rs:290:37\n    |\n290 |         FieldElement::sqrt_ratio_i(&FieldElement::one(), self)\n    |                                     ^^^^^^^^^^^^ use of undeclared type `FieldElement`\n\nerror[E0599]: the method `select` exists for struct `LookupTable<ProjectiveNielsPoint>`, but its trait bounds were not satisfied\n   --> /Users/graysonnocera/.cargo/registry/src/index.crates.io-6f17d22bba15001f/curve25519-dalek-3.2.1/src/backend/serial/scalar_mul/variable_base.rs:30:42\n    |\n30  |     let mut tmp1 = &tmp3 + &lookup_table.select(scalar_digits[63]);\n    |                                          ^^^^^^ method cannot be called on `LookupTable<ProjectiveNielsPoint>` due to unsatisfied trait bounds\n    |\n   ::: /Users/graysonnocera/.cargo/registry/src/index.crates.io-6f17d22bba15001f/curve25519-dalek-3.2.1/src/backend/serial/curve_models/mod.rs:202:1\n    |\n202 | pub struct ProjectiveNielsPoint {\n    | ------------------------------- doesn't satisfy `ProjectiveNielsPoint: Sized`\n    |\n   ::: /Users/graysonnocera/.cargo/registry/src/index.crates.io-6f17d22bba15001f/curve25519-dalek-3.2.1/src/window.rs:45:1\n    |\n45  | pub struct $name<T>(pub(crate) [T; $size]);\n    | ------------------------------------------- method `select` not found for this struct\n    |\n    = note: the following trait bounds were not satisfied:\n            `{type error}: Sized`\n            which is required by `ProjectiveNielsPoint: Sized`\n\nerror[E0308]: mismatched types\n  --> /Users/graysonnocera/.cargo/registry/src/index.crates.io-6f17d22bba15001f/curve25519-dalek-3.2.1/src/backend/serial/scalar_mul/variable_base.rs:34:16\n   |\n30 |     let mut tmp1 = &tmp3 + &lookup_table.select(scalar_digits[63]);\n   |                    ----------------------------------------------- expected due to this value\n...\n34 |         tmp1 = tmp2.double();        // tmp1 =  2*(prev) in P1xP1 coords\n   |                ^^^^^^^^^^^^^ expected `EdwardsPoint`, found `CompletedPoint`\n\nerror[E0308]: mismatched types\n  --> /Users/graysonnocera/.cargo/registry/src/index.crates.io-6f17d22bba15001f/curve25519-dalek-3.2.1/src/backend/serial/scalar_mul/variable_base.rs:36:16\n   |\n30 |     let mut tmp1 = &tmp3 + &lookup_table.select(scalar_digits[63]);\n   |                    ----------------------------------------------- expected due to this value\n...\n36 |         tmp1 = tmp2.double();        // tmp1 =  4*(prev) in P1xP1 coords\n   |                ^^^^^^^^^^^^^ expected `EdwardsPoint`, found `CompletedPoint`\n\nerror[E0308]: mismatched types\n  --> /Users/graysonnocera/.cargo/registry/src/index.crates.io-6f17d22bba15001f/curve25519-dalek-3.2.1/src/backend/serial/scalar_mul/variable_base.rs:38:16\n   |\n30 |     let mut tmp1 = &tmp3 + &lookup_table.select(scalar_digits[63]);\n   |                    ----------------------------------------------- expected due to this value\n...\n38 |         tmp1 = tmp2.double();        // tmp1 =  8*(prev) in P1xP1 coords\n   |                ^^^^^^^^^^^^^ expected `EdwardsPoint`, found `CompletedPoint`\n\nerror[E0308]: mismatched types\n  --> /Users/graysonnocera/.cargo/registry/src/index.crates.io-6f17d22bba15001f/curve25519-dalek-3.2.1/src/backend/serial/scalar_mul/variable_base.rs:40:16\n   |\n30 |     let mut tmp1 = &tmp3 + &lookup_table.select(scalar_digits[63]);\n   |                    ----------------------------------------------- expected due to this value\n...\n40 |         tmp1 = tmp2.double();        // tmp1 = 16*(prev) in P1xP1 coords\n   |                ^^^^^^^^^^^^^ expected `EdwardsPoint`, found `CompletedPoint`\n\nerror[E0599]: no method named `to_extended` found for struct `EdwardsPoint` in the current scope\n   --> /Users/graysonnocera/.cargo/registry/src/index.crates.io-6f17d22bba15001f/curve25519-dalek-3.2.1/src/backend/serial/scalar_mul/variable_base.rs:41:21\n    |\n41  |         tmp3 = tmp1.to_extended();   // tmp3 = 16*(prev) in P3 coords\n    |                     ^^^^^^^^^^^ method not found in `EdwardsPoint`\n    |\n   ::: /Users/graysonnocera/.cargo/registry/src/index.crates.io-6f17d22bba15001f/curve25519-dalek-3.2.1/src/edwards.rs:322:1\n    |\n322 | pub struct EdwardsPoint {\n    | ----------------------- method `to_extended` not found for this struct\n\nerror[E0599]: the method `select` exists for struct `LookupTable<ProjectiveNielsPoint>`, but its trait bounds were not satisfied\n   --> /Users/graysonnocera/.cargo/registry/src/index.crates.io-6f17d22bba15001f/curve25519-dalek-3.2.1/src/backend/serial/scalar_mul/variable_base.rs:42:38\n    |\n42  |         tmp1 = &tmp3 + &lookup_table.select(scalar_digits[i]);\n    |                                      ^^^^^^ method cannot be called on `LookupTable<ProjectiveNielsPoint>` due to unsatisfied trait bounds\n    |\n   ::: /Users/graysonnocera/.cargo/registry/src/index.crates.io-6f17d22bba15001f/curve25519-dalek-3.2.1/src/backend/serial/curve_models/mod.rs:202:1\n    |\n202 | pub struct ProjectiveNielsPoint {\n    | ------------------------------- doesn't satisfy `ProjectiveNielsPoint: Sized`\n    |\n   ::: /Users/graysonnocera/.cargo/registry/src/index.crates.io-6f17d22bba15001f/curve25519-dalek-3.2.1/src/window.rs:45:1\n    |\n45  | pub struct $name<T>(pub(crate) [T; $size]);\n    | ------------------------------------------- method `select` not found for this struct\n    |\n    = note: the following trait bounds were not satisfied:\n            `{type error}: Sized`\n            which is required by `ProjectiveNielsPoint: Sized`\n\nerror[E0599]: no method named `to_extended` found for struct `EdwardsPoint` in the current scope\n   --> /Users/graysonnocera/.cargo/registry/src/index.crates.io-6f17d22bba15001f/curve25519-dalek-3.2.1/src/backend/serial/scalar_mul/variable_base.rs:45:10\n    |\n45  |     tmp1.to_extended()\n    |          ^^^^^^^^^^^ method not found in `EdwardsPoint`\n    |\n   ::: /Users/graysonnocera/.cargo/registry/src/index.crates.io-6f17d22bba15001f/curve25519-dalek-3.2.1/src/edwards.rs:322:1\n    |\n322 | pub struct EdwardsPoint {\n    | ----------------------- method `to_extended` not found for this struct\n\nerror[E0599]: the method `select` exists for struct `NafLookupTable5<ProjectiveNielsPoint>`, but its trait bounds were not satisfied\n   --> /Users/graysonnocera/.cargo/registry/src/index.crates.io-6f17d22bba15001f/curve25519-dalek-3.2.1/src/backend/serial/scalar_mul/vartime_double_base.rs:42:45\n    |\n42  |             t = &t.to_extended() + &table_A.select(a_naf[i] as usize);\n    |                                             ^^^^^^ method cannot be called on `NafLookupTable5<ProjectiveNielsPoint>` due to unsatisfied trait bounds\n    |\n   ::: /Users/graysonnocera/.cargo/registry/src/index.crates.io-6f17d22bba15001f/curve25519-dalek-3.2.1/src/backend/serial/curve_models/mod.rs:202:1\n    |\n202 | pub struct ProjectiveNielsPoint {\n    | ------------------------------- doesn't satisfy `ProjectiveNielsPoint: Sized`\n    |\n   ::: /Users/graysonnocera/.cargo/registry/src/index.crates.io-6f17d22bba15001f/curve25519-dalek-3.2.1/src/window.rs:141:1\n    |\n141 | pub(crate) struct NafLookupTable5<T>(pub(crate) [T; 8]);\n    | ------------------------------------ method `select` not found for this struct\n    |\n    = note: the following trait bounds were not satisfied:\n            `{type error}: Sized`\n            which is required by `ProjectiveNielsPoint: Sized`\n\nerror[E0308]: mismatched types\n  --> /Users/graysonnocera/.cargo/registry/src/index.crates.io-6f17d22bba15001f/curve25519-dalek-3.2.1/src/backend/serial/scalar_mul/vartime_double_base.rs:42:17\n   |\n39 |         let mut t = r.double();\n   |                     ---------- expected due to this value\n...\n42 |             t = &t.to_extended() + &table_A.select(a_naf[i] as usize);\n   |                 ^^^^^^^^^^^^^^^^^^^^^^^^^^^^^^^^^^^^^^^^^^^^^^^^^^^^^ expected `CompletedPoint`, found `EdwardsPoint`\n\nerror[E0599]: the method `select` exists for struct `NafLookupTable5<ProjectiveNielsPoint>`, but its trait bounds were not satisfied\n   --> /Users/graysonnocera/.cargo/registry/src/index.crates.io-6f17d22bba15001f/curve25519-dalek-3.2.1/src/backend/serial/scalar_mul/vartime_double_base.rs:44:45\n    |\n44  |             t = &t.to_extended() - &table_A.select(-a_naf[i] as usize);\n    |                                             ^^^^^^ method cannot be called on `NafLookupTable5<ProjectiveNielsPoint>` due to unsatisfied trait bounds\n    |\n   ::: /Users/graysonnocera/.cargo/registry/src/index.crates.io-6f17d22bba15001f/curve25519-dalek-3.2.1/src/backend/serial/curve_models/mod.rs:202:1\n    |\n202 | pub struct ProjectiveNielsPoint {\n    | ------------------------------- doesn't satisfy `ProjectiveNielsPoint: Sized`\n    |\n   ::: /Users/graysonnocera/.cargo/registry/src/index.crates.io-6f17d22bba15001f/curve25519-dalek-3.2.1/src/window.rs:141:1\n    |\n141 | pub(crate) struct NafLookupTable5<T>(pub(crate) [T; 8]);\n    | ------------------------------------ method `select` not found for this struct\n    |\n    = note: the following trait bounds were not satisfied:\n            `{type error}: Sized`\n            which is required by `ProjectiveNielsPoint: Sized`\n\nerror[E0308]: mismatched types\n  --> /Users/graysonnocera/.cargo/registry/src/index.crates.io-6f17d22bba15001f/curve25519-dalek-3.2.1/src/backend/serial/scalar_mul/vartime_double_base.rs:44:17\n   |\n39 |         let mut t = r.double();\n   |                     ---------- expected due to this value\n...\n44 |             t = &t.to_extended() - &table_A.select(-a_naf[i] as usize);\n   |                 ^^^^^^^^^^^^^^^^^^^^^^^^^^^^^^^^^^^^^^^^^^^^^^^^^^^^^^ expected `CompletedPoint`, found `EdwardsPoint`\n\nerror[E0308]: mismatched types\n  --> /Users/graysonnocera/.cargo/registry/src/index.crates.io-6f17d22bba15001f/curve25519-dalek-3.2.1/src/backend/serial/scalar_mul/vartime_double_base.rs:48:17\n   |\n39 |         let mut t = r.double();\n   |                     ---------- expected due to this value\n...\n48 |             t = &t.to_extended() + &table_B.select(b_naf[i] as usize);\n   |                 ^^^^^^^^^^^^^^^^^^^^^^^^^^^^^^^^^^^^^^^^^^^^^^^^^^^^^ expected `CompletedPoint`, found `EdwardsPoint`\n\nerror[E0308]: mismatched types\n  --> /Users/graysonnocera/.cargo/registry/src/index.crates.io-6f17d22bba15001f/curve25519-dalek-3.2.1/src/backend/serial/scalar_mul/vartime_double_base.rs:50:17\n   |\n39 |         let mut t = r.double();\n   |                     ---------- expected due to this value\n...\n50 |             t = &t.to_extended() - &table_B.select(-b_naf[i] as usize);\n   |                 ^^^^^^^^^^^^^^^^^^^^^^^^^^^^^^^^^^^^^^^^^^^^^^^^^^^^^^ expected `CompletedPoint`, found `EdwardsPoint`\n\nSome errors have detailed explanations: E0308, E0412, E0425, E0432, E0433, E0599.\nFor more information about an error, try `rustc --explain E0308`.\nerror: could not compile `curve25519-dalek` (lib) due to 135 previous errors\nwarning: build failed, waiting for other jobs to finish...\n",
      "stdout": ""
    },
    "features": [
      "std"
    ],
    "project": "../../../Downloads/695-Project/dataset/nostd-failed-crates/crates/bamboo-rs-core-ed25519-yasmf-0.1.1/src",
    "time_to_build": 13865,
    "time_to_solve": 58
  }
]