[
  {
    "built_with_features": "alloc",
    "command": {
      "args": [
        "build",
        "--target",
        "thumbv7m-none-eabi",
        "--no-default-features",
        "--features",
        "alloc"
      ],
      "code": 101,
      "stderr": "   Compiling noah-curve25519-dalek v4.0.0\nerror: no curve25519-dalek backend cargo feature enabled! please enable one of: u32_backend, u64_backend, fiat_u32_backend, fiat_u64_backend, simd_backend\n  --> /Users/graysonnocera/.cargo/registry/src/index.crates.io-6f17d22bba15001f/noah-curve25519-dalek-4.0.0/src/backend/mod.rs:44:1\n   |\n44 | / compile_error!(\n45 | |     \"no curve25519-dalek backend cargo feature enabled! \\\n46 | |      please enable one of: u32_backend, u64_backend, fiat_u32_backend, fiat_u64_backend, simd_backend\"\n47 | | );\n   | |_^\n\nerror: no curve25519-dalek backend cargo feature enabled! please enable one of: u32_backend, u64_backend, fiat_u32_backend, fiat_u64_backend\n  --> /Users/graysonnocera/.cargo/registry/src/index.crates.io-6f17d22bba15001f/noah-curve25519-dalek-4.0.0/src/backend/serial/mod.rs:32:1\n   |\n32 | / compile_error!(\n33 | |     \"no curve25519-dalek backend cargo feature enabled! \\\n34 | |      please enable one of: u32_backend, u64_backend, fiat_u32_backend, fiat_u64_backend\"\n35 | | );\n   | |_^\n\nerror[E0432]: unresolved imports `constants::APLUS2_OVER_FOUR`, `constants::MONTGOMERY_A`, `constants::MONTGOMERY_A_NEG`\n  --> /Users/graysonnocera/.cargo/registry/src/index.crates.io-6f17d22bba15001f/noah-curve25519-dalek-4.0.0/src/montgomery.rs:54:17\n   |\n54 | use constants::{APLUS2_OVER_FOUR, MONTGOMERY_A, MONTGOMERY_A_NEG};\n   |                 ^^^^^^^^^^^^^^^^  ^^^^^^^^^^^^  ^^^^^^^^^^^^^^^^ no `MONTGOMERY_A_NEG` in `constants`\n   |                 |                 |\n   |                 |                 no `MONTGOMERY_A` in `constants`\n   |                 no `APLUS2_OVER_FOUR` in `constants`\n\nerror[E0432]: unresolved import `field::FieldElement`\n  --> /Users/graysonnocera/.cargo/registry/src/index.crates.io-6f17d22bba15001f/noah-curve25519-dalek-4.0.0/src/montgomery.rs:56:5\n   |\n56 | use field::FieldElement;\n   |     ^^^^^^^^^^^^^^^^^^^ no `FieldElement` in `field`\n   |\nnote: found an item that was configured out\n  --> /Users/graysonnocera/.cargo/registry/src/index.crates.io-6f17d22bba15001f/noah-curve25519-dalek-4.0.0/src/field.rs:47:10\n   |\n47 | pub type FieldElement = backend::serial::fiat_u32::field::FieldElement2625;\n   |          ^^^^^^^^^^^^\nnote: the item is gated behind the `fiat_u32_backend` feature\n  --> /Users/graysonnocera/.cargo/registry/src/index.crates.io-6f17d22bba15001f/noah-curve25519-dalek-4.0.0/src/field.rs:46:7\n   |\n46 | #[cfg(feature = \"fiat_u32_backend\")]\n   |       ^^^^^^^^^^^^^^^^^^^^^^^^^^^^\nnote: found an item that was configured out\n  --> /Users/graysonnocera/.cargo/registry/src/index.crates.io-6f17d22bba15001f/noah-curve25519-dalek-4.0.0/src/field.rs:49:10\n   |\n49 | pub type FieldElement = backend::serial::fiat_u64::field::FieldElement51;\n   |          ^^^^^^^^^^^^\nnote: the item is gated behind the `fiat_u64_backend` feature\n  --> /Users/graysonnocera/.cargo/registry/src/index.crates.io-6f17d22bba15001f/noah-curve25519-dalek-4.0.0/src/field.rs:48:7\n   |\n48 | #[cfg(feature = \"fiat_u64_backend\")]\n   |       ^^^^^^^^^^^^^^^^^^^^^^^^^^^^\nnote: found an item that was configured out\n  --> /Users/graysonnocera/.cargo/registry/src/index.crates.io-6f17d22bba15001f/noah-curve25519-dalek-4.0.0/src/field.rs:59:10\n   |\n59 | pub type FieldElement = backend::serial::u64::field::FieldElement51;\n   |          ^^^^^^^^^^^^\nnote: the item is gated behind the `u64_backend` feature\n  --> /Users/graysonnocera/.cargo/registry/src/index.crates.io-6f17d22bba15001f/noah-curve25519-dalek-4.0.0/src/field.rs:58:7\n   |\n58 | #[cfg(feature = \"u64_backend\")]\n   |       ^^^^^^^^^^^^^^^^^^^^^^^\nnote: found an item that was configured out\n  --> /Users/graysonnocera/.cargo/registry/src/index.crates.io-6f17d22bba15001f/noah-curve25519-dalek-4.0.0/src/field.rs:69:10\n   |\n69 | pub type FieldElement = backend::serial::u32::field::FieldElement2625;\n   |          ^^^^^^^^^^^^\nnote: the item is gated behind the `u32_backend` feature\n  --> /Users/graysonnocera/.cargo/registry/src/index.crates.io-6f17d22bba15001f/noah-curve25519-dalek-4.0.0/src/field.rs:68:7\n   |\n68 | #[cfg(feature = \"u32_backend\")]\n   |       ^^^^^^^^^^^^^^^^^^^^^^^\n\nerror[E0432]: unresolved import `field::FieldElement`\n   --> /Users/graysonnocera/.cargo/registry/src/index.crates.io-6f17d22bba15001f/noah-curve25519-dalek-4.0.0/src/edwards.rs:114:5\n    |\n114 | use field::FieldElement;\n    |     ^^^^^^^^^^^^^^^^^^^ no `FieldElement` in `field`\n    |\nnote: found an item that was configured out\n   --> /Users/graysonnocera/.cargo/registry/src/index.crates.io-6f17d22bba15001f/noah-curve25519-dalek-4.0.0/src/field.rs:47:10\n    |\n47  | pub type FieldElement = backend::serial::fiat_u32::field::FieldElement2625;\n    |          ^^^^^^^^^^^^\nnote: the item is gated behind the `fiat_u32_backend` feature\n   --> /Users/graysonnocera/.cargo/registry/src/index.crates.io-6f17d22bba15001f/noah-curve25519-dalek-4.0.0/src/field.rs:46:7\n    |\n46  | #[cfg(feature = \"fiat_u32_backend\")]\n    |       ^^^^^^^^^^^^^^^^^^^^^^^^^^^^\nnote: found an item that was configured out\n   --> /Users/graysonnocera/.cargo/registry/src/index.crates.io-6f17d22bba15001f/noah-curve25519-dalek-4.0.0/src/field.rs:49:10\n    |\n49  | pub type FieldElement = backend::serial::fiat_u64::field::FieldElement51;\n    |          ^^^^^^^^^^^^\nnote: the item is gated behind the `fiat_u64_backend` feature\n   --> /Users/graysonnocera/.cargo/registry/src/index.crates.io-6f17d22bba15001f/noah-curve25519-dalek-4.0.0/src/field.rs:48:7\n    |\n48  | #[cfg(feature = \"fiat_u64_backend\")]\n    |       ^^^^^^^^^^^^^^^^^^^^^^^^^^^^\nnote: found an item that was configured out\n   --> /Users/graysonnocera/.cargo/registry/src/index.crates.io-6f17d22bba15001f/noah-curve25519-dalek-4.0.0/src/field.rs:59:10\n    |\n59  | pub type FieldElement = backend::serial::u64::field::FieldElement51;\n    |          ^^^^^^^^^^^^\nnote: the item is gated behind the `u64_backend` feature\n   --> /Users/graysonnocera/.cargo/registry/src/index.crates.io-6f17d22bba15001f/noah-curve25519-dalek-4.0.0/src/field.rs:58:7\n    |\n58  | #[cfg(feature = \"u64_backend\")]\n    |       ^^^^^^^^^^^^^^^^^^^^^^^\nnote: found an item that was configured out\n   --> /Users/graysonnocera/.cargo/registry/src/index.crates.io-6f17d22bba15001f/noah-curve25519-dalek-4.0.0/src/field.rs:69:10\n    |\n69  | pub type FieldElement = backend::serial::u32::field::FieldElement2625;\n    |          ^^^^^^^^^^^^\nnote: the item is gated behind the `u32_backend` feature\n   --> /Users/graysonnocera/.cargo/registry/src/index.crates.io-6f17d22bba15001f/noah-curve25519-dalek-4.0.0/src/field.rs:68:7\n    |\n68  | #[cfg(feature = \"u32_backend\")]\n    |       ^^^^^^^^^^^^^^^^^^^^^^^\n\nerror[E0432]: unresolved import `field::FieldElement`\n   --> /Users/graysonnocera/.cargo/registry/src/index.crates.io-6f17d22bba15001f/noah-curve25519-dalek-4.0.0/src/ristretto.rs:174:5\n    |\n174 | use field::FieldElement;\n    |     ^^^^^^^^^^^^^^^^^^^ no `FieldElement` in `field`\n    |\nnote: found an item that was configured out\n   --> /Users/graysonnocera/.cargo/registry/src/index.crates.io-6f17d22bba15001f/noah-curve25519-dalek-4.0.0/src/field.rs:47:10\n    |\n47  | pub type FieldElement = backend::serial::fiat_u32::field::FieldElement2625;\n    |          ^^^^^^^^^^^^\nnote: the item is gated behind the `fiat_u32_backend` feature\n   --> /Users/graysonnocera/.cargo/registry/src/index.crates.io-6f17d22bba15001f/noah-curve25519-dalek-4.0.0/src/field.rs:46:7\n    |\n46  | #[cfg(feature = \"fiat_u32_backend\")]\n    |       ^^^^^^^^^^^^^^^^^^^^^^^^^^^^\nnote: found an item that was configured out\n   --> /Users/graysonnocera/.cargo/registry/src/index.crates.io-6f17d22bba15001f/noah-curve25519-dalek-4.0.0/src/field.rs:49:10\n    |\n49  | pub type FieldElement = backend::serial::fiat_u64::field::FieldElement51;\n    |          ^^^^^^^^^^^^\nnote: the item is gated behind the `fiat_u64_backend` feature\n   --> /Users/graysonnocera/.cargo/registry/src/index.crates.io-6f17d22bba15001f/noah-curve25519-dalek-4.0.0/src/field.rs:48:7\n    |\n48  | #[cfg(feature = \"fiat_u64_backend\")]\n    |       ^^^^^^^^^^^^^^^^^^^^^^^^^^^^\nnote: found an item that was configured out\n   --> /Users/graysonnocera/.cargo/registry/src/index.crates.io-6f17d22bba15001f/noah-curve25519-dalek-4.0.0/src/field.rs:59:10\n    |\n59  | pub type FieldElement = backend::serial::u64::field::FieldElement51;\n    |          ^^^^^^^^^^^^\nnote: the item is gated behind the `u64_backend` feature\n   --> /Users/graysonnocera/.cargo/registry/src/index.crates.io-6f17d22bba15001f/noah-curve25519-dalek-4.0.0/src/field.rs:58:7\n    |\n58  | #[cfg(feature = \"u64_backend\")]\n    |       ^^^^^^^^^^^^^^^^^^^^^^^\nnote: found an item that was configured out\n   --> /Users/graysonnocera/.cargo/registry/src/index.crates.io-6f17d22bba15001f/noah-curve25519-dalek-4.0.0/src/field.rs:69:10\n    |\n69  | pub type FieldElement = backend::serial::u32::field::FieldElement2625;\n    |          ^^^^^^^^^^^^\nnote: the item is gated behind the `u32_backend` feature\n   --> /Users/graysonnocera/.cargo/registry/src/index.crates.io-6f17d22bba15001f/noah-curve25519-dalek-4.0.0/src/field.rs:68:7\n    |\n68  | #[cfg(feature = \"u32_backend\")]\n    |       ^^^^^^^^^^^^^^^^^^^^^^^\n\nerror[E0432]: unresolved import `field::FieldElement`\n   --> /Users/graysonnocera/.cargo/registry/src/index.crates.io-6f17d22bba15001f/noah-curve25519-dalek-4.0.0/src/backend/serial/curve_models/mod.rs:137:5\n    |\n137 | use field::FieldElement;\n    |     ^^^^^^^^^^^^^^^^^^^ no `FieldElement` in `field`\n    |\nnote: found an item that was configured out\n   --> /Users/graysonnocera/.cargo/registry/src/index.crates.io-6f17d22bba15001f/noah-curve25519-dalek-4.0.0/src/field.rs:47:10\n    |\n47  | pub type FieldElement = backend::serial::fiat_u32::field::FieldElement2625;\n    |          ^^^^^^^^^^^^\nnote: the item is gated behind the `fiat_u32_backend` feature\n   --> /Users/graysonnocera/.cargo/registry/src/index.crates.io-6f17d22bba15001f/noah-curve25519-dalek-4.0.0/src/field.rs:46:7\n    |\n46  | #[cfg(feature = \"fiat_u32_backend\")]\n    |       ^^^^^^^^^^^^^^^^^^^^^^^^^^^^\nnote: found an item that was configured out\n   --> /Users/graysonnocera/.cargo/registry/src/index.crates.io-6f17d22bba15001f/noah-curve25519-dalek-4.0.0/src/field.rs:49:10\n    |\n49  | pub type FieldElement = backend::serial::fiat_u64::field::FieldElement51;\n    |          ^^^^^^^^^^^^\nnote: the item is gated behind the `fiat_u64_backend` feature\n   --> /Users/graysonnocera/.cargo/registry/src/index.crates.io-6f17d22bba15001f/noah-curve25519-dalek-4.0.0/src/field.rs:48:7\n    |\n48  | #[cfg(feature = \"fiat_u64_backend\")]\n    |       ^^^^^^^^^^^^^^^^^^^^^^^^^^^^\nnote: found an item that was configured out\n   --> /Users/graysonnocera/.cargo/registry/src/index.crates.io-6f17d22bba15001f/noah-curve25519-dalek-4.0.0/src/field.rs:59:10\n    |\n59  | pub type FieldElement = backend::serial::u64::field::FieldElement51;\n    |          ^^^^^^^^^^^^\nnote: the item is gated behind the `u64_backend` feature\n   --> /Users/graysonnocera/.cargo/registry/src/index.crates.io-6f17d22bba15001f/noah-curve25519-dalek-4.0.0/src/field.rs:58:7\n    |\n58  | #[cfg(feature = \"u64_backend\")]\n    |       ^^^^^^^^^^^^^^^^^^^^^^^\nnote: found an item that was configured out\n   --> /Users/graysonnocera/.cargo/registry/src/index.crates.io-6f17d22bba15001f/noah-curve25519-dalek-4.0.0/src/field.rs:69:10\n    |\n69  | pub type FieldElement = backend::serial::u32::field::FieldElement2625;\n    |          ^^^^^^^^^^^^\nnote: the item is gated behind the `u32_backend` feature\n   --> /Users/graysonnocera/.cargo/registry/src/index.crates.io-6f17d22bba15001f/noah-curve25519-dalek-4.0.0/src/field.rs:68:7\n    |\n68  | #[cfg(feature = \"u32_backend\")]\n    |       ^^^^^^^^^^^^^^^^^^^^^^^\n\nerror[E0425]: cannot find value `R` in module `constants`\n   --> /Users/graysonnocera/.cargo/registry/src/index.crates.io-6f17d22bba15001f/noah-curve25519-dalek-4.0.0/src/scalar.rs:330:68\n    |\n330 |         let sum_R = UnpackedScalar::mul_internal(&sum, &constants::R);\n    |                                                                    ^ not found in `constants`\n\nerror[E0425]: cannot find value `R` in module `constants`\n   --> /Users/graysonnocera/.cargo/registry/src/index.crates.io-6f17d22bba15001f/noah-curve25519-dalek-4.0.0/src/scalar.rs:354:79\n    |\n354 |         let self_R = UnpackedScalar::mul_internal(&self.unpack(), &constants::R);\n    |                                                                               ^ not found in `constants`\n\nerror[E0425]: cannot find value `R` in module `constants`\n   --> /Users/graysonnocera/.cargo/registry/src/index.crates.io-6f17d22bba15001f/noah-curve25519-dalek-4.0.0/src/scalar.rs:356:77\n    |\n356 |         let rhs_R = UnpackedScalar::mul_internal(&rhs.unpack(), &constants::R);\n    |                                                                             ^ not found in `constants`\n\nerror[E0425]: cannot find value `R` in module `constants`\n   --> /Users/graysonnocera/.cargo/registry/src/index.crates.io-6f17d22bba15001f/noah-curve25519-dalek-4.0.0/src/scalar.rs:369:79\n    |\n369 |         let self_R = UnpackedScalar::mul_internal(&self.unpack(), &constants::R);\n    |                                                                               ^ not found in `constants`\n\nerror[E0412]: cannot find type `UnpackedScalar` in this scope\n   --> /Users/graysonnocera/.cargo/registry/src/index.crates.io-6f17d22bba15001f/noah-curve25519-dalek-4.0.0/src/scalar.rs:791:18\n    |\n791 |         let one: UnpackedScalar = Scalar::one().unpack().to_montgomery();\n    |                  ^^^^^^^^^^^^^^ not found in this scope\n\nerror[E0412]: cannot find type `UnpackedScalar` in this scope\n    --> /Users/graysonnocera/.cargo/registry/src/index.crates.io-6f17d22bba15001f/noah-curve25519-dalek-4.0.0/src/scalar.rs:1112:36\n     |\n1112 |     pub(crate) fn unpack(&self) -> UnpackedScalar {\n     |                                    ^^^^^^^^^^^^^^ not found in this scope\n\nerror[E0425]: cannot find value `R` in module `constants`\n    --> /Users/graysonnocera/.cargo/registry/src/index.crates.io-6f17d22bba15001f/noah-curve25519-dalek-4.0.0/src/scalar.rs:1120:63\n     |\n1120 |         let xR = UnpackedScalar::mul_internal(&x, &constants::R);\n     |                                                               ^ not found in `constants`\n\nerror[E0412]: cannot find type `UnpackedScalar` in this scope\n    --> /Users/graysonnocera/.cargo/registry/src/index.crates.io-6f17d22bba15001f/noah-curve25519-dalek-4.0.0/src/scalar.rs:1148:6\n     |\n1148 | impl UnpackedScalar {\n     |      ^^^^^^^^^^^^^^ not found in this scope\n\nerror[E0412]: cannot find type `UnpackedScalar` in this scope\n    --> /Users/graysonnocera/.cargo/registry/src/index.crates.io-6f17d22bba15001f/noah-curve25519-dalek-4.0.0/src/scalar.rs:1157:40\n     |\n1157 |     pub fn montgomery_invert(&self) -> UnpackedScalar {\n     |                                        ^^^^^^^^^^^^^^ not found in this scope\n\nerror[E0412]: cannot find type `UnpackedScalar` in this scope\n    --> /Users/graysonnocera/.cargo/registry/src/index.crates.io-6f17d22bba15001f/noah-curve25519-dalek-4.0.0/src/scalar.rs:1174:36\n     |\n1174 |         fn square_multiply(y: &mut UnpackedScalar, squarings: usize, x: &UnpackedScalar) {\n     |                                    ^^^^^^^^^^^^^^ not found in this scope\n\nerror[E0412]: cannot find type `UnpackedScalar` in this scope\n    --> /Users/graysonnocera/.cargo/registry/src/index.crates.io-6f17d22bba15001f/noah-curve25519-dalek-4.0.0/src/scalar.rs:1174:74\n     |\n1174 |         fn square_multiply(y: &mut UnpackedScalar, squarings: usize, x: &UnpackedScalar) {\n     |                                                                          ^^^^^^^^^^^^^^ not found in this scope\n\nerror[E0412]: cannot find type `UnpackedScalar` in this scope\n    --> /Users/graysonnocera/.cargo/registry/src/index.crates.io-6f17d22bba15001f/noah-curve25519-dalek-4.0.0/src/scalar.rs:1213:29\n     |\n1213 |     pub fn invert(&self) -> UnpackedScalar {\n     |                             ^^^^^^^^^^^^^^ not found in this scope\n\nerror[E0425]: cannot find value `EDWARDS_D` in module `constants`\n   --> /Users/graysonnocera/.cargo/registry/src/index.crates.io-6f17d22bba15001f/noah-curve25519-dalek-4.0.0/src/edwards.rs:198:37\n    |\n198 |         let v = &(&YY * &constants::EDWARDS_D) + &Z; // v = dyÂ²+1\n    |                                     ^^^^^^^^^ not found in `constants`\n\nerror[E0425]: cannot find value `EDWARDS_D2` in module `constants`\n   --> /Users/graysonnocera/.cargo/registry/src/index.crates.io-6f17d22bba15001f/noah-curve25519-dalek-4.0.0/src/edwards.rs:482:40\n    |\n482 |             T2d: &self.T * &constants::EDWARDS_D2,\n    |                                        ^^^^^^^^^^ not found in `constants`\n\nerror[E0425]: cannot find value `EDWARDS_D2` in module `constants`\n   --> /Users/graysonnocera/.cargo/registry/src/index.crates.io-6f17d22bba15001f/noah-curve25519-dalek-4.0.0/src/edwards.rs:504:45\n    |\n504 |         let xy2d = &(&x * &y) * &constants::EDWARDS_D2;\n    |                                             ^^^^^^^^^^ not found in `constants`\n\nerror[E0425]: cannot find value `EDWARDS_D` in module `constants`\n   --> /Users/graysonnocera/.cargo/registry/src/index.crates.io-6f17d22bba15001f/noah-curve25519-dalek-4.0.0/src/ristretto.rs:284:34\n    |\n284 |         let v = &(&(-&constants::EDWARDS_D) * &u1.square()) - &u2_sqr;\n    |                                  ^^^^^^^^^ not found in `constants`\n\nerror[E0425]: cannot find value `SQRT_M1` in module `constants`\n   --> /Users/graysonnocera/.cargo/registry/src/index.crates.io-6f17d22bba15001f/noah-curve25519-dalek-4.0.0/src/ristretto.rs:477:35\n    |\n477 |         let iX = &X * &constants::SQRT_M1;\n    |                                   ^^^^^^^ not found in `constants`\n\nerror[E0425]: cannot find value `SQRT_M1` in module `constants`\n   --> /Users/graysonnocera/.cargo/registry/src/index.crates.io-6f17d22bba15001f/noah-curve25519-dalek-4.0.0/src/ristretto.rs:478:35\n    |\n478 |         let iY = &Y * &constants::SQRT_M1;\n    |                                   ^^^^^^^ not found in `constants`\n\nerror[E0425]: cannot find value `INVSQRT_A_MINUS_D` in module `constants`\n   --> /Users/graysonnocera/.cargo/registry/src/index.crates.io-6f17d22bba15001f/noah-curve25519-dalek-4.0.0/src/ristretto.rs:479:43\n    |\n479 |         let ristretto_magic = &constants::INVSQRT_A_MINUS_D;\n    |                                           ^^^^^^^^^^^^^^^^^ not found in `constants`\n\nerror[E0425]: cannot find value `EDWARDS_D` in module `constants`\n   --> /Users/graysonnocera/.cargo/registry/src/index.crates.io-6f17d22bba15001f/noah-curve25519-dalek-4.0.0/src/ristretto.rs:551:57\n    |\n551 |                 let dTT = &P.0.T.square() * &constants::EDWARDS_D;\n    |                                                         ^^^^^^^^^ not found in `constants`\n\nerror[E0425]: cannot find value `INVSQRT_A_MINUS_D` in module `constants`\n   --> /Users/graysonnocera/.cargo/registry/src/index.crates.io-6f17d22bba15001f/noah-curve25519-dalek-4.0.0/src/ristretto.rs:579:44\n    |\n579 |                 let mut magic = constants::INVSQRT_A_MINUS_D;\n    |                                            ^^^^^^^^^^^^^^^^^ not found in `constants`\n\nerror[E0425]: cannot find value `SQRT_M1` in module `constants`\n   --> /Users/graysonnocera/.cargo/registry/src/index.crates.io-6f17d22bba15001f/noah-curve25519-dalek-4.0.0/src/ristretto.rs:588:60\n    |\n588 |                 let f_times_sqrta = &state.f * &constants::SQRT_M1;\n    |                                                            ^^^^^^^ not found in `constants`\n\nerror[E0425]: cannot find value `SQRT_M1` in module `constants`\n   --> /Users/graysonnocera/.cargo/registry/src/index.crates.io-6f17d22bba15001f/noah-curve25519-dalek-4.0.0/src/ristretto.rs:594:54\n    |\n594 |                 magic.conditional_assign(&constants::SQRT_M1, negcheck1);\n    |                                                      ^^^^^^^ not found in `constants`\n\nerror[E0425]: cannot find value `EIGHT_TORSION` in module `constants`\n   --> /Users/graysonnocera/.cargo/registry/src/index.crates.io-6f17d22bba15001f/noah-curve25519-dalek-4.0.0/src/ristretto.rs:614:35\n    |\n614 |             &self.0 + &constants::EIGHT_TORSION[2],\n    |                                   ^^^^^^^^^^^^^ not found in `constants`\n\nerror[E0425]: cannot find value `EIGHT_TORSION` in module `constants`\n   --> /Users/graysonnocera/.cargo/registry/src/index.crates.io-6f17d22bba15001f/noah-curve25519-dalek-4.0.0/src/ristretto.rs:615:35\n    |\n615 |             &self.0 + &constants::EIGHT_TORSION[4],\n    |                                   ^^^^^^^^^^^^^ not found in `constants`\n\nerror[E0425]: cannot find value `EIGHT_TORSION` in module `constants`\n   --> /Users/graysonnocera/.cargo/registry/src/index.crates.io-6f17d22bba15001f/noah-curve25519-dalek-4.0.0/src/ristretto.rs:616:35\n    |\n616 |             &self.0 + &constants::EIGHT_TORSION[6],\n    |                                   ^^^^^^^^^^^^^ not found in `constants`\n\nerror[E0425]: cannot find value `SQRT_M1` in module `constants`\n   --> /Users/graysonnocera/.cargo/registry/src/index.crates.io-6f17d22bba15001f/noah-curve25519-dalek-4.0.0/src/ristretto.rs:627:29\n    |\n627 |         let i = &constants::SQRT_M1;\n    |                             ^^^^^^^ not found in `constants`\n\nerror[E0425]: cannot find value `EDWARDS_D` in module `constants`\n   --> /Users/graysonnocera/.cargo/registry/src/index.crates.io-6f17d22bba15001f/noah-curve25519-dalek-4.0.0/src/ristretto.rs:628:29\n    |\n628 |         let d = &constants::EDWARDS_D;\n    |                             ^^^^^^^^^ not found in `constants`\n\nerror[E0425]: cannot find value `ONE_MINUS_EDWARDS_D_SQUARED` in module `constants`\n   --> /Users/graysonnocera/.cargo/registry/src/index.crates.io-6f17d22bba15001f/noah-curve25519-dalek-4.0.0/src/ristretto.rs:629:42\n    |\n629 |         let one_minus_d_sq = &constants::ONE_MINUS_EDWARDS_D_SQUARED;\n    |                                          ^^^^^^^^^^^^^^^^^^^^^^^^^^^ not found in `constants`\n\nerror[E0425]: cannot find value `EDWARDS_D_MINUS_ONE_SQUARED` in module `constants`\n   --> /Users/graysonnocera/.cargo/registry/src/index.crates.io-6f17d22bba15001f/noah-curve25519-dalek-4.0.0/src/ristretto.rs:630:42\n    |\n630 |         let d_minus_one_sq = &constants::EDWARDS_D_MINUS_ONE_SQUARED;\n    |                                          ^^^^^^^^^^^^^^^^^^^^^^^^^^^ not found in `constants`\n\nerror[E0425]: cannot find value `MINUS_ONE` in module `constants`\n   --> /Users/graysonnocera/.cargo/registry/src/index.crates.io-6f17d22bba15001f/noah-curve25519-dalek-4.0.0/src/ristretto.rs:631:32\n    |\n631 |         let mut c = constants::MINUS_ONE;\n    |                                ^^^^^^^^^ not found in `constants`\n\nerror[E0425]: cannot find value `SQRT_AD_MINUS_ONE` in module `constants`\n   --> /Users/graysonnocera/.cargo/registry/src/index.crates.io-6f17d22bba15001f/noah-curve25519-dalek-4.0.0/src/ristretto.rs:656:39\n    |\n656 |                 Z: &N_t * &constants::SQRT_AD_MINUS_ONE,\n    |                                       ^^^^^^^^^^^^^^^^^ not found in `constants`\n\nerror[E0425]: cannot find value `ED25519_BASEPOINT_POINT` in this scope\n  --> /Users/graysonnocera/.cargo/registry/src/index.crates.io-6f17d22bba15001f/noah-curve25519-dalek-4.0.0/src/constants.rs:73:70\n   |\n73 | pub const RISTRETTO_BASEPOINT_POINT: RistrettoPoint = RistrettoPoint(ED25519_BASEPOINT_POINT);\n   |                                                                      ^^^^^^^^^^^^^^^^^^^^^^^ not found in this scope\n\nerror[E0425]: cannot find value `ED25519_BASEPOINT_TABLE` in this scope\n  --> /Users/graysonnocera/.cargo/registry/src/index.crates.io-6f17d22bba15001f/noah-curve25519-dalek-4.0.0/src/constants.rs:90:29\n   |\n90 |     RistrettoBasepointTable(ED25519_BASEPOINT_TABLE);\n   |                             ^^^^^^^^^^^^^^^^^^^^^^^ not found in this scope\n\nerror[E0412]: cannot find type `FieldElement` in this scope\n  --> /Users/graysonnocera/.cargo/registry/src/index.crates.io-6f17d22bba15001f/noah-curve25519-dalek-4.0.0/src/field.rs:71:13\n   |\n71 | impl Eq for FieldElement {}\n   |             ^^^^^^^^^^^^ not found in this scope\n\nerror[E0412]: cannot find type `FieldElement` in this scope\n  --> /Users/graysonnocera/.cargo/registry/src/index.crates.io-6f17d22bba15001f/noah-curve25519-dalek-4.0.0/src/field.rs:73:20\n   |\n73 | impl PartialEq for FieldElement {\n   |                    ^^^^^^^^^^^^ not found in this scope\n\nerror[E0412]: cannot find type `FieldElement` in this scope\n  --> /Users/graysonnocera/.cargo/registry/src/index.crates.io-6f17d22bba15001f/noah-curve25519-dalek-4.0.0/src/field.rs:74:26\n   |\n74 |     fn eq(&self, other: &FieldElement) -> bool {\n   |                          ^^^^^^^^^^^^ not found in this scope\n\nerror[E0412]: cannot find type `FieldElement` in this scope\n  --> /Users/graysonnocera/.cargo/registry/src/index.crates.io-6f17d22bba15001f/noah-curve25519-dalek-4.0.0/src/field.rs:79:25\n   |\n79 | impl ConstantTimeEq for FieldElement {\n   |                         ^^^^^^^^^^^^ not found in this scope\n\nerror[E0412]: cannot find type `FieldElement` in this scope\n  --> /Users/graysonnocera/.cargo/registry/src/index.crates.io-6f17d22bba15001f/noah-curve25519-dalek-4.0.0/src/field.rs:83:29\n   |\n83 |     fn ct_eq(&self, other: &FieldElement) -> Choice {\n   |                             ^^^^^^^^^^^^ not found in this scope\n\nerror[E0412]: cannot find type `FieldElement` in this scope\n  --> /Users/graysonnocera/.cargo/registry/src/index.crates.io-6f17d22bba15001f/noah-curve25519-dalek-4.0.0/src/field.rs:88:6\n   |\n88 | impl FieldElement {\n   |      ^^^^^^^^^^^^ not found in this scope\n\nerror[E0412]: cannot find type `FieldElement` in this scope\n   --> /Users/graysonnocera/.cargo/registry/src/index.crates.io-6f17d22bba15001f/noah-curve25519-dalek-4.0.0/src/field.rs:115:28\n    |\n115 |     fn pow22501(&self) -> (FieldElement, FieldElement) {\n    |                            ^^^^^^^^^^^^ not found in this scope\n\nerror[E0412]: cannot find type `FieldElement` in this scope\n   --> /Users/graysonnocera/.cargo/registry/src/index.crates.io-6f17d22bba15001f/noah-curve25519-dalek-4.0.0/src/field.rs:115:42\n    |\n115 |     fn pow22501(&self) -> (FieldElement, FieldElement) {\n    |                                          ^^^^^^^^^^^^ not found in this scope\n\nerror[E0412]: cannot find type `FieldElement` in this scope\n   --> /Users/graysonnocera/.cargo/registry/src/index.crates.io-6f17d22bba15001f/noah-curve25519-dalek-4.0.0/src/field.rs:155:39\n    |\n155 |     pub fn batch_invert(inputs: &mut [FieldElement]) {\n    |                                       ^^^^^^^^^^^^ not found in this scope\n\nerror[E0412]: cannot find type `FieldElement` in this scope\n   --> /Users/graysonnocera/.cargo/registry/src/index.crates.io-6f17d22bba15001f/noah-curve25519-dalek-4.0.0/src/field.rs:198:29\n    |\n198 |     pub fn invert(&self) -> FieldElement {\n    |                             ^^^^^^^^^^^^ not found in this scope\n\nerror[E0412]: cannot find type `FieldElement` in this scope\n   --> /Users/graysonnocera/.cargo/registry/src/index.crates.io-6f17d22bba15001f/noah-curve25519-dalek-4.0.0/src/field.rs:210:26\n    |\n210 |     fn pow_p58(&self) -> FieldElement {\n    |                          ^^^^^^^^^^^^ not found in this scope\n\nerror[E0412]: cannot find type `FieldElement` in this scope\n   --> /Users/graysonnocera/.cargo/registry/src/index.crates.io-6f17d22bba15001f/noah-curve25519-dalek-4.0.0/src/field.rs:233:29\n    |\n233 |     pub fn sqrt_ratio_i(u: &FieldElement, v: &FieldElement) -> (Choice, FieldElement) {\n    |                             ^^^^^^^^^^^^ not found in this scope\n\nerror[E0412]: cannot find type `FieldElement` in this scope\n   --> /Users/graysonnocera/.cargo/registry/src/index.crates.io-6f17d22bba15001f/noah-curve25519-dalek-4.0.0/src/field.rs:233:47\n    |\n233 |     pub fn sqrt_ratio_i(u: &FieldElement, v: &FieldElement) -> (Choice, FieldElement) {\n    |                                               ^^^^^^^^^^^^ not found in this scope\n\nerror[E0412]: cannot find type `FieldElement` in this scope\n   --> /Users/graysonnocera/.cargo/registry/src/index.crates.io-6f17d22bba15001f/noah-curve25519-dalek-4.0.0/src/field.rs:233:73\n    |\n233 |     pub fn sqrt_ratio_i(u: &FieldElement, v: &FieldElement) -> (Choice, FieldElement) {\n    |                                                                         ^^^^^^^^^^^^ not found in this scope\n\nerror[E0425]: cannot find value `SQRT_M1` in module `constants`\n   --> /Users/graysonnocera/.cargo/registry/src/index.crates.io-6f17d22bba15001f/noah-curve25519-dalek-4.0.0/src/field.rs:263:29\n    |\n263 |         let i = &constants::SQRT_M1;\n    |                             ^^^^^^^ not found in `constants`\n\nerror[E0425]: cannot find value `SQRT_M1` in module `constants`\n   --> /Users/graysonnocera/.cargo/registry/src/index.crates.io-6f17d22bba15001f/noah-curve25519-dalek-4.0.0/src/field.rs:269:35\n    |\n269 |         let r_prime = &constants::SQRT_M1 * &r;\n    |                                   ^^^^^^^ not found in `constants`\n\nerror[E0412]: cannot find type `FieldElement` in this scope\n   --> /Users/graysonnocera/.cargo/registry/src/index.crates.io-6f17d22bba15001f/noah-curve25519-dalek-4.0.0/src/field.rs:293:39\n    |\n293 |     pub fn invsqrt(&self) -> (Choice, FieldElement) {\n    |                                       ^^^^^^^^^^^^ not found in this scope\n\nerror[E0425]: cannot find value `EDWARDS_D` in module `constants`\n   --> /Users/graysonnocera/.cargo/registry/src/index.crates.io-6f17d22bba15001f/noah-curve25519-dalek-4.0.0/src/backend/serial/curve_models/mod.rs:284:41\n    |\n284 |         let rhs = &ZZZZ + &(&constants::EDWARDS_D * &(&XX * &YY));\n    |                                         ^^^^^^^^^ not found in `constants`\n\nerror[E0425]: cannot find value `AFFINE_ODD_MULTIPLES_OF_BASEPOINT` in module `constants`\n  --> /Users/graysonnocera/.cargo/registry/src/index.crates.io-6f17d22bba15001f/noah-curve25519-dalek-4.0.0/src/backend/serial/scalar_mul/vartime_double_base.rs:35:31\n   |\n35 |     let table_B = &constants::AFFINE_ODD_MULTIPLES_OF_BASEPOINT;\n   |                               ^^^^^^^^^^^^^^^^^^^^^^^^^^^^^^^^^ not found in `constants`\n\nerror[E0433]: failed to resolve: use of undeclared type `UnpackedScalar`\n   --> /Users/graysonnocera/.cargo/registry/src/index.crates.io-6f17d22bba15001f/noah-curve25519-dalek-4.0.0/src/scalar.rs:229:9\n    |\n229 |         UnpackedScalar::from_bytes_wide(input).pack()\n    |         ^^^^^^^^^^^^^^ use of undeclared type `UnpackedScalar`\n\nerror[E0433]: failed to resolve: use of undeclared type `UnpackedScalar`\n   --> /Users/graysonnocera/.cargo/registry/src/index.crates.io-6f17d22bba15001f/noah-curve25519-dalek-4.0.0/src/scalar.rs:297:17\n    |\n297 |         *self = UnpackedScalar::mul(&self.unpack(), &_rhs.unpack()).pack();\n    |                 ^^^^^^^^^^^^^^ use of undeclared type `UnpackedScalar`\n\nerror[E0433]: failed to resolve: use of undeclared type `UnpackedScalar`\n   --> /Users/graysonnocera/.cargo/registry/src/index.crates.io-6f17d22bba15001f/noah-curve25519-dalek-4.0.0/src/scalar.rs:306:9\n    |\n306 |         UnpackedScalar::mul(&self.unpack(), &_rhs.unpack()).pack()\n    |         ^^^^^^^^^^^^^^ use of undeclared type `UnpackedScalar`\n\nerror[E0433]: failed to resolve: use of undeclared type `UnpackedScalar`\n   --> /Users/graysonnocera/.cargo/registry/src/index.crates.io-6f17d22bba15001f/noah-curve25519-dalek-4.0.0/src/scalar.rs:329:19\n    |\n329 |         let sum = UnpackedScalar::add(&self.unpack(), &_rhs.unpack());\n    |                   ^^^^^^^^^^^^^^ use of undeclared type `UnpackedScalar`\n\nerror[E0433]: failed to resolve: use of undeclared type `UnpackedScalar`\n   --> /Users/graysonnocera/.cargo/registry/src/index.crates.io-6f17d22bba15001f/noah-curve25519-dalek-4.0.0/src/scalar.rs:330:21\n    |\n330 |         let sum_R = UnpackedScalar::mul_internal(&sum, &constants::R);\n    |                     ^^^^^^^^^^^^^^ use of undeclared type `UnpackedScalar`\n\nerror[E0433]: failed to resolve: use of undeclared type `UnpackedScalar`\n   --> /Users/graysonnocera/.cargo/registry/src/index.crates.io-6f17d22bba15001f/noah-curve25519-dalek-4.0.0/src/scalar.rs:331:25\n    |\n331 |         let sum_mod_l = UnpackedScalar::montgomery_reduce(&sum_R);\n    |                         ^^^^^^^^^^^^^^ use of undeclared type `UnpackedScalar`\n\nerror[E0433]: failed to resolve: use of undeclared type `UnpackedScalar`\n   --> /Users/graysonnocera/.cargo/registry/src/index.crates.io-6f17d22bba15001f/noah-curve25519-dalek-4.0.0/src/scalar.rs:354:22\n    |\n354 |         let self_R = UnpackedScalar::mul_internal(&self.unpack(), &constants::R);\n    |                      ^^^^^^^^^^^^^^ use of undeclared type `UnpackedScalar`\n\nerror[E0433]: failed to resolve: use of undeclared type `UnpackedScalar`\n   --> /Users/graysonnocera/.cargo/registry/src/index.crates.io-6f17d22bba15001f/noah-curve25519-dalek-4.0.0/src/scalar.rs:355:26\n    |\n355 |         let self_mod_l = UnpackedScalar::montgomery_reduce(&self_R);\n    |                          ^^^^^^^^^^^^^^ use of undeclared type `UnpackedScalar`\n\nerror[E0433]: failed to resolve: use of undeclared type `UnpackedScalar`\n   --> /Users/graysonnocera/.cargo/registry/src/index.crates.io-6f17d22bba15001f/noah-curve25519-dalek-4.0.0/src/scalar.rs:356:21\n    |\n356 |         let rhs_R = UnpackedScalar::mul_internal(&rhs.unpack(), &constants::R);\n    |                     ^^^^^^^^^^^^^^ use of undeclared type `UnpackedScalar`\n\nerror[E0433]: failed to resolve: use of undeclared type `UnpackedScalar`\n   --> /Users/graysonnocera/.cargo/registry/src/index.crates.io-6f17d22bba15001f/noah-curve25519-dalek-4.0.0/src/scalar.rs:357:25\n    |\n357 |         let rhs_mod_l = UnpackedScalar::montgomery_reduce(&rhs_R);\n    |                         ^^^^^^^^^^^^^^ use of undeclared type `UnpackedScalar`\n\nerror[E0433]: failed to resolve: use of undeclared type `UnpackedScalar`\n   --> /Users/graysonnocera/.cargo/registry/src/index.crates.io-6f17d22bba15001f/noah-curve25519-dalek-4.0.0/src/scalar.rs:359:9\n    |\n359 |         UnpackedScalar::sub(&self_mod_l, &rhs_mod_l).pack()\n    |         ^^^^^^^^^^^^^^ use of undeclared type `UnpackedScalar`\n\nerror[E0433]: failed to resolve: use of undeclared type `UnpackedScalar`\n   --> /Users/graysonnocera/.cargo/registry/src/index.crates.io-6f17d22bba15001f/noah-curve25519-dalek-4.0.0/src/scalar.rs:369:22\n    |\n369 |         let self_R = UnpackedScalar::mul_internal(&self.unpack(), &constants::R);\n    |                      ^^^^^^^^^^^^^^ use of undeclared type `UnpackedScalar`\n\nerror[E0433]: failed to resolve: use of undeclared type `UnpackedScalar`\n   --> /Users/graysonnocera/.cargo/registry/src/index.crates.io-6f17d22bba15001f/noah-curve25519-dalek-4.0.0/src/scalar.rs:370:26\n    |\n370 |         let self_mod_l = UnpackedScalar::montgomery_reduce(&self_R);\n    |                          ^^^^^^^^^^^^^^ use of undeclared type `UnpackedScalar`\n\nerror[E0433]: failed to resolve: use of undeclared type `UnpackedScalar`\n   --> /Users/graysonnocera/.cargo/registry/src/index.crates.io-6f17d22bba15001f/noah-curve25519-dalek-4.0.0/src/scalar.rs:371:9\n    |\n371 |         UnpackedScalar::sub(&UnpackedScalar::zero(), &self_mod_l).pack()\n    |         ^^^^^^^^^^^^^^ use of undeclared type `UnpackedScalar`\n\nerror[E0433]: failed to resolve: use of undeclared type `UnpackedScalar`\n   --> /Users/graysonnocera/.cargo/registry/src/index.crates.io-6f17d22bba15001f/noah-curve25519-dalek-4.0.0/src/scalar.rs:371:30\n    |\n371 |         UnpackedScalar::sub(&UnpackedScalar::zero(), &self_mod_l).pack()\n    |                              ^^^^^^^^^^^^^^ use of undeclared type `UnpackedScalar`\n\nerror[E0433]: failed to resolve: use of undeclared type `UnpackedScalar`\n   --> /Users/graysonnocera/.cargo/registry/src/index.crates.io-6f17d22bba15001f/noah-curve25519-dalek-4.0.0/src/scalar.rs:810:19\n    |\n810 |             acc = UnpackedScalar::montgomery_mul(&acc, &tmp);\n    |                   ^^^^^^^^^^^^^^ use of undeclared type `UnpackedScalar`\n\nerror[E0433]: failed to resolve: use of undeclared type `UnpackedScalar`\n   --> /Users/graysonnocera/.cargo/registry/src/index.crates.io-6f17d22bba15001f/noah-curve25519-dalek-4.0.0/src/scalar.rs:825:23\n    |\n825 |             let tmp = UnpackedScalar::montgomery_mul(&acc, &input.unpack());\n    |                       ^^^^^^^^^^^^^^ use of undeclared type `UnpackedScalar`\n\nerror[E0433]: failed to resolve: use of undeclared type `UnpackedScalar`\n   --> /Users/graysonnocera/.cargo/registry/src/index.crates.io-6f17d22bba15001f/noah-curve25519-dalek-4.0.0/src/scalar.rs:826:22\n    |\n826 |             *input = UnpackedScalar::montgomery_mul(&acc, &scratch).pack();\n    |                      ^^^^^^^^^^^^^^ use of undeclared type `UnpackedScalar`\n\nerror[E0433]: failed to resolve: use of undeclared type `UnpackedScalar`\n    --> /Users/graysonnocera/.cargo/registry/src/index.crates.io-6f17d22bba15001f/noah-curve25519-dalek-4.0.0/src/scalar.rs:1113:9\n     |\n1113 |         UnpackedScalar::from_bytes(&self.bytes)\n     |         ^^^^^^^^^^^^^^ use of undeclared type `UnpackedScalar`\n\nerror[E0433]: failed to resolve: use of undeclared type `UnpackedScalar`\n    --> /Users/graysonnocera/.cargo/registry/src/index.crates.io-6f17d22bba15001f/noah-curve25519-dalek-4.0.0/src/scalar.rs:1120:18\n     |\n1120 |         let xR = UnpackedScalar::mul_internal(&x, &constants::R);\n     |                  ^^^^^^^^^^^^^^ use of undeclared type `UnpackedScalar`\n\nerror[E0433]: failed to resolve: use of undeclared type `UnpackedScalar`\n    --> /Users/graysonnocera/.cargo/registry/src/index.crates.io-6f17d22bba15001f/noah-curve25519-dalek-4.0.0/src/scalar.rs:1121:23\n     |\n1121 |         let x_mod_l = UnpackedScalar::montgomery_reduce(&xR);\n     |                       ^^^^^^^^^^^^^^ use of undeclared type `UnpackedScalar`\n\nerror[E0433]: failed to resolve: use of undeclared type `UnpackedScalar`\n    --> /Users/graysonnocera/.cargo/registry/src/index.crates.io-6f17d22bba15001f/noah-curve25519-dalek-4.0.0/src/scalar.rs:1163:19\n     |\n1163 |         let _11 = UnpackedScalar::montgomery_mul(&_10, &_1);\n     |                   ^^^^^^^^^^^^^^ use of undeclared type `UnpackedScalar`\n\nerror[E0433]: failed to resolve: use of undeclared type `UnpackedScalar`\n    --> /Users/graysonnocera/.cargo/registry/src/index.crates.io-6f17d22bba15001f/noah-curve25519-dalek-4.0.0/src/scalar.rs:1164:20\n     |\n1164 |         let _101 = UnpackedScalar::montgomery_mul(&_10, &_11);\n     |                    ^^^^^^^^^^^^^^ use of undeclared type `UnpackedScalar`\n\nerror[E0433]: failed to resolve: use of undeclared type `UnpackedScalar`\n    --> /Users/graysonnocera/.cargo/registry/src/index.crates.io-6f17d22bba15001f/noah-curve25519-dalek-4.0.0/src/scalar.rs:1165:20\n     |\n1165 |         let _111 = UnpackedScalar::montgomery_mul(&_10, &_101);\n     |                    ^^^^^^^^^^^^^^ use of undeclared type `UnpackedScalar`\n\nerror[E0433]: failed to resolve: use of undeclared type `UnpackedScalar`\n    --> /Users/graysonnocera/.cargo/registry/src/index.crates.io-6f17d22bba15001f/noah-curve25519-dalek-4.0.0/src/scalar.rs:1166:21\n     |\n1166 |         let _1001 = UnpackedScalar::montgomery_mul(&_10, &_111);\n     |                     ^^^^^^^^^^^^^^ use of undeclared type `UnpackedScalar`\n\nerror[E0433]: failed to resolve: use of undeclared type `UnpackedScalar`\n    --> /Users/graysonnocera/.cargo/registry/src/index.crates.io-6f17d22bba15001f/noah-curve25519-dalek-4.0.0/src/scalar.rs:1167:21\n     |\n1167 |         let _1011 = UnpackedScalar::montgomery_mul(&_10, &_1001);\n     |                     ^^^^^^^^^^^^^^ use of undeclared type `UnpackedScalar`\n\nerror[E0433]: failed to resolve: use of undeclared type `UnpackedScalar`\n    --> /Users/graysonnocera/.cargo/registry/src/index.crates.io-6f17d22bba15001f/noah-curve25519-dalek-4.0.0/src/scalar.rs:1168:21\n     |\n1168 |         let _1111 = UnpackedScalar::montgomery_mul(&_100, &_1011);\n     |                     ^^^^^^^^^^^^^^ use of undeclared type `UnpackedScalar`\n\nerror[E0433]: failed to resolve: use of undeclared type `UnpackedScalar`\n    --> /Users/graysonnocera/.cargo/registry/src/index.crates.io-6f17d22bba15001f/noah-curve25519-dalek-4.0.0/src/scalar.rs:1171:21\n     |\n1171 |         let mut y = UnpackedScalar::montgomery_mul(&_1111, &_1);\n     |                     ^^^^^^^^^^^^^^ use of undeclared type `UnpackedScalar`\n\nerror[E0433]: failed to resolve: use of undeclared type `UnpackedScalar`\n    --> /Users/graysonnocera/.cargo/registry/src/index.crates.io-6f17d22bba15001f/noah-curve25519-dalek-4.0.0/src/scalar.rs:1178:18\n     |\n1178 |             *y = UnpackedScalar::montgomery_mul(y, x);\n     |                  ^^^^^^^^^^^^^^ use of undeclared type `UnpackedScalar`\n\nerror[E0599]: the method `expect` exists for enum `Option<EdwardsPoint>`, but its trait bounds were not satisfied\n   --> /Users/graysonnocera/.cargo/registry/src/index.crates.io-6f17d22bba15001f/noah-curve25519-dalek-4.0.0/src/edwards.rs:566:14\n    |\n338 |   pub struct EdwardsPoint {\n    |   ----------------------- doesn't satisfy `EdwardsPoint: Sized`\n...\n565 | /         E1_opt\n566 | |             .expect(\"Montgomery conversion to Edwards point in Elligator failed\")\n    | |             -^^^^^^ method cannot be called on `Option<EdwardsPoint>` due to unsatisfied trait bounds\n    | |_____________|\n    |\n    |\n    = note: the following trait bounds were not satisfied:\n            `{type error}: Sized`\n            which is required by `EdwardsPoint: Sized`\n\nerror[E0599]: the method `select` exists for struct `LookupTable<AffineNielsPoint>`, but its trait bounds were not satisfied\n   --> /Users/graysonnocera/.cargo/registry/src/index.crates.io-6f17d22bba15001f/noah-curve25519-dalek-4.0.0/src/edwards.rs:881:53\n    |\n881 |                 (&<$point>::identity() + &self.0[0].select(1)).to_extended()\n    |                                                     ^^^^^^ method cannot be called on `LookupTable<AffineNielsPoint>` due to unsatisfied trait bounds\n...\n976 | impl_basepoint_table! {Name = EdwardsBasepointTableRadix16, LookupTable = LookupTableRadix16, Point = EdwardsPoint, Radix = 4, Additions = 64}\n    | ---------------------------------------------------------------------------------------------------------------------------------------------- in this macro invocation\n    |\n   ::: /Users/graysonnocera/.cargo/registry/src/index.crates.io-6f17d22bba15001f/noah-curve25519-dalek-4.0.0/src/backend/serial/curve_models/mod.rs:185:1\n    |\n185 | pub struct AffineNielsPoint {\n    | --------------------------- doesn't satisfy `AffineNielsPoint: Sized`\n    |\n   ::: /Users/graysonnocera/.cargo/registry/src/index.crates.io-6f17d22bba15001f/noah-curve25519-dalek-4.0.0/src/window.rs:44:9\n    |\n44  |         pub struct $name<T>(pub(crate) [T; $size]);\n    |         ------------------------------------------- method `select` not found for this struct\n    |\n    = note: the following trait bounds were not satisfied:\n            `{type error}: Sized`\n            which is required by `AffineNielsPoint: Sized`\n    = note: this error originates in the macro `impl_basepoint_table` (in Nightly builds, run with -Z macro-backtrace for more info)\n\nerror[E0599]: no method named `to_extended` found for struct `EdwardsPoint` in the current scope\n   --> /Users/graysonnocera/.cargo/registry/src/index.crates.io-6f17d22bba15001f/noah-curve25519-dalek-4.0.0/src/edwards.rs:881:64\n    |\n338 | pub struct EdwardsPoint {\n    | ----------------------- method `to_extended` not found for this struct\n...\n881 |                 (&<$point>::identity() + &self.0[0].select(1)).to_extended()\n    |                                                                ^^^^^^^^^^^ method not found in `EdwardsPoint`\n...\n976 | impl_basepoint_table! {Name = EdwardsBasepointTableRadix16, LookupTable = LookupTableRadix16, Point = EdwardsPoint, Radix = 4, Additions = 64}\n    | ---------------------------------------------------------------------------------------------------------------------------------------------- in this macro invocation\n    |\n    = note: this error originates in the macro `impl_basepoint_table` (in Nightly builds, run with -Z macro-backtrace for more info)\n\nerror[E0599]: the method `select` exists for struct `LookupTable<AffineNielsPoint>`, but its trait bounds were not satisfied\n   --> /Users/graysonnocera/.cargo/registry/src/index.crates.io-6f17d22bba15001f/noah-curve25519-dalek-4.0.0/src/edwards.rs:929:46\n    |\n929 |                     P = (&P + &tables[i / 2].select(a[i])).to_extended();\n    |                                              ^^^^^^ method cannot be called on `LookupTable<AffineNielsPoint>` due to unsatisfied trait bounds\n...\n976 | impl_basepoint_table! {Name = EdwardsBasepointTableRadix16, LookupTable = LookupTableRadix16, Point = EdwardsPoint, Radix = 4, Additions = 64}\n    | ---------------------------------------------------------------------------------------------------------------------------------------------- in this macro invocation\n    |\n   ::: /Users/graysonnocera/.cargo/registry/src/index.crates.io-6f17d22bba15001f/noah-curve25519-dalek-4.0.0/src/backend/serial/curve_models/mod.rs:185:1\n    |\n185 | pub struct AffineNielsPoint {\n    | --------------------------- doesn't satisfy `AffineNielsPoint: Sized`\n    |\n   ::: /Users/graysonnocera/.cargo/registry/src/index.crates.io-6f17d22bba15001f/noah-curve25519-dalek-4.0.0/src/window.rs:44:9\n    |\n44  |         pub struct $name<T>(pub(crate) [T; $size]);\n    |         ------------------------------------------- method `select` not found for this struct\n    |\n    = note: the following trait bounds were not satisfied:\n            `{type error}: Sized`\n            which is required by `AffineNielsPoint: Sized`\n    = note: this error originates in the macro `impl_basepoint_table` (in Nightly builds, run with -Z macro-backtrace for more info)\n\nerror[E0599]: no method named `to_extended` found for struct `EdwardsPoint` in the current scope\n   --> /Users/graysonnocera/.cargo/registry/src/index.crates.io-6f17d22bba15001f/noah-curve25519-dalek-4.0.0/src/edwards.rs:929:60\n    |\n338 | pub struct EdwardsPoint {\n    | ----------------------- method `to_extended` not found for this struct\n...\n929 |                     P = (&P + &tables[i / 2].select(a[i])).to_extended();\n    |                                                            ^^^^^^^^^^^ method not found in `EdwardsPoint`\n...\n976 | impl_basepoint_table! {Name = EdwardsBasepointTableRadix16, LookupTable = LookupTableRadix16, Point = EdwardsPoint, Radix = 4, Additions = 64}\n    | ---------------------------------------------------------------------------------------------------------------------------------------------- in this macro invocation\n    |\n    = note: this error originates in the macro `impl_basepoint_table` (in Nightly builds, run with -Z macro-backtrace for more info)\n\nerror[E0599]: the method `select` exists for struct `LookupTable<AffineNielsPoint>`, but its trait bounds were not satisfied\n   --> /Users/graysonnocera/.cargo/registry/src/index.crates.io-6f17d22bba15001f/noah-curve25519-dalek-4.0.0/src/edwards.rs:935:46\n    |\n935 |                     P = (&P + &tables[i / 2].select(a[i])).to_extended();\n    |                                              ^^^^^^ method cannot be called on `LookupTable<AffineNielsPoint>` due to unsatisfied trait bounds\n...\n976 | impl_basepoint_table! {Name = EdwardsBasepointTableRadix16, LookupTable = LookupTableRadix16, Point = EdwardsPoint, Radix = 4, Additions = 64}\n    | ---------------------------------------------------------------------------------------------------------------------------------------------- in this macro invocation\n    |\n   ::: /Users/graysonnocera/.cargo/registry/src/index.crates.io-6f17d22bba15001f/noah-curve25519-dalek-4.0.0/src/backend/serial/curve_models/mod.rs:185:1\n    |\n185 | pub struct AffineNielsPoint {\n    | --------------------------- doesn't satisfy `AffineNielsPoint: Sized`\n    |\n   ::: /Users/graysonnocera/.cargo/registry/src/index.crates.io-6f17d22bba15001f/noah-curve25519-dalek-4.0.0/src/window.rs:44:9\n    |\n44  |         pub struct $name<T>(pub(crate) [T; $size]);\n    |         ------------------------------------------- method `select` not found for this struct\n    |\n    = note: the following trait bounds were not satisfied:\n            `{type error}: Sized`\n            which is required by `AffineNielsPoint: Sized`\n    = note: this error originates in the macro `impl_basepoint_table` (in Nightly builds, run with -Z macro-backtrace for more info)\n\nerror[E0599]: no method named `to_extended` found for struct `EdwardsPoint` in the current scope\n   --> /Users/graysonnocera/.cargo/registry/src/index.crates.io-6f17d22bba15001f/noah-curve25519-dalek-4.0.0/src/edwards.rs:935:60\n    |\n338 | pub struct EdwardsPoint {\n    | ----------------------- method `to_extended` not found for this struct\n...\n935 |                     P = (&P + &tables[i / 2].select(a[i])).to_extended();\n    |                                                            ^^^^^^^^^^^ method not found in `EdwardsPoint`\n...\n976 | impl_basepoint_table! {Name = EdwardsBasepointTableRadix16, LookupTable = LookupTableRadix16, Point = EdwardsPoint, Radix = 4, Additions = 64}\n    | ---------------------------------------------------------------------------------------------------------------------------------------------- in this macro invocation\n    |\n    = note: this error originates in the macro `impl_basepoint_table` (in Nightly builds, run with -Z macro-backtrace for more info)\n\nerror[E0599]: the method `select` exists for struct `LookupTableRadix32<AffineNielsPoint>`, but its trait bounds were not satisfied\n   --> /Users/graysonnocera/.cargo/registry/src/index.crates.io-6f17d22bba15001f/noah-curve25519-dalek-4.0.0/src/edwards.rs:881:53\n    |\n881 |                 (&<$point>::identity() + &self.0[0].select(1)).to_extended()\n    |                                                     ^^^^^^ method cannot be called on `LookupTableRadix32<AffineNielsPoint>` due to unsatisfied trait bounds\n...\n977 | impl_basepoint_table! {Name = EdwardsBasepointTableRadix32, LookupTable = LookupTableRadix32, Point = EdwardsPoint, Radix = 5, Additions = 52}\n    | ---------------------------------------------------------------------------------------------------------------------------------------------- in this macro invocation\n    |\n   ::: /Users/graysonnocera/.cargo/registry/src/index.crates.io-6f17d22bba15001f/noah-curve25519-dalek-4.0.0/src/backend/serial/curve_models/mod.rs:185:1\n    |\n185 | pub struct AffineNielsPoint {\n    | --------------------------- doesn't satisfy `AffineNielsPoint: Sized`\n    |\n   ::: /Users/graysonnocera/.cargo/registry/src/index.crates.io-6f17d22bba15001f/noah-curve25519-dalek-4.0.0/src/window.rs:44:9\n    |\n44  |         pub struct $name<T>(pub(crate) [T; $size]);\n    |         ------------------------------------------- method `select` not found for this struct\n    |\n    = note: the following trait bounds were not satisfied:\n            `{type error}: Sized`\n            which is required by `AffineNielsPoint: Sized`\n    = note: this error originates in the macro `impl_basepoint_table` (in Nightly builds, run with -Z macro-backtrace for more info)\n\nerror[E0599]: no method named `to_extended` found for struct `EdwardsPoint` in the current scope\n   --> /Users/graysonnocera/.cargo/registry/src/index.crates.io-6f17d22bba15001f/noah-curve25519-dalek-4.0.0/src/edwards.rs:881:64\n    |\n338 | pub struct EdwardsPoint {\n    | ----------------------- method `to_extended` not found for this struct\n...\n881 |                 (&<$point>::identity() + &self.0[0].select(1)).to_extended()\n    |                                                                ^^^^^^^^^^^ method not found in `EdwardsPoint`\n...\n977 | impl_basepoint_table! {Name = EdwardsBasepointTableRadix32, LookupTable = LookupTableRadix32, Point = EdwardsPoint, Radix = 5, Additions = 52}\n    | ---------------------------------------------------------------------------------------------------------------------------------------------- in this macro invocation\n    |\n    = note: this error originates in the macro `impl_basepoint_table` (in Nightly builds, run with -Z macro-backtrace for more info)\n\nerror[E0599]: the method `select` exists for struct `LookupTableRadix32<AffineNielsPoint>`, but its trait bounds were not satisfied\n   --> /Users/graysonnocera/.cargo/registry/src/index.crates.io-6f17d22bba15001f/noah-curve25519-dalek-4.0.0/src/edwards.rs:929:46\n    |\n929 |                     P = (&P + &tables[i / 2].select(a[i])).to_extended();\n    |                                              ^^^^^^ method cannot be called on `LookupTableRadix32<AffineNielsPoint>` due to unsatisfied trait bounds\n...\n977 | impl_basepoint_table! {Name = EdwardsBasepointTableRadix32, LookupTable = LookupTableRadix32, Point = EdwardsPoint, Radix = 5, Additions = 52}\n    | ---------------------------------------------------------------------------------------------------------------------------------------------- in this macro invocation\n    |\n   ::: /Users/graysonnocera/.cargo/registry/src/index.crates.io-6f17d22bba15001f/noah-curve25519-dalek-4.0.0/src/backend/serial/curve_models/mod.rs:185:1\n    |\n185 | pub struct AffineNielsPoint {\n    | --------------------------- doesn't satisfy `AffineNielsPoint: Sized`\n    |\n   ::: /Users/graysonnocera/.cargo/registry/src/index.crates.io-6f17d22bba15001f/noah-curve25519-dalek-4.0.0/src/window.rs:44:9\n    |\n44  |         pub struct $name<T>(pub(crate) [T; $size]);\n    |         ------------------------------------------- method `select` not found for this struct\n    |\n    = note: the following trait bounds were not satisfied:\n            `{type error}: Sized`\n            which is required by `AffineNielsPoint: Sized`\n    = note: this error originates in the macro `impl_basepoint_table` (in Nightly builds, run with -Z macro-backtrace for more info)\n\nerror[E0599]: no method named `to_extended` found for struct `EdwardsPoint` in the current scope\n   --> /Users/graysonnocera/.cargo/registry/src/index.crates.io-6f17d22bba15001f/noah-curve25519-dalek-4.0.0/src/edwards.rs:929:60\n    |\n338 | pub struct EdwardsPoint {\n    | ----------------------- method `to_extended` not found for this struct\n...\n929 |                     P = (&P + &tables[i / 2].select(a[i])).to_extended();\n    |                                                            ^^^^^^^^^^^ method not found in `EdwardsPoint`\n...\n977 | impl_basepoint_table! {Name = EdwardsBasepointTableRadix32, LookupTable = LookupTableRadix32, Point = EdwardsPoint, Radix = 5, Additions = 52}\n    | ---------------------------------------------------------------------------------------------------------------------------------------------- in this macro invocation\n    |\n    = note: this error originates in the macro `impl_basepoint_table` (in Nightly builds, run with -Z macro-backtrace for more info)\n\nerror[E0599]: the method `select` exists for struct `LookupTableRadix32<AffineNielsPoint>`, but its trait bounds were not satisfied\n   --> /Users/graysonnocera/.cargo/registry/src/index.crates.io-6f17d22bba15001f/noah-curve25519-dalek-4.0.0/src/edwards.rs:935:46\n    |\n935 |                     P = (&P + &tables[i / 2].select(a[i])).to_extended();\n    |                                              ^^^^^^ method cannot be called on `LookupTableRadix32<AffineNielsPoint>` due to unsatisfied trait bounds\n...\n977 | impl_basepoint_table! {Name = EdwardsBasepointTableRadix32, LookupTable = LookupTableRadix32, Point = EdwardsPoint, Radix = 5, Additions = 52}\n    | ---------------------------------------------------------------------------------------------------------------------------------------------- in this macro invocation\n    |\n   ::: /Users/graysonnocera/.cargo/registry/src/index.crates.io-6f17d22bba15001f/noah-curve25519-dalek-4.0.0/src/backend/serial/curve_models/mod.rs:185:1\n    |\n185 | pub struct AffineNielsPoint {\n    | --------------------------- doesn't satisfy `AffineNielsPoint: Sized`\n    |\n   ::: /Users/graysonnocera/.cargo/registry/src/index.crates.io-6f17d22bba15001f/noah-curve25519-dalek-4.0.0/src/window.rs:44:9\n    |\n44  |         pub struct $name<T>(pub(crate) [T; $size]);\n    |         ------------------------------------------- method `select` not found for this struct\n    |\n    = note: the following trait bounds were not satisfied:\n            `{type error}: Sized`\n            which is required by `AffineNielsPoint: Sized`\n    = note: this error originates in the macro `impl_basepoint_table` (in Nightly builds, run with -Z macro-backtrace for more info)\n\nerror[E0599]: no method named `to_extended` found for struct `EdwardsPoint` in the current scope\n   --> /Users/graysonnocera/.cargo/registry/src/index.crates.io-6f17d22bba15001f/noah-curve25519-dalek-4.0.0/src/edwards.rs:935:60\n    |\n338 | pub struct EdwardsPoint {\n    | ----------------------- method `to_extended` not found for this struct\n...\n935 |                     P = (&P + &tables[i / 2].select(a[i])).to_extended();\n    |                                                            ^^^^^^^^^^^ method not found in `EdwardsPoint`\n...\n977 | impl_basepoint_table! {Name = EdwardsBasepointTableRadix32, LookupTable = LookupTableRadix32, Point = EdwardsPoint, Radix = 5, Additions = 52}\n    | ---------------------------------------------------------------------------------------------------------------------------------------------- in this macro invocation\n    |\n    = note: this error originates in the macro `impl_basepoint_table` (in Nightly builds, run with -Z macro-backtrace for more info)\n\nerror[E0599]: the method `select` exists for struct `LookupTableRadix64<AffineNielsPoint>`, but its trait bounds were not satisfied\n   --> /Users/graysonnocera/.cargo/registry/src/index.crates.io-6f17d22bba15001f/noah-curve25519-dalek-4.0.0/src/edwards.rs:881:53\n    |\n881 |                 (&<$point>::identity() + &self.0[0].select(1)).to_extended()\n    |                                                     ^^^^^^ method cannot be called on `LookupTableRadix64<AffineNielsPoint>` due to unsatisfied trait bounds\n...\n978 | impl_basepoint_table! {Name = EdwardsBasepointTableRadix64, LookupTable = LookupTableRadix64, Point = EdwardsPoint, Radix = 6, Additions = 43}\n    | ---------------------------------------------------------------------------------------------------------------------------------------------- in this macro invocation\n    |\n   ::: /Users/graysonnocera/.cargo/registry/src/index.crates.io-6f17d22bba15001f/noah-curve25519-dalek-4.0.0/src/backend/serial/curve_models/mod.rs:185:1\n    |\n185 | pub struct AffineNielsPoint {\n    | --------------------------- doesn't satisfy `AffineNielsPoint: Sized`\n    |\n   ::: /Users/graysonnocera/.cargo/registry/src/index.crates.io-6f17d22bba15001f/noah-curve25519-dalek-4.0.0/src/window.rs:44:9\n    |\n44  |         pub struct $name<T>(pub(crate) [T; $size]);\n    |         ------------------------------------------- method `select` not found for this struct\n    |\n    = note: the following trait bounds were not satisfied:\n            `{type error}: Sized`\n            which is required by `AffineNielsPoint: Sized`\n    = note: this error originates in the macro `impl_basepoint_table` (in Nightly builds, run with -Z macro-backtrace for more info)\n\nerror[E0599]: no method named `to_extended` found for struct `EdwardsPoint` in the current scope\n   --> /Users/graysonnocera/.cargo/registry/src/index.crates.io-6f17d22bba15001f/noah-curve25519-dalek-4.0.0/src/edwards.rs:881:64\n    |\n338 | pub struct EdwardsPoint {\n    | ----------------------- method `to_extended` not found for this struct\n...\n881 |                 (&<$point>::identity() + &self.0[0].select(1)).to_extended()\n    |                                                                ^^^^^^^^^^^ method not found in `EdwardsPoint`\n...\n978 | impl_basepoint_table! {Name = EdwardsBasepointTableRadix64, LookupTable = LookupTableRadix64, Point = EdwardsPoint, Radix = 6, Additions = 43}\n    | ---------------------------------------------------------------------------------------------------------------------------------------------- in this macro invocation\n    |\n    = note: this error originates in the macro `impl_basepoint_table` (in Nightly builds, run with -Z macro-backtrace for more info)\n\nerror[E0599]: the method `select` exists for struct `LookupTableRadix64<AffineNielsPoint>`, but its trait bounds were not satisfied\n   --> /Users/graysonnocera/.cargo/registry/src/index.crates.io-6f17d22bba15001f/noah-curve25519-dalek-4.0.0/src/edwards.rs:929:46\n    |\n929 |                     P = (&P + &tables[i / 2].select(a[i])).to_extended();\n    |                                              ^^^^^^ method cannot be called on `LookupTableRadix64<AffineNielsPoint>` due to unsatisfied trait bounds\n...\n978 | impl_basepoint_table! {Name = EdwardsBasepointTableRadix64, LookupTable = LookupTableRadix64, Point = EdwardsPoint, Radix = 6, Additions = 43}\n    | ---------------------------------------------------------------------------------------------------------------------------------------------- in this macro invocation\n    |\n   ::: /Users/graysonnocera/.cargo/registry/src/index.crates.io-6f17d22bba15001f/noah-curve25519-dalek-4.0.0/src/backend/serial/curve_models/mod.rs:185:1\n    |\n185 | pub struct AffineNielsPoint {\n    | --------------------------- doesn't satisfy `AffineNielsPoint: Sized`\n    |\n   ::: /Users/graysonnocera/.cargo/registry/src/index.crates.io-6f17d22bba15001f/noah-curve25519-dalek-4.0.0/src/window.rs:44:9\n    |\n44  |         pub struct $name<T>(pub(crate) [T; $size]);\n    |         ------------------------------------------- method `select` not found for this struct\n    |\n    = note: the following trait bounds were not satisfied:\n            `{type error}: Sized`\n            which is required by `AffineNielsPoint: Sized`\n    = note: this error originates in the macro `impl_basepoint_table` (in Nightly builds, run with -Z macro-backtrace for more info)\n\nerror[E0599]: no method named `to_extended` found for struct `EdwardsPoint` in the current scope\n   --> /Users/graysonnocera/.cargo/registry/src/index.crates.io-6f17d22bba15001f/noah-curve25519-dalek-4.0.0/src/edwards.rs:929:60\n    |\n338 | pub struct EdwardsPoint {\n    | ----------------------- method `to_extended` not found for this struct\n...\n929 |                     P = (&P + &tables[i / 2].select(a[i])).to_extended();\n    |                                                            ^^^^^^^^^^^ method not found in `EdwardsPoint`\n...\n978 | impl_basepoint_table! {Name = EdwardsBasepointTableRadix64, LookupTable = LookupTableRadix64, Point = EdwardsPoint, Radix = 6, Additions = 43}\n    | ---------------------------------------------------------------------------------------------------------------------------------------------- in this macro invocation\n    |\n    = note: this error originates in the macro `impl_basepoint_table` (in Nightly builds, run with -Z macro-backtrace for more info)\n\nerror[E0599]: the method `select` exists for struct `LookupTableRadix64<AffineNielsPoint>`, but its trait bounds were not satisfied\n   --> /Users/graysonnocera/.cargo/registry/src/index.crates.io-6f17d22bba15001f/noah-curve25519-dalek-4.0.0/src/edwards.rs:935:46\n    |\n935 |                     P = (&P + &tables[i / 2].select(a[i])).to_extended();\n    |                                              ^^^^^^ method cannot be called on `LookupTableRadix64<AffineNielsPoint>` due to unsatisfied trait bounds\n...\n978 | impl_basepoint_table! {Name = EdwardsBasepointTableRadix64, LookupTable = LookupTableRadix64, Point = EdwardsPoint, Radix = 6, Additions = 43}\n    | ---------------------------------------------------------------------------------------------------------------------------------------------- in this macro invocation\n    |\n   ::: /Users/graysonnocera/.cargo/registry/src/index.crates.io-6f17d22bba15001f/noah-curve25519-dalek-4.0.0/src/backend/serial/curve_models/mod.rs:185:1\n    |\n185 | pub struct AffineNielsPoint {\n    | --------------------------- doesn't satisfy `AffineNielsPoint: Sized`\n    |\n   ::: /Users/graysonnocera/.cargo/registry/src/index.crates.io-6f17d22bba15001f/noah-curve25519-dalek-4.0.0/src/window.rs:44:9\n    |\n44  |         pub struct $name<T>(pub(crate) [T; $size]);\n    |         ------------------------------------------- method `select` not found for this struct\n    |\n    = note: the following trait bounds were not satisfied:\n            `{type error}: Sized`\n            which is required by `AffineNielsPoint: Sized`\n    = note: this error originates in the macro `impl_basepoint_table` (in Nightly builds, run with -Z macro-backtrace for more info)\n\nerror[E0599]: no method named `to_extended` found for struct `EdwardsPoint` in the current scope\n   --> /Users/graysonnocera/.cargo/registry/src/index.crates.io-6f17d22bba15001f/noah-curve25519-dalek-4.0.0/src/edwards.rs:935:60\n    |\n338 | pub struct EdwardsPoint {\n    | ----------------------- method `to_extended` not found for this struct\n...\n935 |                     P = (&P + &tables[i / 2].select(a[i])).to_extended();\n    |                                                            ^^^^^^^^^^^ method not found in `EdwardsPoint`\n...\n978 | impl_basepoint_table! {Name = EdwardsBasepointTableRadix64, LookupTable = LookupTableRadix64, Point = EdwardsPoint, Radix = 6, Additions = 43}\n    | ---------------------------------------------------------------------------------------------------------------------------------------------- in this macro invocation\n    |\n    = note: this error originates in the macro `impl_basepoint_table` (in Nightly builds, run with -Z macro-backtrace for more info)\n\nerror[E0599]: the method `select` exists for struct `LookupTableRadix128<AffineNielsPoint>`, but its trait bounds were not satisfied\n   --> /Users/graysonnocera/.cargo/registry/src/index.crates.io-6f17d22bba15001f/noah-curve25519-dalek-4.0.0/src/edwards.rs:881:53\n    |\n881 |                 (&<$point>::identity() + &self.0[0].select(1)).to_extended()\n    |                                                     ^^^^^^ method cannot be called on `LookupTableRadix128<AffineNielsPoint>` due to unsatisfied trait bounds\n...\n979 | impl_basepoint_table! {Name = EdwardsBasepointTableRadix128, LookupTable = LookupTableRadix128, Point = EdwardsPoint, Radix = 7, Additions = 37}\n    | ------------------------------------------------------------------------------------------------------------------------------------------------ in this macro invocation\n    |\n   ::: /Users/graysonnocera/.cargo/registry/src/index.crates.io-6f17d22bba15001f/noah-curve25519-dalek-4.0.0/src/backend/serial/curve_models/mod.rs:185:1\n    |\n185 | pub struct AffineNielsPoint {\n    | --------------------------- doesn't satisfy `AffineNielsPoint: Sized`\n    |\n   ::: /Users/graysonnocera/.cargo/registry/src/index.crates.io-6f17d22bba15001f/noah-curve25519-dalek-4.0.0/src/window.rs:44:9\n    |\n44  |         pub struct $name<T>(pub(crate) [T; $size]);\n    |         ------------------------------------------- method `select` not found for this struct\n    |\n    = note: the following trait bounds were not satisfied:\n            `{type error}: Sized`\n            which is required by `AffineNielsPoint: Sized`\n    = note: this error originates in the macro `impl_basepoint_table` (in Nightly builds, run with -Z macro-backtrace for more info)\n\nerror[E0599]: no method named `to_extended` found for struct `EdwardsPoint` in the current scope\n   --> /Users/graysonnocera/.cargo/registry/src/index.crates.io-6f17d22bba15001f/noah-curve25519-dalek-4.0.0/src/edwards.rs:881:64\n    |\n338 | pub struct EdwardsPoint {\n    | ----------------------- method `to_extended` not found for this struct\n...\n881 |                 (&<$point>::identity() + &self.0[0].select(1)).to_extended()\n    |                                                                ^^^^^^^^^^^ method not found in `EdwardsPoint`\n...\n979 | impl_basepoint_table! {Name = EdwardsBasepointTableRadix128, LookupTable = LookupTableRadix128, Point = EdwardsPoint, Radix = 7, Additions = 37}\n    | ------------------------------------------------------------------------------------------------------------------------------------------------ in this macro invocation\n    |\n    = note: this error originates in the macro `impl_basepoint_table` (in Nightly builds, run with -Z macro-backtrace for more info)\n\nerror[E0599]: the method `select` exists for struct `LookupTableRadix128<AffineNielsPoint>`, but its trait bounds were not satisfied\n   --> /Users/graysonnocera/.cargo/registry/src/index.crates.io-6f17d22bba15001f/noah-curve25519-dalek-4.0.0/src/edwards.rs:929:46\n    |\n929 |                     P = (&P + &tables[i / 2].select(a[i])).to_extended();\n    |                                              ^^^^^^ method cannot be called on `LookupTableRadix128<AffineNielsPoint>` due to unsatisfied trait bounds\n...\n979 | impl_basepoint_table! {Name = EdwardsBasepointTableRadix128, LookupTable = LookupTableRadix128, Point = EdwardsPoint, Radix = 7, Additions = 37}\n    | ------------------------------------------------------------------------------------------------------------------------------------------------ in this macro invocation\n    |\n   ::: /Users/graysonnocera/.cargo/registry/src/index.crates.io-6f17d22bba15001f/noah-curve25519-dalek-4.0.0/src/backend/serial/curve_models/mod.rs:185:1\n    |\n185 | pub struct AffineNielsPoint {\n    | --------------------------- doesn't satisfy `AffineNielsPoint: Sized`\n    |\n   ::: /Users/graysonnocera/.cargo/registry/src/index.crates.io-6f17d22bba15001f/noah-curve25519-dalek-4.0.0/src/window.rs:44:9\n    |\n44  |         pub struct $name<T>(pub(crate) [T; $size]);\n    |         ------------------------------------------- method `select` not found for this struct\n    |\n    = note: the following trait bounds were not satisfied:\n            `{type error}: Sized`\n            which is required by `AffineNielsPoint: Sized`\n    = note: this error originates in the macro `impl_basepoint_table` (in Nightly builds, run with -Z macro-backtrace for more info)\n\nerror[E0599]: no method named `to_extended` found for struct `EdwardsPoint` in the current scope\n   --> /Users/graysonnocera/.cargo/registry/src/index.crates.io-6f17d22bba15001f/noah-curve25519-dalek-4.0.0/src/edwards.rs:929:60\n    |\n338 | pub struct EdwardsPoint {\n    | ----------------------- method `to_extended` not found for this struct\n...\n929 |                     P = (&P + &tables[i / 2].select(a[i])).to_extended();\n    |                                                            ^^^^^^^^^^^ method not found in `EdwardsPoint`\n...\n979 | impl_basepoint_table! {Name = EdwardsBasepointTableRadix128, LookupTable = LookupTableRadix128, Point = EdwardsPoint, Radix = 7, Additions = 37}\n    | ------------------------------------------------------------------------------------------------------------------------------------------------ in this macro invocation\n    |\n    = note: this error originates in the macro `impl_basepoint_table` (in Nightly builds, run with -Z macro-backtrace for more info)\n\nerror[E0599]: the method `select` exists for struct `LookupTableRadix128<AffineNielsPoint>`, but its trait bounds were not satisfied\n   --> /Users/graysonnocera/.cargo/registry/src/index.crates.io-6f17d22bba15001f/noah-curve25519-dalek-4.0.0/src/edwards.rs:935:46\n    |\n935 |                     P = (&P + &tables[i / 2].select(a[i])).to_extended();\n    |                                              ^^^^^^ method cannot be called on `LookupTableRadix128<AffineNielsPoint>` due to unsatisfied trait bounds\n...\n979 | impl_basepoint_table! {Name = EdwardsBasepointTableRadix128, LookupTable = LookupTableRadix128, Point = EdwardsPoint, Radix = 7, Additions = 37}\n    | ------------------------------------------------------------------------------------------------------------------------------------------------ in this macro invocation\n    |\n   ::: /Users/graysonnocera/.cargo/registry/src/index.crates.io-6f17d22bba15001f/noah-curve25519-dalek-4.0.0/src/backend/serial/curve_models/mod.rs:185:1\n    |\n185 | pub struct AffineNielsPoint {\n    | --------------------------- doesn't satisfy `AffineNielsPoint: Sized`\n    |\n   ::: /Users/graysonnocera/.cargo/registry/src/index.crates.io-6f17d22bba15001f/noah-curve25519-dalek-4.0.0/src/window.rs:44:9\n    |\n44  |         pub struct $name<T>(pub(crate) [T; $size]);\n    |         ------------------------------------------- method `select` not found for this struct\n    |\n    = note: the following trait bounds were not satisfied:\n            `{type error}: Sized`\n            which is required by `AffineNielsPoint: Sized`\n    = note: this error originates in the macro `impl_basepoint_table` (in Nightly builds, run with -Z macro-backtrace for more info)\n\nerror[E0599]: no method named `to_extended` found for struct `EdwardsPoint` in the current scope\n   --> /Users/graysonnocera/.cargo/registry/src/index.crates.io-6f17d22bba15001f/noah-curve25519-dalek-4.0.0/src/edwards.rs:935:60\n    |\n338 | pub struct EdwardsPoint {\n    | ----------------------- method `to_extended` not found for this struct\n...\n935 |                     P = (&P + &tables[i / 2].select(a[i])).to_extended();\n    |                                                            ^^^^^^^^^^^ method not found in `EdwardsPoint`\n...\n979 | impl_basepoint_table! {Name = EdwardsBasepointTableRadix128, LookupTable = LookupTableRadix128, Point = EdwardsPoint, Radix = 7, Additions = 37}\n    | ------------------------------------------------------------------------------------------------------------------------------------------------ in this macro invocation\n    |\n    = note: this error originates in the macro `impl_basepoint_table` (in Nightly builds, run with -Z macro-backtrace for more info)\n\nerror[E0599]: the method `select` exists for struct `LookupTableRadix256<AffineNielsPoint>`, but its trait bounds were not satisfied\n   --> /Users/graysonnocera/.cargo/registry/src/index.crates.io-6f17d22bba15001f/noah-curve25519-dalek-4.0.0/src/edwards.rs:881:53\n    |\n881 |                 (&<$point>::identity() + &self.0[0].select(1)).to_extended()\n    |                                                     ^^^^^^ method cannot be called on `LookupTableRadix256<AffineNielsPoint>` due to unsatisfied trait bounds\n...\n980 | impl_basepoint_table! {Name = EdwardsBasepointTableRadix256, LookupTable = LookupTableRadix256, Point = EdwardsPoint, Radix = 8, Additions = 33}\n    | ------------------------------------------------------------------------------------------------------------------------------------------------ in this macro invocation\n    |\n   ::: /Users/graysonnocera/.cargo/registry/src/index.crates.io-6f17d22bba15001f/noah-curve25519-dalek-4.0.0/src/backend/serial/curve_models/mod.rs:185:1\n    |\n185 | pub struct AffineNielsPoint {\n    | --------------------------- doesn't satisfy `AffineNielsPoint: Sized`\n    |\n   ::: /Users/graysonnocera/.cargo/registry/src/index.crates.io-6f17d22bba15001f/noah-curve25519-dalek-4.0.0/src/window.rs:44:9\n    |\n44  |         pub struct $name<T>(pub(crate) [T; $size]);\n    |         ------------------------------------------- method `select` not found for this struct\n    |\n    = note: the following trait bounds were not satisfied:\n            `{type error}: Sized`\n            which is required by `AffineNielsPoint: Sized`\n    = note: this error originates in the macro `impl_basepoint_table` (in Nightly builds, run with -Z macro-backtrace for more info)\n\nerror[E0599]: no method named `to_extended` found for struct `EdwardsPoint` in the current scope\n   --> /Users/graysonnocera/.cargo/registry/src/index.crates.io-6f17d22bba15001f/noah-curve25519-dalek-4.0.0/src/edwards.rs:881:64\n    |\n338 | pub struct EdwardsPoint {\n    | ----------------------- method `to_extended` not found for this struct\n...\n881 |                 (&<$point>::identity() + &self.0[0].select(1)).to_extended()\n    |                                                                ^^^^^^^^^^^ method not found in `EdwardsPoint`\n...\n980 | impl_basepoint_table! {Name = EdwardsBasepointTableRadix256, LookupTable = LookupTableRadix256, Point = EdwardsPoint, Radix = 8, Additions = 33}\n    | ------------------------------------------------------------------------------------------------------------------------------------------------ in this macro invocation\n    |\n    = note: this error originates in the macro `impl_basepoint_table` (in Nightly builds, run with -Z macro-backtrace for more info)\n\nerror[E0599]: the method `select` exists for struct `LookupTableRadix256<AffineNielsPoint>`, but its trait bounds were not satisfied\n   --> /Users/graysonnocera/.cargo/registry/src/index.crates.io-6f17d22bba15001f/noah-curve25519-dalek-4.0.0/src/edwards.rs:929:46\n    |\n929 |                     P = (&P + &tables[i / 2].select(a[i])).to_extended();\n    |                                              ^^^^^^ method cannot be called on `LookupTableRadix256<AffineNielsPoint>` due to unsatisfied trait bounds\n...\n980 | impl_basepoint_table! {Name = EdwardsBasepointTableRadix256, LookupTable = LookupTableRadix256, Point = EdwardsPoint, Radix = 8, Additions = 33}\n    | ------------------------------------------------------------------------------------------------------------------------------------------------ in this macro invocation\n    |\n   ::: /Users/graysonnocera/.cargo/registry/src/index.crates.io-6f17d22bba15001f/noah-curve25519-dalek-4.0.0/src/backend/serial/curve_models/mod.rs:185:1\n    |\n185 | pub struct AffineNielsPoint {\n    | --------------------------- doesn't satisfy `AffineNielsPoint: Sized`\n    |\n   ::: /Users/graysonnocera/.cargo/registry/src/index.crates.io-6f17d22bba15001f/noah-curve25519-dalek-4.0.0/src/window.rs:44:9\n    |\n44  |         pub struct $name<T>(pub(crate) [T; $size]);\n    |         ------------------------------------------- method `select` not found for this struct\n    |\n    = note: the following trait bounds were not satisfied:\n            `{type error}: Sized`\n            which is required by `AffineNielsPoint: Sized`\n    = note: this error originates in the macro `impl_basepoint_table` (in Nightly builds, run with -Z macro-backtrace for more info)\n\nerror[E0599]: no method named `to_extended` found for struct `EdwardsPoint` in the current scope\n   --> /Users/graysonnocera/.cargo/registry/src/index.crates.io-6f17d22bba15001f/noah-curve25519-dalek-4.0.0/src/edwards.rs:929:60\n    |\n338 | pub struct EdwardsPoint {\n    | ----------------------- method `to_extended` not found for this struct\n...\n929 |                     P = (&P + &tables[i / 2].select(a[i])).to_extended();\n    |                                                            ^^^^^^^^^^^ method not found in `EdwardsPoint`\n...\n980 | impl_basepoint_table! {Name = EdwardsBasepointTableRadix256, LookupTable = LookupTableRadix256, Point = EdwardsPoint, Radix = 8, Additions = 33}\n    | ------------------------------------------------------------------------------------------------------------------------------------------------ in this macro invocation\n    |\n    = note: this error originates in the macro `impl_basepoint_table` (in Nightly builds, run with -Z macro-backtrace for more info)\n\nerror[E0599]: the method `select` exists for struct `LookupTableRadix256<AffineNielsPoint>`, but its trait bounds were not satisfied\n   --> /Users/graysonnocera/.cargo/registry/src/index.crates.io-6f17d22bba15001f/noah-curve25519-dalek-4.0.0/src/edwards.rs:935:46\n    |\n935 |                     P = (&P + &tables[i / 2].select(a[i])).to_extended();\n    |                                              ^^^^^^ method cannot be called on `LookupTableRadix256<AffineNielsPoint>` due to unsatisfied trait bounds\n...\n980 | impl_basepoint_table! {Name = EdwardsBasepointTableRadix256, LookupTable = LookupTableRadix256, Point = EdwardsPoint, Radix = 8, Additions = 33}\n    | ------------------------------------------------------------------------------------------------------------------------------------------------ in this macro invocation\n    |\n   ::: /Users/graysonnocera/.cargo/registry/src/index.crates.io-6f17d22bba15001f/noah-curve25519-dalek-4.0.0/src/backend/serial/curve_models/mod.rs:185:1\n    |\n185 | pub struct AffineNielsPoint {\n    | --------------------------- doesn't satisfy `AffineNielsPoint: Sized`\n    |\n   ::: /Users/graysonnocera/.cargo/registry/src/index.crates.io-6f17d22bba15001f/noah-curve25519-dalek-4.0.0/src/window.rs:44:9\n    |\n44  |         pub struct $name<T>(pub(crate) [T; $size]);\n    |         ------------------------------------------- method `select` not found for this struct\n    |\n    = note: the following trait bounds were not satisfied:\n            `{type error}: Sized`\n            which is required by `AffineNielsPoint: Sized`\n    = note: this error originates in the macro `impl_basepoint_table` (in Nightly builds, run with -Z macro-backtrace for more info)\n\nerror[E0599]: no method named `to_extended` found for struct `EdwardsPoint` in the current scope\n   --> /Users/graysonnocera/.cargo/registry/src/index.crates.io-6f17d22bba15001f/noah-curve25519-dalek-4.0.0/src/edwards.rs:935:60\n    |\n338 | pub struct EdwardsPoint {\n    | ----------------------- method `to_extended` not found for this struct\n...\n935 |                     P = (&P + &tables[i / 2].select(a[i])).to_extended();\n    |                                                            ^^^^^^^^^^^ method not found in `EdwardsPoint`\n...\n980 | impl_basepoint_table! {Name = EdwardsBasepointTableRadix256, LookupTable = LookupTableRadix256, Point = EdwardsPoint, Radix = 8, Additions = 33}\n    | ------------------------------------------------------------------------------------------------------------------------------------------------ in this macro invocation\n    |\n    = note: this error originates in the macro `impl_basepoint_table` (in Nightly builds, run with -Z macro-backtrace for more info)\n\nerror[E0599]: the method `select` exists for struct `LookupTable<AffineNielsPoint>`, but its trait bounds were not satisfied\n    --> /Users/graysonnocera/.cargo/registry/src/index.crates.io-6f17d22bba15001f/noah-curve25519-dalek-4.0.0/src/edwards.rs:1061:38\n     |\n1061 |             P = (&P + &tables[i / 2].select(a[i])).to_extended();\n     |                                      ^^^^^^ method cannot be called on `LookupTable<AffineNielsPoint>` due to unsatisfied trait bounds\n     |\n    ::: /Users/graysonnocera/.cargo/registry/src/index.crates.io-6f17d22bba15001f/noah-curve25519-dalek-4.0.0/src/backend/serial/curve_models/mod.rs:185:1\n     |\n185  | pub struct AffineNielsPoint {\n     | --------------------------- doesn't satisfy `AffineNielsPoint: Sized`\n     |\n    ::: /Users/graysonnocera/.cargo/registry/src/index.crates.io-6f17d22bba15001f/noah-curve25519-dalek-4.0.0/src/window.rs:44:9\n     |\n44   |         pub struct $name<T>(pub(crate) [T; $size]);\n     |         ------------------------------------------- method `select` not found for this struct\n     |\n     = note: the following trait bounds were not satisfied:\n             `{type error}: Sized`\n             which is required by `AffineNielsPoint: Sized`\n\nerror[E0599]: no method named `to_extended` found for struct `EdwardsPoint` in the current scope\n    --> /Users/graysonnocera/.cargo/registry/src/index.crates.io-6f17d22bba15001f/noah-curve25519-dalek-4.0.0/src/edwards.rs:1061:52\n     |\n338  | pub struct EdwardsPoint {\n     | ----------------------- method `to_extended` not found for this struct\n...\n1061 |             P = (&P + &tables[i / 2].select(a[i])).to_extended();\n     |                                                    ^^^^^^^^^^^ method not found in `EdwardsPoint`\n\nerror[E0599]: the method `select` exists for struct `LookupTable<AffineNielsPoint>`, but its trait bounds were not satisfied\n    --> /Users/graysonnocera/.cargo/registry/src/index.crates.io-6f17d22bba15001f/noah-curve25519-dalek-4.0.0/src/edwards.rs:1067:38\n     |\n1067 |             P = (&P + &tables[i / 2].select(a[i])).to_extended();\n     |                                      ^^^^^^ method cannot be called on `LookupTable<AffineNielsPoint>` due to unsatisfied trait bounds\n     |\n    ::: /Users/graysonnocera/.cargo/registry/src/index.crates.io-6f17d22bba15001f/noah-curve25519-dalek-4.0.0/src/backend/serial/curve_models/mod.rs:185:1\n     |\n185  | pub struct AffineNielsPoint {\n     | --------------------------- doesn't satisfy `AffineNielsPoint: Sized`\n     |\n    ::: /Users/graysonnocera/.cargo/registry/src/index.crates.io-6f17d22bba15001f/noah-curve25519-dalek-4.0.0/src/window.rs:44:9\n     |\n44   |         pub struct $name<T>(pub(crate) [T; $size]);\n     |         ------------------------------------------- method `select` not found for this struct\n     |\n     = note: the following trait bounds were not satisfied:\n             `{type error}: Sized`\n             which is required by `AffineNielsPoint: Sized`\n\nerror[E0599]: no method named `to_extended` found for struct `EdwardsPoint` in the current scope\n    --> /Users/graysonnocera/.cargo/registry/src/index.crates.io-6f17d22bba15001f/noah-curve25519-dalek-4.0.0/src/edwards.rs:1067:52\n     |\n338  | pub struct EdwardsPoint {\n     | ----------------------- method `to_extended` not found for this struct\n...\n1067 |             P = (&P + &tables[i / 2].select(a[i])).to_extended();\n     |                                                    ^^^^^^^^^^^ method not found in `EdwardsPoint`\n\nerror[E0599]: the method `select` exists for struct `LookupTable<AffineNielsPoint>`, but its trait bounds were not satisfied\n    --> /Users/graysonnocera/.cargo/registry/src/index.crates.io-6f17d22bba15001f/noah-curve25519-dalek-4.0.0/src/edwards.rs:1076:49\n     |\n1076 |         (&EdwardsPoint::identity() + &self.0[0].select(1)).to_extended()\n     |                                                 ^^^^^^ method cannot be called on `LookupTable<AffineNielsPoint>` due to unsatisfied trait bounds\n     |\n    ::: /Users/graysonnocera/.cargo/registry/src/index.crates.io-6f17d22bba15001f/noah-curve25519-dalek-4.0.0/src/backend/serial/curve_models/mod.rs:185:1\n     |\n185  | pub struct AffineNielsPoint {\n     | --------------------------- doesn't satisfy `AffineNielsPoint: Sized`\n     |\n    ::: /Users/graysonnocera/.cargo/registry/src/index.crates.io-6f17d22bba15001f/noah-curve25519-dalek-4.0.0/src/window.rs:44:9\n     |\n44   |         pub struct $name<T>(pub(crate) [T; $size]);\n     |         ------------------------------------------- method `select` not found for this struct\n     |\n     = note: the following trait bounds were not satisfied:\n             `{type error}: Sized`\n             which is required by `AffineNielsPoint: Sized`\n\nerror[E0599]: no method named `to_extended` found for struct `EdwardsPoint` in the current scope\n    --> /Users/graysonnocera/.cargo/registry/src/index.crates.io-6f17d22bba15001f/noah-curve25519-dalek-4.0.0/src/edwards.rs:1076:60\n     |\n338  | pub struct EdwardsPoint {\n     | ----------------------- method `to_extended` not found for this struct\n...\n1076 |         (&EdwardsPoint::identity() + &self.0[0].select(1)).to_extended()\n     |                                                            ^^^^^^^^^^^ method not found in `EdwardsPoint`\n\nerror[E0599]: the size for values of type `EdwardsPoint` cannot be known at compilation time\n    --> /Users/graysonnocera/.cargo/registry/src/index.crates.io-6f17d22bba15001f/noah-curve25519-dalek-4.0.0/src/edwards.rs:1178:32\n     |\n338  | pub struct EdwardsPoint {\n     | ----------------------- method `is_identity` not found for this struct because it doesn't satisfy `EdwardsPoint: IsIdentity` or `EdwardsPoint: Sized`\n...\n1178 |         self.mul_by_cofactor().is_identity()\n     |                                ^^^^^^^^^^^ doesn't have a size known at compile-time\n     |\nnote: trait bound `EdwardsPoint: Sized` was not satisfied\n    --> /Users/graysonnocera/.cargo/registry/src/index.crates.io-6f17d22bba15001f/noah-curve25519-dalek-4.0.0/src/traits.rs:42:6\n     |\n42   | impl<T> IsIdentity for T\n     |      ^  ----------     -\n     |      |\n     |      unsatisfied trait bound introduced here\nnote: the trait `Sized` must be implemented\n    --> /Users/graysonnocera/.rustup/toolchains/stable-aarch64-apple-darwin/lib/rustlib/src/rust/library/core/src/marker.rs:145:1\n     |\n145  | pub trait Sized {\n     | ^^^^^^^^^^^^^^^\n     = help: items from traits can only be used if the trait is implemented and in scope\nnote: `IsIdentity` defines an item `is_identity`, perhaps you need to implement it\n    --> /Users/graysonnocera/.cargo/registry/src/index.crates.io-6f17d22bba15001f/noah-curve25519-dalek-4.0.0/src/traits.rs:34:1\n     |\n34   | pub trait IsIdentity {\n     | ^^^^^^^^^^^^^^^^^^^^\nhelp: consider relaxing the type parameter's implicit `Sized` bound\n    -->  /Users/graysonnocera/.cargo/registry/src/index.crates.io-6f17d22bba15001f/noah-curve25519-dalek-4.0.0/src/traits.rs:42:7\n     |\n42   | impl<T: ?Sized> IsIdentity for T\n     |       ++++++++\n\nerror[E0599]: the size for values of type `EdwardsPoint` cannot be known at compilation time\n    --> /Users/graysonnocera/.cargo/registry/src/index.crates.io-6f17d22bba15001f/noah-curve25519-dalek-4.0.0/src/edwards.rs:1208:45\n     |\n338  | pub struct EdwardsPoint {\n     | ----------------------- method `is_identity` not found for this struct because it doesn't satisfy `EdwardsPoint: IsIdentity` or `EdwardsPoint: Sized`\n...\n1208 |         (self * constants::BASEPOINT_ORDER).is_identity()\n     |                                             ^^^^^^^^^^^ doesn't have a size known at compile-time\n     |\nnote: trait bound `EdwardsPoint: Sized` was not satisfied\n    --> /Users/graysonnocera/.cargo/registry/src/index.crates.io-6f17d22bba15001f/noah-curve25519-dalek-4.0.0/src/traits.rs:42:6\n     |\n42   | impl<T> IsIdentity for T\n     |      ^  ----------     -\n     |      |\n     |      unsatisfied trait bound introduced here\nnote: the trait `Sized` must be implemented\n    --> /Users/graysonnocera/.rustup/toolchains/stable-aarch64-apple-darwin/lib/rustlib/src/rust/library/core/src/marker.rs:145:1\n     |\n145  | pub trait Sized {\n     | ^^^^^^^^^^^^^^^\n     = help: items from traits can only be used if the trait is implemented and in scope\nnote: `IsIdentity` defines an item `is_identity`, perhaps you need to implement it\n    --> /Users/graysonnocera/.cargo/registry/src/index.crates.io-6f17d22bba15001f/noah-curve25519-dalek-4.0.0/src/traits.rs:34:1\n     |\n34   | pub trait IsIdentity {\n     | ^^^^^^^^^^^^^^^^^^^^\nhelp: consider relaxing the type parameter's implicit `Sized` bound\n    -->  /Users/graysonnocera/.cargo/registry/src/index.crates.io-6f17d22bba15001f/noah-curve25519-dalek-4.0.0/src/traits.rs:42:7\n     |\n42   | impl<T: ?Sized> IsIdentity for T\n     |       ++++++++\n\nerror[E0599]: the method `collect` exists for struct `Map<<I as IntoIterator>::IntoIter, fn(&RistrettoPoint) -> BatchCompressState {<BatchCompressState as From<&RistrettoPoint>>::from}>`, but its trait bounds were not satisfied\n   --> /Users/graysonnocera/.cargo/registry/src/index.crates.io-6f17d22bba15001f/noah-curve25519-dalek-4.0.0/src/ristretto.rs:566:62\n    |\n566 |             points.into_iter().map(BatchCompressState::from).collect();\n    |                                                              ^^^^^^^ method cannot be called due to unsatisfied trait bounds\n    |\n   ::: /Users/graysonnocera/.rustup/toolchains/stable-aarch64-apple-darwin/lib/rustlib/src/rust/library/core/src/iter/adapters/map.rs:62:1\n    |\n62  | pub struct Map<I, F> {\n    | -------------------- doesn't satisfy `_: Iterator`\n    |\n    = note: the following trait bounds were not satisfied:\n            `<fn(&RistrettoPoint) -> BatchCompressState {<BatchCompressState as From<&RistrettoPoint>>::from} as FnOnce<(&'a RistrettoPoint,)>>::Output = _`\n            which is required by `Map<<I as IntoIterator>::IntoIter, fn(&RistrettoPoint) -> BatchCompressState {<BatchCompressState as From<&RistrettoPoint>>::from}>: Iterator`\n            `fn(&RistrettoPoint) -> BatchCompressState {<BatchCompressState as From<&RistrettoPoint>>::from}: FnMut<(&'a RistrettoPoint,)>`\n            which is required by `Map<<I as IntoIterator>::IntoIter, fn(&RistrettoPoint) -> BatchCompressState {<BatchCompressState as From<&RistrettoPoint>>::from}>: Iterator`\n            `Map<<I as IntoIterator>::IntoIter, fn(&RistrettoPoint) -> BatchCompressState {<BatchCompressState as From<&RistrettoPoint>>::from}>: Iterator`\n            which is required by `&mut Map<<I as IntoIterator>::IntoIter, fn(&RistrettoPoint) -> BatchCompressState {<BatchCompressState as From<&RistrettoPoint>>::from}>: Iterator`\n\nerror[E0599]: the method `map` exists for enum `Option<RistrettoPoint>`, but its trait bounds were not satisfied\n   --> /Users/graysonnocera/.cargo/registry/src/index.crates.io-6f17d22bba15001f/noah-curve25519-dalek-4.0.0/src/ristretto.rs:950:68\n    |\n458 | pub struct RistrettoPoint(pub EdwardsPoint);\n    | ------------------------- doesn't satisfy `RistrettoPoint: Sized`\n...\n950 |         let extended_points = points.into_iter().map(|opt_P| opt_P.map(|P| P.borrow().0));\n    |                                                                    ^^^ method cannot be called on `Option<RistrettoPoint>` due to unsatisfied trait bounds\n    |\n   ::: /Users/graysonnocera/.rustup/toolchains/stable-aarch64-apple-darwin/lib/rustlib/src/rust/library/core/src/option.rs:574:1\n    |\n574 | pub enum Option<T> {\n    | ------------------ doesn't satisfy `Option<RistrettoPoint>: Iterator`\n    |\n    = note: the following trait bounds were not satisfied:\n            `{type error}: Sized`\n            which is required by `RistrettoPoint: Sized`\n            `Option<RistrettoPoint>: Iterator`\n            which is required by `&mut Option<RistrettoPoint>: Iterator`\n\nerror[E0599]: the method `map` exists for enum `Option<EdwardsPoint>`, but its trait bounds were not satisfied\n   --> /Users/graysonnocera/.cargo/registry/src/index.crates.io-6f17d22bba15001f/noah-curve25519-dalek-4.0.0/src/ristretto.rs:952:74\n    |\n952 |         EdwardsPoint::optional_multiscalar_mul(scalars, extended_points).map(RistrettoPoint)\n    |                                                                          ^^^ method cannot be called on `Option<EdwardsPoint>` due to unsatisfied trait bounds\n    |\n   ::: /Users/graysonnocera/.cargo/registry/src/index.crates.io-6f17d22bba15001f/noah-curve25519-dalek-4.0.0/src/edwards.rs:338:1\n    |\n338 | pub struct EdwardsPoint {\n    | ----------------------- doesn't satisfy `EdwardsPoint: Sized`\n    |\n   ::: /Users/graysonnocera/.rustup/toolchains/stable-aarch64-apple-darwin/lib/rustlib/src/rust/library/core/src/option.rs:574:1\n    |\n574 | pub enum Option<T> {\n    | ------------------ doesn't satisfy `Option<EdwardsPoint>: Iterator`\n    |\n    = note: the following trait bounds were not satisfied:\n            `{type error}: Sized`\n            which is required by `EdwardsPoint: Sized`\n            `Option<EdwardsPoint>: Iterator`\n            which is required by `&mut Option<EdwardsPoint>: Iterator`\n\nerror[E0599]: the method `map` exists for enum `Option<RistrettoPoint>`, but its trait bounds were not satisfied\n   --> /Users/graysonnocera/.cargo/registry/src/index.crates.io-6f17d22bba15001f/noah-curve25519-dalek-4.0.0/src/ristretto.rs:996:62\n    |\n458 | pub struct RistrettoPoint(pub EdwardsPoint);\n    | ------------------------- doesn't satisfy `RistrettoPoint: Sized`\n...\n996 |                 dynamic_points.into_iter().map(|P_opt| P_opt.map(|P| P.0)),\n    |                                                              ^^^ method cannot be called on `Option<RistrettoPoint>` due to unsatisfied trait bounds\n    |\n   ::: /Users/graysonnocera/.rustup/toolchains/stable-aarch64-apple-darwin/lib/rustlib/src/rust/library/core/src/option.rs:574:1\n    |\n574 | pub enum Option<T> {\n    | ------------------ doesn't satisfy `Option<RistrettoPoint>: Iterator`\n    |\n    = note: the following trait bounds were not satisfied:\n            `{type error}: Sized`\n            which is required by `RistrettoPoint: Sized`\n            `Option<RistrettoPoint>: Iterator`\n            which is required by `&mut Option<RistrettoPoint>: Iterator`\n\nerror[E0599]: the method `map` exists for enum `Option<EdwardsPoint>`, but its trait bounds were not satisfied\n   --> /Users/graysonnocera/.cargo/registry/src/index.crates.io-6f17d22bba15001f/noah-curve25519-dalek-4.0.0/src/ristretto.rs:998:14\n    |\n992 | /         self.0\n993 | |             .optional_mixed_multiscalar_mul(\n994 | |                 static_scalars,\n995 | |                 dynamic_scalars,\n996 | |                 dynamic_points.into_iter().map(|P_opt| P_opt.map(|P| P.0)),\n997 | |             )\n998 | |             .map(RistrettoPoint)\n    | |             -^^^ method cannot be called on `Option<EdwardsPoint>` due to unsatisfied trait bounds\n    | |_____________|\n    |\n    |\n   ::: /Users/graysonnocera/.cargo/registry/src/index.crates.io-6f17d22bba15001f/noah-curve25519-dalek-4.0.0/src/edwards.rs:338:1\n    |\n338 |   pub struct EdwardsPoint {\n    |   ----------------------- doesn't satisfy `EdwardsPoint: Sized`\n    |\n   ::: /Users/graysonnocera/.rustup/toolchains/stable-aarch64-apple-darwin/lib/rustlib/src/rust/library/core/src/option.rs:574:1\n    |\n574 |   pub enum Option<T> {\n    |   ------------------ doesn't satisfy `Option<EdwardsPoint>: Iterator`\n    |\n    = note: the following trait bounds were not satisfied:\n            `{type error}: Sized`\n            which is required by `EdwardsPoint: Sized`\n            `Option<EdwardsPoint>: Iterator`\n            which is required by `&mut Option<EdwardsPoint>: Iterator`\n\nerror[E0433]: failed to resolve: use of undeclared type `FieldElement`\n   --> /Users/graysonnocera/.cargo/registry/src/index.crates.io-6f17d22bba15001f/noah-curve25519-dalek-4.0.0/src/field.rs:161:32\n    |\n161 |         let mut scratch = vec![FieldElement::one(); n];\n    |                                ^^^^^^^^^^^^ use of undeclared type `FieldElement`\n\nerror[E0433]: failed to resolve: use of undeclared type `FieldElement`\n   --> /Users/graysonnocera/.cargo/registry/src/index.crates.io-6f17d22bba15001f/noah-curve25519-dalek-4.0.0/src/field.rs:164:23\n    |\n164 |         let mut acc = FieldElement::one();\n    |                       ^^^^^^^^^^^^ use of undeclared type `FieldElement`\n\nerror[E0433]: failed to resolve: use of undeclared type `FieldElement`\n   --> /Users/graysonnocera/.cargo/registry/src/index.crates.io-6f17d22bba15001f/noah-curve25519-dalek-4.0.0/src/field.rs:294:9\n    |\n294 |         FieldElement::sqrt_ratio_i(&FieldElement::one(), self)\n    |         ^^^^^^^^^^^^ use of undeclared type `FieldElement`\n\nerror[E0433]: failed to resolve: use of undeclared type `FieldElement`\n   --> /Users/graysonnocera/.cargo/registry/src/index.crates.io-6f17d22bba15001f/noah-curve25519-dalek-4.0.0/src/field.rs:294:37\n    |\n294 |         FieldElement::sqrt_ratio_i(&FieldElement::one(), self)\n    |                                     ^^^^^^^^^^^^ use of undeclared type `FieldElement`\n\nerror[E0599]: the method `select` exists for struct `LookupTable<ProjectiveNielsPoint>`, but its trait bounds were not satisfied\n   --> /Users/graysonnocera/.cargo/registry/src/index.crates.io-6f17d22bba15001f/noah-curve25519-dalek-4.0.0/src/backend/serial/scalar_mul/variable_base.rs:30:42\n    |\n30  |     let mut tmp1 = &tmp3 + &lookup_table.select(scalar_digits[63]);\n    |                                          ^^^^^^ method cannot be called on `LookupTable<ProjectiveNielsPoint>` due to unsatisfied trait bounds\n    |\n   ::: /Users/graysonnocera/.cargo/registry/src/index.crates.io-6f17d22bba15001f/noah-curve25519-dalek-4.0.0/src/backend/serial/curve_models/mod.rs:206:1\n    |\n206 | pub struct ProjectiveNielsPoint {\n    | ------------------------------- doesn't satisfy `ProjectiveNielsPoint: Sized`\n    |\n   ::: /Users/graysonnocera/.cargo/registry/src/index.crates.io-6f17d22bba15001f/noah-curve25519-dalek-4.0.0/src/window.rs:44:9\n    |\n44  |         pub struct $name<T>(pub(crate) [T; $size]);\n    |         ------------------------------------------- method `select` not found for this struct\n    |\n    = note: the following trait bounds were not satisfied:\n            `{type error}: Sized`\n            which is required by `ProjectiveNielsPoint: Sized`\n\nerror[E0308]: mismatched types\n  --> /Users/graysonnocera/.cargo/registry/src/index.crates.io-6f17d22bba15001f/noah-curve25519-dalek-4.0.0/src/backend/serial/scalar_mul/variable_base.rs:34:16\n   |\n30 |     let mut tmp1 = &tmp3 + &lookup_table.select(scalar_digits[63]);\n   |                    ----------------------------------------------- expected due to this value\n...\n34 |         tmp1 = tmp2.double(); // tmp1 =  2*(prev) in P1xP1 coords\n   |                ^^^^^^^^^^^^^ expected `EdwardsPoint`, found `CompletedPoint`\n\nerror[E0308]: mismatched types\n  --> /Users/graysonnocera/.cargo/registry/src/index.crates.io-6f17d22bba15001f/noah-curve25519-dalek-4.0.0/src/backend/serial/scalar_mul/variable_base.rs:36:16\n   |\n30 |     let mut tmp1 = &tmp3 + &lookup_table.select(scalar_digits[63]);\n   |                    ----------------------------------------------- expected due to this value\n...\n36 |         tmp1 = tmp2.double(); // tmp1 =  4*(prev) in P1xP1 coords\n   |                ^^^^^^^^^^^^^ expected `EdwardsPoint`, found `CompletedPoint`\n\nerror[E0308]: mismatched types\n  --> /Users/graysonnocera/.cargo/registry/src/index.crates.io-6f17d22bba15001f/noah-curve25519-dalek-4.0.0/src/backend/serial/scalar_mul/variable_base.rs:38:16\n   |\n30 |     let mut tmp1 = &tmp3 + &lookup_table.select(scalar_digits[63]);\n   |                    ----------------------------------------------- expected due to this value\n...\n38 |         tmp1 = tmp2.double(); // tmp1 =  8*(prev) in P1xP1 coords\n   |                ^^^^^^^^^^^^^ expected `EdwardsPoint`, found `CompletedPoint`\n\nerror[E0308]: mismatched types\n  --> /Users/graysonnocera/.cargo/registry/src/index.crates.io-6f17d22bba15001f/noah-curve25519-dalek-4.0.0/src/backend/serial/scalar_mul/variable_base.rs:40:16\n   |\n30 |     let mut tmp1 = &tmp3 + &lookup_table.select(scalar_digits[63]);\n   |                    ----------------------------------------------- expected due to this value\n...\n40 |         tmp1 = tmp2.double(); // tmp1 = 16*(prev) in P1xP1 coords\n   |                ^^^^^^^^^^^^^ expected `EdwardsPoint`, found `CompletedPoint`\n\nerror[E0599]: no method named `to_extended` found for struct `EdwardsPoint` in the current scope\n   --> /Users/graysonnocera/.cargo/registry/src/index.crates.io-6f17d22bba15001f/noah-curve25519-dalek-4.0.0/src/backend/serial/scalar_mul/variable_base.rs:41:21\n    |\n41  |         tmp3 = tmp1.to_extended(); // tmp3 = 16*(prev) in P3 coords\n    |                     ^^^^^^^^^^^ method not found in `EdwardsPoint`\n    |\n   ::: /Users/graysonnocera/.cargo/registry/src/index.crates.io-6f17d22bba15001f/noah-curve25519-dalek-4.0.0/src/edwards.rs:338:1\n    |\n338 | pub struct EdwardsPoint {\n    | ----------------------- method `to_extended` not found for this struct\n\nerror[E0599]: the method `select` exists for struct `LookupTable<ProjectiveNielsPoint>`, but its trait bounds were not satisfied\n   --> /Users/graysonnocera/.cargo/registry/src/index.crates.io-6f17d22bba15001f/noah-curve25519-dalek-4.0.0/src/backend/serial/scalar_mul/variable_base.rs:42:38\n    |\n42  |         tmp1 = &tmp3 + &lookup_table.select(scalar_digits[i]);\n    |                                      ^^^^^^ method cannot be called on `LookupTable<ProjectiveNielsPoint>` due to unsatisfied trait bounds\n    |\n   ::: /Users/graysonnocera/.cargo/registry/src/index.crates.io-6f17d22bba15001f/noah-curve25519-dalek-4.0.0/src/backend/serial/curve_models/mod.rs:206:1\n    |\n206 | pub struct ProjectiveNielsPoint {\n    | ------------------------------- doesn't satisfy `ProjectiveNielsPoint: Sized`\n    |\n   ::: /Users/graysonnocera/.cargo/registry/src/index.crates.io-6f17d22bba15001f/noah-curve25519-dalek-4.0.0/src/window.rs:44:9\n    |\n44  |         pub struct $name<T>(pub(crate) [T; $size]);\n    |         ------------------------------------------- method `select` not found for this struct\n    |\n    = note: the following trait bounds were not satisfied:\n            `{type error}: Sized`\n            which is required by `ProjectiveNielsPoint: Sized`\n\nerror[E0599]: no method named `to_extended` found for struct `EdwardsPoint` in the current scope\n   --> /Users/graysonnocera/.cargo/registry/src/index.crates.io-6f17d22bba15001f/noah-curve25519-dalek-4.0.0/src/backend/serial/scalar_mul/variable_base.rs:45:10\n    |\n45  |     tmp1.to_extended()\n    |          ^^^^^^^^^^^ method not found in `EdwardsPoint`\n    |\n   ::: /Users/graysonnocera/.cargo/registry/src/index.crates.io-6f17d22bba15001f/noah-curve25519-dalek-4.0.0/src/edwards.rs:338:1\n    |\n338 | pub struct EdwardsPoint {\n    | ----------------------- method `to_extended` not found for this struct\n\nerror[E0599]: the method `select` exists for struct `NafLookupTable5<ProjectiveNielsPoint>`, but its trait bounds were not satisfied\n   --> /Users/graysonnocera/.cargo/registry/src/index.crates.io-6f17d22bba15001f/noah-curve25519-dalek-4.0.0/src/backend/serial/scalar_mul/vartime_double_base.rs:42:45\n    |\n42  |             t = &t.to_extended() + &table_A.select(a_naf[i] as usize);\n    |                                             ^^^^^^ method cannot be called on `NafLookupTable5<ProjectiveNielsPoint>` due to unsatisfied trait bounds\n    |\n   ::: /Users/graysonnocera/.cargo/registry/src/index.crates.io-6f17d22bba15001f/noah-curve25519-dalek-4.0.0/src/backend/serial/curve_models/mod.rs:206:1\n    |\n206 | pub struct ProjectiveNielsPoint {\n    | ------------------------------- doesn't satisfy `ProjectiveNielsPoint: Sized`\n    |\n   ::: /Users/graysonnocera/.cargo/registry/src/index.crates.io-6f17d22bba15001f/noah-curve25519-dalek-4.0.0/src/window.rs:140:1\n    |\n140 | pub(crate) struct NafLookupTable5<T>(pub(crate) [T; 8]);\n    | ------------------------------------ method `select` not found for this struct\n    |\n    = note: the following trait bounds were not satisfied:\n            `{type error}: Sized`\n            which is required by `ProjectiveNielsPoint: Sized`\n\nerror[E0308]: mismatched types\n  --> /Users/graysonnocera/.cargo/registry/src/index.crates.io-6f17d22bba15001f/noah-curve25519-dalek-4.0.0/src/backend/serial/scalar_mul/vartime_double_base.rs:42:17\n   |\n39 |         let mut t = r.double();\n   |                     ---------- expected due to this value\n...\n42 |             t = &t.to_extended() + &table_A.select(a_naf[i] as usize);\n   |                 ^^^^^^^^^^^^^^^^^^^^^^^^^^^^^^^^^^^^^^^^^^^^^^^^^^^^^ expected `CompletedPoint`, found `EdwardsPoint`\n\nerror[E0599]: the method `select` exists for struct `NafLookupTable5<ProjectiveNielsPoint>`, but its trait bounds were not satisfied\n   --> /Users/graysonnocera/.cargo/registry/src/index.crates.io-6f17d22bba15001f/noah-curve25519-dalek-4.0.0/src/backend/serial/scalar_mul/vartime_double_base.rs:44:45\n    |\n44  |             t = &t.to_extended() - &table_A.select(-a_naf[i] as usize);\n    |                                             ^^^^^^ method cannot be called on `NafLookupTable5<ProjectiveNielsPoint>` due to unsatisfied trait bounds\n    |\n   ::: /Users/graysonnocera/.cargo/registry/src/index.crates.io-6f17d22bba15001f/noah-curve25519-dalek-4.0.0/src/backend/serial/curve_models/mod.rs:206:1\n    |\n206 | pub struct ProjectiveNielsPoint {\n    | ------------------------------- doesn't satisfy `ProjectiveNielsPoint: Sized`\n    |\n   ::: /Users/graysonnocera/.cargo/registry/src/index.crates.io-6f17d22bba15001f/noah-curve25519-dalek-4.0.0/src/window.rs:140:1\n    |\n140 | pub(crate) struct NafLookupTable5<T>(pub(crate) [T; 8]);\n    | ------------------------------------ method `select` not found for this struct\n    |\n    = note: the following trait bounds were not satisfied:\n            `{type error}: Sized`\n            which is required by `ProjectiveNielsPoint: Sized`\n\nerror[E0308]: mismatched types\n  --> /Users/graysonnocera/.cargo/registry/src/index.crates.io-6f17d22bba15001f/noah-curve25519-dalek-4.0.0/src/backend/serial/scalar_mul/vartime_double_base.rs:44:17\n   |\n39 |         let mut t = r.double();\n   |                     ---------- expected due to this value\n...\n44 |             t = &t.to_extended() - &table_A.select(-a_naf[i] as usize);\n   |                 ^^^^^^^^^^^^^^^^^^^^^^^^^^^^^^^^^^^^^^^^^^^^^^^^^^^^^^ expected `CompletedPoint`, found `EdwardsPoint`\n\nerror[E0308]: mismatched types\n  --> /Users/graysonnocera/.cargo/registry/src/index.crates.io-6f17d22bba15001f/noah-curve25519-dalek-4.0.0/src/backend/serial/scalar_mul/vartime_double_base.rs:48:17\n   |\n39 |         let mut t = r.double();\n   |                     ---------- expected due to this value\n...\n48 |             t = &t.to_extended() + &table_B.select(b_naf[i] as usize);\n   |                 ^^^^^^^^^^^^^^^^^^^^^^^^^^^^^^^^^^^^^^^^^^^^^^^^^^^^^ expected `CompletedPoint`, found `EdwardsPoint`\n\nerror[E0308]: mismatched types\n  --> /Users/graysonnocera/.cargo/registry/src/index.crates.io-6f17d22bba15001f/noah-curve25519-dalek-4.0.0/src/backend/serial/scalar_mul/vartime_double_base.rs:50:17\n   |\n39 |         let mut t = r.double();\n   |                     ---------- expected due to this value\n...\n50 |             t = &t.to_extended() - &table_B.select(-b_naf[i] as usize);\n   |                 ^^^^^^^^^^^^^^^^^^^^^^^^^^^^^^^^^^^^^^^^^^^^^^^^^^^^^^ expected `CompletedPoint`, found `EdwardsPoint`\n\nerror[E0599]: the method `select` exists for reference `&LookupTable<ProjectiveNielsPoint>`, but its trait bounds were not satisfied\n   --> /Users/graysonnocera/.cargo/registry/src/index.crates.io-6f17d22bba15001f/noah-curve25519-dalek-4.0.0/src/backend/serial/scalar_mul/straus.rs:136:42\n    |\n136 |                 let R_i = lookup_table_i.select(s_i[j]);\n    |                                          ^^^^^^ method cannot be called on `&LookupTable<ProjectiveNielsPoint>` due to unsatisfied trait bounds\n    |\n   ::: /Users/graysonnocera/.cargo/registry/src/index.crates.io-6f17d22bba15001f/noah-curve25519-dalek-4.0.0/src/backend/serial/curve_models/mod.rs:206:1\n    |\n206 | pub struct ProjectiveNielsPoint {\n    | ------------------------------- doesn't satisfy `ProjectiveNielsPoint: Sized`\n    |\n    = note: the following trait bounds were not satisfied:\n            `{type error}: Sized`\n            which is required by `ProjectiveNielsPoint: Sized`\n\nerror[E0599]: no method named `to_extended` found for struct `EdwardsPoint` in the current scope\n   --> /Users/graysonnocera/.cargo/registry/src/index.crates.io-6f17d22bba15001f/noah-curve25519-dalek-4.0.0/src/backend/serial/scalar_mul/straus.rs:138:33\n    |\n138 |                 Q = (&Q + &R_i).to_extended();\n    |                                 ^^^^^^^^^^^ method not found in `EdwardsPoint`\n    |\n   ::: /Users/graysonnocera/.cargo/registry/src/index.crates.io-6f17d22bba15001f/noah-curve25519-dalek-4.0.0/src/edwards.rs:338:1\n    |\n338 | pub struct EdwardsPoint {\n    | ----------------------- method `to_extended` not found for this struct\n\nerror[E0599]: the method `map` exists for enum `Option<EdwardsPoint>`, but its trait bounds were not satisfied\n   --> /Users/graysonnocera/.cargo/registry/src/index.crates.io-6f17d22bba15001f/noah-curve25519-dalek-4.0.0/src/backend/serial/scalar_mul/straus.rs:177:32\n    |\n177 |             .map(|P_opt| P_opt.map(|P| NafLookupTable5::<ProjectiveNielsPoint>::from(&P)))\n    |                                ^^^ method cannot be called on `Option<EdwardsPoint>` due to unsatisfied trait bounds\n    |\n   ::: /Users/graysonnocera/.cargo/registry/src/index.crates.io-6f17d22bba15001f/noah-curve25519-dalek-4.0.0/src/edwards.rs:338:1\n    |\n338 | pub struct EdwardsPoint {\n    | ----------------------- doesn't satisfy `EdwardsPoint: Sized`\n    |\n   ::: /Users/graysonnocera/.rustup/toolchains/stable-aarch64-apple-darwin/lib/rustlib/src/rust/library/core/src/option.rs:574:1\n    |\n574 | pub enum Option<T> {\n    | ------------------ doesn't satisfy `Option<EdwardsPoint>: Iterator`\n    |\n    = note: the following trait bounds were not satisfied:\n            `{type error}: Sized`\n            which is required by `EdwardsPoint: Sized`\n            `Option<EdwardsPoint>: Iterator`\n            which is required by `&mut Option<EdwardsPoint>: Iterator`\n\nerror[E0308]: mismatched types\n   --> /Users/graysonnocera/.cargo/registry/src/index.crates.io-6f17d22bba15001f/noah-curve25519-dalek-4.0.0/src/backend/serial/scalar_mul/straus.rs:187:25\n    |\n183 |             let mut t: CompletedPoint = r.double();\n    |                        -------------- expected due to this type\n...\n187 |                     t = &t.to_extended() + &lookup_table.select(naf[i] as usize);\n    |                         ^^^^^^^^^^^^^^^^^^^^^^^^^^^^^^^^^^^^^^^^^^^^^^^^^^^^^^^^ expected `CompletedPoint`, found `EdwardsPoint`\n\nerror[E0308]: mismatched types\n   --> /Users/graysonnocera/.cargo/registry/src/index.crates.io-6f17d22bba15001f/noah-curve25519-dalek-4.0.0/src/backend/serial/scalar_mul/straus.rs:189:25\n    |\n183 |             let mut t: CompletedPoint = r.double();\n    |                        -------------- expected due to this type\n...\n189 |                     t = &t.to_extended() - &lookup_table.select(-naf[i] as usize);\n    |                         ^^^^^^^^^^^^^^^^^^^^^^^^^^^^^^^^^^^^^^^^^^^^^^^^^^^^^^^^^ expected `CompletedPoint`, found `EdwardsPoint`\n\nerror[E0599]: the method `map` exists for enum `Option<EdwardsPoint>`, but its trait bounds were not satisfied\n   --> /Users/graysonnocera/.cargo/registry/src/index.crates.io-6f17d22bba15001f/noah-curve25519-dalek-4.0.0/src/backend/serial/scalar_mul/precomputed_straus.rs:73:32\n    |\n73  |             .map(|P_opt| P_opt.map(|P| NafLookupTable5::<ProjectiveNielsPoint>::from(&P)))\n    |                                ^^^ method cannot be called on `Option<EdwardsPoint>` due to unsatisfied trait bounds\n    |\n   ::: /Users/graysonnocera/.cargo/registry/src/index.crates.io-6f17d22bba15001f/noah-curve25519-dalek-4.0.0/src/edwards.rs:338:1\n    |\n338 | pub struct EdwardsPoint {\n    | ----------------------- doesn't satisfy `EdwardsPoint: Sized`\n    |\n   ::: /Users/graysonnocera/.rustup/toolchains/stable-aarch64-apple-darwin/lib/rustlib/src/rust/library/core/src/option.rs:574:1\n    |\n574 | pub enum Option<T> {\n    | ------------------ doesn't satisfy `Option<EdwardsPoint>: Iterator`\n    |\n    = note: the following trait bounds were not satisfied:\n            `{type error}: Sized`\n            which is required by `EdwardsPoint: Sized`\n            `Option<EdwardsPoint>: Iterator`\n            which is required by `&mut Option<EdwardsPoint>: Iterator`\n\nerror[E0308]: mismatched types\n  --> /Users/graysonnocera/.cargo/registry/src/index.crates.io-6f17d22bba15001f/noah-curve25519-dalek-4.0.0/src/backend/serial/scalar_mul/precomputed_straus.rs:91:25\n   |\n86 |             let mut R: CompletedPoint = S.double();\n   |                        -------------- expected due to this type\n...\n91 |                     R = &R.to_extended() + &dynamic_lookup_tables[i].select(t_ij as usize);\n   |                         ^^^^^^^^^^^^^^^^^^^^^^^^^^^^^^^^^^^^^^^^^^^^^^^^^^^^^^^^^^^^^^^^^^ expected `CompletedPoint`, found `EdwardsPoint`\n\nerror[E0308]: mismatched types\n  --> /Users/graysonnocera/.cargo/registry/src/index.crates.io-6f17d22bba15001f/noah-curve25519-dalek-4.0.0/src/backend/serial/scalar_mul/precomputed_straus.rs:93:25\n   |\n86 |             let mut R: CompletedPoint = S.double();\n   |                        -------------- expected due to this type\n...\n93 |                     R = &R.to_extended() - &dynamic_lookup_tables[i].select(-t_ij as usize);\n   |                         ^^^^^^^^^^^^^^^^^^^^^^^^^^^^^^^^^^^^^^^^^^^^^^^^^^^^^^^^^^^^^^^^^^^ expected `CompletedPoint`, found `EdwardsPoint`\n\nerror[E0599]: the method `select` exists for struct `NafLookupTable8<AffineNielsPoint>`, but its trait bounds were not satisfied\n   --> /Users/graysonnocera/.cargo/registry/src/index.crates.io-6f17d22bba15001f/noah-curve25519-dalek-4.0.0/src/backend/serial/scalar_mul/precomputed_straus.rs:100:74\n    |\n100 |                     R = &R.to_extended() + &self.static_lookup_tables[i].select(t_ij as usize);\n    |                                                                          ^^^^^^ method cannot be called on `NafLookupTable8<AffineNielsPoint>` due to unsatisfied trait bounds\n    |\n   ::: /Users/graysonnocera/.cargo/registry/src/index.crates.io-6f17d22bba15001f/noah-curve25519-dalek-4.0.0/src/backend/serial/curve_models/mod.rs:185:1\n    |\n185 | pub struct AffineNielsPoint {\n    | --------------------------- doesn't satisfy `AffineNielsPoint: Sized`\n    |\n   ::: /Users/graysonnocera/.cargo/registry/src/index.crates.io-6f17d22bba15001f/noah-curve25519-dalek-4.0.0/src/window.rs:184:1\n    |\n184 | pub(crate) struct NafLookupTable8<T>(pub(crate) [T; 64]);\n    | ------------------------------------ method `select` not found for this struct\n    |\n    = note: the following trait bounds were not satisfied:\n            `{type error}: Sized`\n            which is required by `AffineNielsPoint: Sized`\n\nerror[E0308]: mismatched types\n   --> /Users/graysonnocera/.cargo/registry/src/index.crates.io-6f17d22bba15001f/noah-curve25519-dalek-4.0.0/src/backend/serial/scalar_mul/precomputed_straus.rs:100:25\n    |\n86  |             let mut R: CompletedPoint = S.double();\n    |                        -------------- expected due to this type\n...\n100 |                     R = &R.to_extended() + &self.static_lookup_tables[i].select(t_ij as usize);\n    |                         ^^^^^^^^^^^^^^^^^^^^^^^^^^^^^^^^^^^^^^^^^^^^^^^^^^^^^^^^^^^^^^^^^^^^^^ expected `CompletedPoint`, found `EdwardsPoint`\n\nerror[E0599]: the method `select` exists for struct `NafLookupTable8<AffineNielsPoint>`, but its trait bounds were not satisfied\n   --> /Users/graysonnocera/.cargo/registry/src/index.crates.io-6f17d22bba15001f/noah-curve25519-dalek-4.0.0/src/backend/serial/scalar_mul/precomputed_straus.rs:102:74\n    |\n102 |                     R = &R.to_extended() - &self.static_lookup_tables[i].select(-t_ij as usize);\n    |                                                                          ^^^^^^ method cannot be called on `NafLookupTable8<AffineNielsPoint>` due to unsatisfied trait bounds\n    |\n   ::: /Users/graysonnocera/.cargo/registry/src/index.crates.io-6f17d22bba15001f/noah-curve25519-dalek-4.0.0/src/backend/serial/curve_models/mod.rs:185:1\n    |\n185 | pub struct AffineNielsPoint {\n    | --------------------------- doesn't satisfy `AffineNielsPoint: Sized`\n    |\n   ::: /Users/graysonnocera/.cargo/registry/src/index.crates.io-6f17d22bba15001f/noah-curve25519-dalek-4.0.0/src/window.rs:184:1\n    |\n184 | pub(crate) struct NafLookupTable8<T>(pub(crate) [T; 64]);\n    | ------------------------------------ method `select` not found for this struct\n    |\n    = note: the following trait bounds were not satisfied:\n            `{type error}: Sized`\n            which is required by `AffineNielsPoint: Sized`\n\nerror[E0308]: mismatched types\n   --> /Users/graysonnocera/.cargo/registry/src/index.crates.io-6f17d22bba15001f/noah-curve25519-dalek-4.0.0/src/backend/serial/scalar_mul/precomputed_straus.rs:102:25\n    |\n86  |             let mut R: CompletedPoint = S.double();\n    |                        -------------- expected due to this type\n...\n102 |                     R = &R.to_extended() - &self.static_lookup_tables[i].select(-t_ij as usize);\n    |                         ^^^^^^^^^^^^^^^^^^^^^^^^^^^^^^^^^^^^^^^^^^^^^^^^^^^^^^^^^^^^^^^^^^^^^^^ expected `CompletedPoint`, found `EdwardsPoint`\n\nerror[E0599]: the method `map` exists for enum `Option<EdwardsPoint>`, but its trait bounds were not satisfied\n   --> /Users/graysonnocera/.cargo/registry/src/index.crates.io-6f17d22bba15001f/noah-curve25519-dalek-4.0.0/src/backend/serial/scalar_mul/pippenger.rs:100:24\n    |\n100 |             .map(|p| p.map(|P| P.to_projective_niels()));\n    |                        ^^^ method cannot be called on `Option<EdwardsPoint>` due to unsatisfied trait bounds\n    |\n   ::: /Users/graysonnocera/.cargo/registry/src/index.crates.io-6f17d22bba15001f/noah-curve25519-dalek-4.0.0/src/edwards.rs:338:1\n    |\n338 | pub struct EdwardsPoint {\n    | ----------------------- doesn't satisfy `EdwardsPoint: Sized`\n    |\n   ::: /Users/graysonnocera/.rustup/toolchains/stable-aarch64-apple-darwin/lib/rustlib/src/rust/library/core/src/option.rs:574:1\n    |\n574 | pub enum Option<T> {\n    | ------------------ doesn't satisfy `Option<EdwardsPoint>: Iterator`\n    |\n    = note: the following trait bounds were not satisfied:\n            `{type error}: Sized`\n            which is required by `EdwardsPoint: Sized`\n            `Option<EdwardsPoint>: Iterator`\n            which is required by `&mut Option<EdwardsPoint>: Iterator`\n\nerror[E0599]: `Map<Range<usize>, {closure@pippenger.rs:110:18}>` is not an iterator\n   --> /Users/graysonnocera/.cargo/registry/src/index.crates.io-6f17d22bba15001f/noah-curve25519-dalek-4.0.0/src/backend/serial/scalar_mul/pippenger.rs:111:14\n    |\n109 |           let mut buckets: Vec<_> = (0..buckets_count)\n    |  ___________________________________-\n110 | |             .map(|_| EdwardsPoint::identity())\n111 | |             .collect();\n    | |             -^^^^^^^ `Map<Range<usize>, {closure@pippenger.rs:110:18}>` is not an iterator\n    | |_____________|\n    |\n    |\n   ::: /Users/graysonnocera/.rustup/toolchains/stable-aarch64-apple-darwin/lib/rustlib/src/rust/library/core/src/iter/adapters/map.rs:62:1\n    |\n62  |   pub struct Map<I, F> {\n    |   -------------------- doesn't satisfy `_: Iterator`\n    |\n    = note: the full type name has been written to '/Users/graysonnocera/Downloads/695-Project/dataset/nostd-failed-crates/crates/noah-ed25519-dalek-4.0.0/target/thumbv7m-none-eabi/debug/deps/noah_curve25519_dalek-6b9bfbd5386bcd0a.long-type-1372609955812603777.txt'\n    = note: consider using `--verbose` to print the full type name to the console\n    = note: the full name for the type has been written to '/Users/graysonnocera/Downloads/695-Project/dataset/nostd-failed-crates/crates/noah-ed25519-dalek-4.0.0/target/thumbv7m-none-eabi/debug/deps/noah_curve25519_dalek-6b9bfbd5386bcd0a.long-type-1372609955812603777.txt'\n    = note: consider using `--verbose` to print the full type name to the console\n    = note: the following trait bounds were not satisfied:\n            `Map<core::ops::Range<usize>, {closure@/Users/graysonnocera/.cargo/registry/src/index.crates.io-6f17d22bba15001f/noah-curve25519-dalek-4.0.0/src/backend/serial/scalar_mul/pippenger.rs:110:18: 110:21}>: Iterator`\n            which is required by `&mut Map<core::ops::Range<usize>, {closure@/Users/graysonnocera/.cargo/registry/src/index.crates.io-6f17d22bba15001f/noah-curve25519-dalek-4.0.0/src/backend/serial/scalar_mul/pippenger.rs:110:18: 110:21}>: Iterator`\n\nSome errors have detailed explanations: E0308, E0412, E0425, E0432, E0433, E0599.\nFor more information about an error, try `rustc --explain E0308`.\nerror: could not compile `noah-curve25519-dalek` (lib) due to 165 previous errors\n",
      "stdout": ""
    },
    "features": [
      "alloc",
      "std"
    ],
    "project": "../../../Downloads/695-Project/dataset/nostd-failed-crates/crates/noah-ed25519-dalek-4.0.0/src",
    "time_to_build": 442,
    "time_to_solve": 99
  }
]